[01五月2023 14:45:59.819] [main/INFO] [cpw.mods.modlauncher.Launcher/MODLAUNCHER]: ModLauncher running: args [--username, Ma_zB, --version, tales of silent, --gameDir, D:\我的世界\PCL\.minecraft\versions\tales of silent, --assetsDir, D:\我的世界\PCL\.minecraft\assets, --assetIndex, 1.16, --uuid, 392846e7102c4f8497f4fdc2c527e960, --accessToken, ????????, --userType, msa, --versionType, PCL, --width, 854, --height, 480, --launchTarget, fmlclient, --fml.forgeVersion, 36.2.35, --fml.mcVersion, 1.16.5, --fml.forgeGroup, net.minecraftforge, --fml.mcpVersion, 20210115.111550]
[01五月2023 14:45:59.822] [main/INFO] [cpw.mods.modlauncher.Launcher/MODLAUNCHER]: ModLauncher 8.1.3+8.1.3+main-8.1.x.c94d18ec starting: java version 1.8.0_281 by Oracle Corporation
[01五月2023 14:46:00.351] [main/INFO] [net.minecraftforge.fml.loading.FixSSL/CORE]: Added Lets Encrypt root certificates as additional trust
[01五月2023 14:46:00.386] [main/INFO] [mixin/]: SpongePowered MIXIN Subsystem Version=0.8.4 Source=file:/D:/我的世界/PCL/.minecraft/libraries/org/spongepowered/mixin/0.8.4/mixin-0.8.4.jar Service=ModLauncher Env=CLIENT
[01五月2023 14:46:02.353] [main/INFO] [STDERR/]: [org.antlr.v4.runtime.ConsoleErrorListener:syntaxError:38]: line 2:60 token recognition error at: ';'
[01五月2023 14:46:02.369] [main/INFO] [STDERR/]: [org.antlr.v4.runtime.ConsoleErrorListener:syntaxError:38]: line 2:141 token recognition error at: ';'
[01五月2023 14:46:02.382] [main/INFO] [STDERR/]: [org.antlr.v4.runtime.ConsoleErrorListener:syntaxError:38]: line 2:141 token recognition error at: ';'
[01五月2023 14:46:02.382] [main/INFO] [STDERR/]: [org.antlr.v4.runtime.ConsoleErrorListener:syntaxError:38]: line 4:60 token recognition error at: ';'
[01五月2023 14:46:03.755] [main/ERROR] [mixin/]: Mixin config mixins.skillcloaks.json does not specify "minVersion" property
[01五月2023 14:46:03.789] [main/ERROR] [mixin/]: Mixin config antiqueatlas.mixins.json does not specify "minVersion" property
[01五月2023 14:46:03.791] [main/ERROR] [mixin/]: Mixin config radon.mixins.json does not specify "minVersion" property
[01五月2023 14:46:03.827] [main/ERROR] [mixin/]: Mixin config unionlib.mixins.json does not specify "minVersion" property
[01五月2023 14:46:04.026] [main/INFO] [mixin/]: Successfully loaded Mixin Connector [org.infernalstudios.infernalexp.mixin.MixinConnector]
[01五月2023 14:46:04.028] [main/INFO] [mixin/]: Successfully loaded Mixin Connector [someoneelse.betternetherreforged.mixin.MixinConnector]
[01五月2023 14:46:04.029] [main/INFO] [mixin/]: Successfully loaded Mixin Connector [tictim.paraglider.MixinConnector]
[01五月2023 14:46:04.031] [main/INFO] [mixin/]: Successfully loaded Mixin Connector [shetiphian.core.mixins.MixinConnector]
[01五月2023 14:46:04.033] [main/INFO] [mixin/]: Successfully loaded Mixin Connector [vazkii.botania.common.MixinConnector]
[01五月2023 14:46:04.035] [main/INFO] [mixin/]: Successfully loaded Mixin Connector [shetiphian.multibeds.mixins.MixinConnector]
[01五月2023 14:46:04.037] [main/INFO] [mixin/]: Successfully loaded Mixin Connector [com.robertx22.library_of_exile.main.MixinConnector]
[01五月2023 14:46:04.040] [main/INFO] [STDERR/]: [java.lang.ThreadGroup:uncaughtException:-1]: java.lang.reflect.InvocationTargetException
[01五月2023 14:46:04.040] [main/INFO] [STDERR/]: [java.lang.ThreadGroup:uncaughtException:-1]: 	at sun.reflect.NativeMethodAccessorImpl.invoke0(Native Method)
[01五月2023 14:46:04.040] [main/INFO] [STDERR/]: [java.lang.ThreadGroup:uncaughtException:-1]: 	at sun.reflect.NativeMethodAccessorImpl.invoke(Unknown Source)
[01五月2023 14:46:04.041] [main/INFO] [STDERR/]: [java.lang.ThreadGroup:uncaughtException:-1]: 	at sun.reflect.DelegatingMethodAccessorImpl.invoke(Unknown Source)
[01五月2023 14:46:04.041] [main/INFO] [STDERR/]: [java.lang.ThreadGroup:uncaughtException:-1]: 	at java.lang.reflect.Method.invoke(Unknown Source)
[01五月2023 14:46:04.041] [main/INFO] [STDERR/]: [java.lang.ThreadGroup:uncaughtException:-1]: 	at oolloo.jlw.Wrapper.invokeMain(Wrapper.java:60)
[01五月2023 14:46:04.041] [main/INFO] [STDERR/]: [java.lang.ThreadGroup:uncaughtException:-1]: 	at oolloo.jlw.Wrapper.main(Wrapper.java:53)
[01五月2023 14:46:04.041] [main/INFO] [STDERR/]: [java.lang.ThreadGroup:uncaughtException:-1]: Caused by: java.lang.UnsupportedClassVersionError: icyllis/modernui/forge/MixinConnector has been compiled by a more recent version of the Java Runtime (class file version 55.0), this version of the Java Runtime only recognizes class file versions up to 52.0
[01五月2023 14:46:04.041] [main/INFO] [STDERR/]: [java.lang.ThreadGroup:uncaughtException:-1]: 	at java.lang.ClassLoader.defineClass1(Native Method)
[01五月2023 14:46:04.041] [main/INFO] [STDERR/]: [java.lang.ThreadGroup:uncaughtException:-1]: 	at java.lang.ClassLoader.defineClass(Unknown Source)
[01五月2023 14:46:04.042] [main/INFO] [STDERR/]: [java.lang.ThreadGroup:uncaughtException:-1]: 	at cpw.mods.modlauncher.TransformingClassLoader.loadClass(TransformingClassLoader.java:138)
[01五月2023 14:46:04.042] [main/INFO] [STDERR/]: [java.lang.ThreadGroup:uncaughtException:-1]: 	at cpw.mods.modlauncher.TransformingClassLoader.loadClass(TransformingClassLoader.java:98)
[01五月2023 14:46:04.042] [main/INFO] [STDERR/]: [java.lang.ThreadGroup:uncaughtException:-1]: 	at java.lang.ClassLoader.loadClass(Unknown Source)
[01五月2023 14:46:04.042] [main/INFO] [STDERR/]: [java.lang.ThreadGroup:uncaughtException:-1]: 	at java.lang.Class.forName0(Native Method)
[01五月2023 14:46:04.042] [main/INFO] [STDERR/]: [java.lang.ThreadGroup:uncaughtException:-1]: 	at java.lang.Class.forName(Unknown Source)
[01五月2023 14:46:04.042] [main/INFO] [STDERR/]: [java.lang.ThreadGroup:uncaughtException:-1]: 	at org.spongepowered.asm.service.modlauncher.ModLauncherClassProvider.findClass(ModLauncherClassProvider.java:67)
[01五月2023 14:46:04.042] [main/INFO] [STDERR/]: [java.lang.ThreadGroup:uncaughtException:-1]: 	at org.spongepowered.asm.launch.platform.MixinConnectorManager.loadConnectors(MixinConnectorManager.java:70)
[01五月2023 14:46:04.042] [main/INFO] [STDERR/]: [java.lang.ThreadGroup:uncaughtException:-1]: 	at org.spongepowered.asm.launch.platform.MixinConnectorManager.inject(MixinConnectorManager.java:59)
[01五月2023 14:46:04.042] [main/INFO] [STDERR/]: [java.lang.ThreadGroup:uncaughtException:-1]: 	at org.spongepowered.asm.launch.platform.MixinPlatformManager.inject(MixinPlatformManager.java:196)
[01五月2023 14:46:04.043] [main/INFO] [STDERR/]: [java.lang.ThreadGroup:uncaughtException:-1]: 	at org.spongepowered.asm.launch.MixinBootstrap.inject(MixinBootstrap.java:202)
[01五月2023 14:46:04.043] [main/INFO] [STDERR/]: [java.lang.ThreadGroup:uncaughtException:-1]: 	at org.spongepowered.asm.launch.MixinLaunchPluginLegacy.initializeLaunch(MixinLaunchPluginLegacy.java:201)
[01五月2023 14:46:04.043] [main/INFO] [STDERR/]: [java.lang.ThreadGroup:uncaughtException:-1]: 	at org.spongepowered.asm.launch.MixinLaunchPluginLegacy.initializeLaunch(MixinLaunchPluginLegacy.java:195)
[01五月2023 14:46:04.043] [main/INFO] [STDERR/]: [java.lang.ThreadGroup:uncaughtException:-1]: 	at cpw.mods.modlauncher.LaunchPluginHandler.lambda$announceLaunch$9(LaunchPluginHandler.java:97)
[01五月2023 14:46:04.043] [main/INFO] [STDERR/]: [java.lang.ThreadGroup:uncaughtException:-1]: 	at java.util.HashMap.forEach(Unknown Source)
[01五月2023 14:46:04.043] [main/INFO] [STDERR/]: [java.lang.ThreadGroup:uncaughtException:-1]: 	at cpw.mods.modlauncher.LaunchPluginHandler.announceLaunch(LaunchPluginHandler.java:97)
[01五月2023 14:46:04.043] [main/INFO] [STDERR/]: [java.lang.ThreadGroup:uncaughtException:-1]: 	at cpw.mods.modlauncher.LaunchServiceHandler.launch(LaunchServiceHandler.java:52)
[01五月2023 14:46:04.043] [main/INFO] [STDERR/]: [java.lang.ThreadGroup:uncaughtException:-1]: 	at cpw.mods.modlauncher.LaunchServiceHandler.launch(LaunchServiceHandler.java:72)
[01五月2023 14:46:04.043] [main/INFO] [STDERR/]: [java.lang.ThreadGroup:uncaughtException:-1]: 	at cpw.mods.modlauncher.Launcher.run(Launcher.java:82)
[01五月2023 14:46:04.043] [main/INFO] [STDERR/]: [java.lang.ThreadGroup:uncaughtException:-1]: 	at cpw.mods.modlauncher.Launcher.main(Launcher.java:66)
[01五月2023 14:46:04.044] [main/INFO] [STDERR/]: [java.lang.ThreadGroup:uncaughtException:-1]: 	... 6 more
