[03六月2023 14:27:00.021] [main/INFO] [cpw.mods.modlauncher.Launcher/MODLAUNCHER]: ModLauncher running: args [--username, Su_YuanB, --version, 末世工匠, --gameDir, D:\HMCL\.minecraft\versions\末世工匠, --assetsDir, D:\HMCL\.minecraft\assets, --assetIndex, 1.16, --uuid, 00000XXXXXXXXXXXXXXXXXXXXXX7DCD2, --accessToken, ????????, --userType, msa, --versionType, PCL, --width, 854, --height, 480, --launchTarget, fmlclient, --fml.forgeVersion, 36.2.39, --fml.mcVersion, 1.16.5, --fml.forgeGroup, net.minecraftforge, --fml.mcpVersion, 20210115.111550]
[03六月2023 14:27:00.026] [main/INFO] [cpw.mods.modlauncher.Launcher/MODLAUNCHER]: ModLauncher 8.1.3+8.1.3+main-8.1.x.c94d18ec starting: java version 1.8.0_51 by Oracle Corporation
[03六月2023 14:27:00.044] [main/WARN] [cpw.mods.modlauncher.SecureJarHandler/]: LEGACY JDK DETECTED, SECURED JAR HANDLING DISABLED
[03六月2023 14:27:00.647] [main/INFO] [net.minecraftforge.fml.loading.FixSSL/CORE]: Added Lets Encrypt root certificates as additional trust
[03六月2023 14:27:00.648] [main/INFO] [MixinBootstrap Launch/]: MixinBootstrap v1.1.0
[03六月2023 14:27:00.648] [main/INFO] [MixinBootstrap Launch/]: Mixin v0.8.4
[03六月2023 14:27:00.649] [main/INFO] [MixinBootstrap Launch/]: ModLauncher v8.1.3+8.1.3+main-8.1.x.c94d18ec (7.0)
[03六月2023 14:27:00.680] [main/INFO] [mixin/]: SpongePowered MIXIN Subsystem Version=0.8.4 Source=file:/D:/HMCL/.minecraft/libraries/org/spongepowered/mixin/0.8.4/mixin-0.8.4.jar Service=ModLauncher Env=CLIENT
[03六月2023 14:27:03.254] [main/INFO] [STDERR/]: [org.antlr.v4.runtime.ConsoleErrorListener:syntaxError:38]: line 13:0 token recognition error at: '`'
[03六月2023 14:27:03.315] [main/INFO] [STDERR/]: [org.antlr.v4.runtime.ConsoleErrorListener:syntaxError:38]: line 1:0 token recognition error at: '~'
[03六月2023 14:27:04.912] [main/ERROR] [mixin/]: Mixin config radon.mixins.json does not specify "minVersion" property
[03六月2023 14:27:05.146] [main/INFO] [mixin/]: Successfully loaded Mixin Connector [vazkii.botania.common.MixinConnector]
[03六月2023 14:27:05.147] [main/INFO] [STDERR/]: [java.lang.ThreadGroup:uncaughtException:1052]: java.lang.reflect.InvocationTargetException
[03六月2023 14:27:05.148] [main/INFO] [STDERR/]: [java.lang.ThreadGroup:uncaughtException:1052]: 	at sun.reflect.NativeMethodAccessorImpl.invoke0(Native Method)
[03六月2023 14:27:05.148] [main/INFO] [STDERR/]: [java.lang.ThreadGroup:uncaughtException:1052]: 	at sun.reflect.NativeMethodAccessorImpl.invoke(NativeMethodAccessorImpl.java:62)
[03六月2023 14:27:05.148] [main/INFO] [STDERR/]: [java.lang.ThreadGroup:uncaughtException:1052]: 	at sun.reflect.DelegatingMethodAccessorImpl.invoke(DelegatingMethodAccessorImpl.java:43)
[03六月2023 14:27:05.148] [main/INFO] [STDERR/]: [java.lang.ThreadGroup:uncaughtException:1052]: 	at java.lang.reflect.Method.invoke(Method.java:497)
[03六月2023 14:27:05.148] [main/INFO] [STDERR/]: [java.lang.ThreadGroup:uncaughtException:1052]: 	at oolloo.jlw.Wrapper.invokeMain(Wrapper.java:60)
[03六月2023 14:27:05.148] [main/INFO] [STDERR/]: [java.lang.ThreadGroup:uncaughtException:1052]: 	at oolloo.jlw.Wrapper.main(Wrapper.java:53)
[03六月2023 14:27:05.148] [main/INFO] [STDERR/]: [java.lang.ThreadGroup:uncaughtException:1061]: Caused by: java.lang.UnsupportedClassVersionError: icyllis/modernui/forge/MixinConnector has been compiled by a more recent version of the Java Runtime (class file version 55.0), this version of the Java Runtime only recognizes class file versions up to 52.0
[03六月2023 14:27:05.148] [main/INFO] [STDERR/]: [java.lang.ThreadGroup:uncaughtException:1061]: 	at java.lang.ClassLoader.defineClass1(Native Method)
[03六月2023 14:27:05.148] [main/INFO] [STDERR/]: [java.lang.ThreadGroup:uncaughtException:1061]: 	at java.lang.ClassLoader.defineClass(ClassLoader.java:760)
[03六月2023 14:27:05.148] [main/INFO] [STDERR/]: [java.lang.ThreadGroup:uncaughtException:1061]: 	at cpw.mods.modlauncher.TransformingClassLoader.loadClass(TransformingClassLoader.java:138)
[03六月2023 14:27:05.148] [main/INFO] [STDERR/]: [java.lang.ThreadGroup:uncaughtException:1061]: 	at cpw.mods.modlauncher.TransformingClassLoader.loadClass(TransformingClassLoader.java:98)
[03六月2023 14:27:05.148] [main/INFO] [STDERR/]: [java.lang.ThreadGroup:uncaughtException:1061]: 	at java.lang.ClassLoader.loadClass(ClassLoader.java:357)
[03六月2023 14:27:05.148] [main/INFO] [STDERR/]: [java.lang.ThreadGroup:uncaughtException:1061]: 	at java.lang.Class.forName0(Native Method)
[03六月2023 14:27:05.148] [main/INFO] [STDERR/]: [java.lang.ThreadGroup:uncaughtException:1061]: 	at java.lang.Class.forName(Class.java:348)
[03六月2023 14:27:05.148] [main/INFO] [STDERR/]: [java.lang.ThreadGroup:uncaughtException:1061]: 	at org.spongepowered.asm.service.modlauncher.ModLauncherClassProvider.findClass(ModLauncherClassProvider.java:67)
[03六月2023 14:27:05.149] [main/INFO] [STDERR/]: [java.lang.ThreadGroup:uncaughtException:1061]: 	at org.spongepowered.asm.launch.platform.MixinConnectorManager.loadConnectors(MixinConnectorManager.java:70)
[03六月2023 14:27:05.149] [main/INFO] [STDERR/]: [java.lang.ThreadGroup:uncaughtException:1061]: 	at org.spongepowered.asm.launch.platform.MixinConnectorManager.inject(MixinConnectorManager.java:59)
[03六月2023 14:27:05.149] [main/INFO] [STDERR/]: [java.lang.ThreadGroup:uncaughtException:1061]: 	at org.spongepowered.asm.launch.platform.MixinPlatformManager.inject(MixinPlatformManager.java:196)
[03六月2023 14:27:05.149] [main/INFO] [STDERR/]: [java.lang.ThreadGroup:uncaughtException:1061]: 	at org.spongepowered.asm.launch.MixinBootstrap.inject(MixinBootstrap.java:202)
[03六月2023 14:27:05.149] [main/INFO] [STDERR/]: [java.lang.ThreadGroup:uncaughtException:1061]: 	at org.spongepowered.asm.launch.MixinLaunchPluginLegacy.initializeLaunch(MixinLaunchPluginLegacy.java:201)
[03六月2023 14:27:05.149] [main/INFO] [STDERR/]: [java.lang.ThreadGroup:uncaughtException:1061]: 	at org.spongepowered.asm.launch.MixinLaunchPluginLegacy.initializeLaunch(MixinLaunchPluginLegacy.java:195)
[03六月2023 14:27:05.149] [main/INFO] [STDERR/]: [java.lang.ThreadGroup:uncaughtException:1061]: 	at cpw.mods.modlauncher.LaunchPluginHandler.lambda$announceLaunch$9(LaunchPluginHandler.java:97)
[03六月2023 14:27:05.149] [main/INFO] [STDERR/]: [java.lang.ThreadGroup:uncaughtException:1061]: 	at cpw.mods.modlauncher.LaunchPluginHandler$$Lambda$477/2122607818.accept(Unknown Source)
[03六月2023 14:27:05.149] [main/INFO] [STDERR/]: [java.lang.ThreadGroup:uncaughtException:1061]: 	at java.util.HashMap.forEach(HashMap.java:1280)
[03六月2023 14:27:05.149] [main/INFO] [STDERR/]: [java.lang.ThreadGroup:uncaughtException:1061]: 	at cpw.mods.modlauncher.LaunchPluginHandler.announceLaunch(LaunchPluginHandler.java:97)
[03六月2023 14:27:05.149] [main/INFO] [STDERR/]: [java.lang.ThreadGroup:uncaughtException:1061]: 	at cpw.mods.modlauncher.LaunchServiceHandler.launch(LaunchServiceHandler.java:52)
[03六月2023 14:27:05.149] [main/INFO] [STDERR/]: [java.lang.ThreadGroup:uncaughtException:1061]: 	at cpw.mods.modlauncher.LaunchServiceHandler.launch(LaunchServiceHandler.java:72)
[03六月2023 14:27:05.149] [main/INFO] [STDERR/]: [java.lang.ThreadGroup:uncaughtException:1061]: 	at cpw.mods.modlauncher.Launcher.run(Launcher.java:82)
[03六月2023 14:27:05.149] [main/INFO] [STDERR/]: [java.lang.ThreadGroup:uncaughtException:1061]: 	at cpw.mods.modlauncher.Launcher.main(Launcher.java:66)
[03六月2023 14:27:05.149] [main/INFO] [STDERR/]: [java.lang.ThreadGroup:uncaughtException:1061]: 	... 6 more
