[21:27:44] [main/INFO]: Loading Minecraft 1.19.4 with Fabric Loader 0.14.21
[21:27:45] [main/INFO]: Loading 74 mods:
	- appleskin 2.4.3+mc1.19.4
	   \-- cloth-config 10.0.95
	        \-- cloth-basic-math 0.6.1
	- bookshelf 18.0.2
	- clumps 10.0.0.3
	- continuity 2.0.2+1.19
	- enchdesc 15.0.1
	- fabric-api 0.83.0+1.19.4
	   |-- fabric-api-base 0.4.27+1e9487d2f4
	   |-- fabric-api-lookup-api-v1 1.6.28+504944c8f4
	   |-- fabric-biome-api-v1 13.0.9+10ce000ff4
	   |-- fabric-block-api-v1 1.0.8+e022e5d1f4
	   |-- fabric-blockrenderlayer-v1 1.1.37+10ce000ff4
	   |-- fabric-client-tags-api-v1 1.0.18+10ce000ff4
	   |-- fabric-command-api-v1 1.2.30+f71b366ff4
	   |-- fabric-command-api-v2 2.2.9+10ce000ff4
	   |-- fabric-commands-v0 0.2.47+df3654b3f4
	   |-- fabric-containers-v0 0.1.57+df3654b3f4
	   |-- fabric-content-registries-v0 3.5.12+10ce000ff4
	   |-- fabric-convention-tags-v1 1.5.2+10ce000ff4
	   |-- fabric-crash-report-info-v1 0.2.17+aeb40ebef4
	   |-- fabric-data-generation-api-v1 11.4.3+10ce000ff4
	   |-- fabric-dimensions-v1 2.1.48+10ce000ff4
	   |-- fabric-entity-events-v1 1.5.16+10ce000ff4
	   |-- fabric-events-interaction-v0 0.6.0+10ce000ff4
	   |-- fabric-events-lifecycle-v0 0.2.55+df3654b3f4
	   |-- fabric-game-rule-api-v1 1.0.35+a1ccd7bff4
	   |-- fabric-item-api-v1 2.1.20+10ce000ff4
	   |-- fabric-item-group-api-v1 3.0.8+10ce000ff4
	   |-- fabric-key-binding-api-v1 1.0.35+504944c8f4
	   |-- fabric-keybindings-v0 0.2.33+df3654b3f4
	   |-- fabric-lifecycle-events-v1 2.2.18+10ce000ff4
	   |-- fabric-loot-api-v2 1.1.30+10ce000ff4
	   |-- fabric-loot-tables-v1 1.1.34+9e7660c6f4
	   |-- fabric-message-api-v1 5.1.4+10ce000ff4
	   |-- fabric-mining-level-api-v1 2.1.42+10ce000ff4
	   |-- fabric-models-v0 0.3.33+10ce000ff4
	   |-- fabric-networking-api-v1 1.3.4+10ce000ff4
	   |-- fabric-networking-v0 0.3.44+df3654b3f4
	   |-- fabric-object-builder-api-v1 7.0.6+10ce000ff4
	   |-- fabric-particles-v1 1.0.26+10ce000ff4
	   |-- fabric-recipe-api-v1 1.0.11+10ce000ff4
	   |-- fabric-registry-sync-v0 2.2.3+10ce000ff4
	   |-- fabric-renderer-api-v1 2.3.1+10ce000ff4
	   |-- fabric-renderer-indigo 1.3.1+10ce000ff4
	   |-- fabric-renderer-registries-v1 3.2.41+df3654b3f4
	   |-- fabric-rendering-data-attachment-v1 0.3.31+10ce000ff4
	   |-- fabric-rendering-fluids-v1 3.0.24+10ce000ff4
	   |-- fabric-rendering-v0 1.1.44+df3654b3f4
	   |-- fabric-rendering-v1 2.1.4+10ce000ff4
	   |-- fabric-resource-conditions-api-v1 2.3.3+10ce000ff4
	   |-- fabric-resource-loader-v0 0.11.5+5ade3c38f4
	   |-- fabric-screen-api-v1 1.0.48+10ce000ff4
	   |-- fabric-screen-handler-api-v1 1.3.23+10ce000ff4
	   |-- fabric-sound-api-v1 1.0.11+10ce000ff4
	   |-- fabric-transfer-api-v1 3.2.1+10ce000ff4
	   \-- fabric-transitive-access-wideners-v1 3.2.0+10ce000ff4
	- fabricloader 0.14.21
	- indium 1.0.18+mc1.19.4
	- iris 1.6.1
	   |-- io_github_douira_glsl-transformer 2.0.0-pre12
	   |-- org_anarres_jcpp 1.4.14
	   \-- org_antlr_antlr4-runtime 4.11.1
	- java 17
	- jei 13.1.0.11
	- minecraft 1.19.4
	- mousetweaks 2.24
	- reeses-sodium-options 1.5.0+mc1.19.4-build.72
	- sodium 0.4.10+build.24
	- sodium-extra 0.4.18+mc1.19.4-build.100
	   |-- caffeineconfig 1.1.0+1.17
	   \-- crowdin-translate 1.4+1.19.3
	- xaerominimap 23.4.4
	- xaeroworldmap 1.30.3
[21:27:45] [main/INFO]: SpongePowered MIXIN Subsystem Version=0.8.5 Source=file:/D:/%e6%88%91%e7%9a%84%e4%b8%96%e7%95%8c/minecraft%e6%95%b0%e6%8d%ae/1.19.2/libraries/net/fabricmc/sponge-mixin/0.12.5+mixin.0.8.5/sponge-mixin-0.12.5+mixin.0.8.5.jar Service=Knot/Fabric Env=CLIENT
[21:27:45] [main/INFO]: Compatibility level set to JAVA_17
[21:27:45] [main/INFO]: Loaded configuration file for Sodium: 33 options available, 3 override(s) found
[21:27:46] [main/INFO]: Loaded configuration file for Sodium Extra: 28 options available, 0 override(s) found
[21:27:46] [main/WARN]: Error loading class: net/minecraft/class_1059$class_4007 (java.lang.ClassNotFoundException: net/minecraft/class_1059$class_4007)
[21:27:46] [main/WARN]: @Mixin target net.minecraft.class_1059$class_4007 was not found continuity.mixins.json:SpriteAtlasTextureDataMixin from mod continuity
[21:27:46] [main/WARN]: Force-disabling mixin 'features.entity.fast_render.MixinCuboid' as rule 'mixin.features.entity.fast_render' (added by mods [iris]) disables it and children
[21:27:46] [main/WARN]: Force-disabling mixin 'features.entity.fast_render.MixinModelPart' as rule 'mixin.features.entity.fast_render' (added by mods [iris]) disables it and children
[21:27:46] [main/WARN]: Force-disabling mixin 'features.gui.font.MixinGlyphRenderer' as rule 'mixin.features.gui.font' (added by mods [iris]) disables it and children
[21:27:46] [main/WARN]: Force-disabling mixin 'features.sky.MixinWorldRenderer' as rule 'mixin.features.sky' (added by mods [iris]) disables it and children
[21:27:46] [main/WARN]: Error loading class: net/minecraft/class_1059$class_4007 (java.lang.ClassNotFoundException: net/minecraft/class_1059$class_4007)
[21:27:46] [main/WARN]: Error loading class: net/minecraft/class_1058$class_4727 (java.lang.ClassNotFoundException: net/minecraft/class_1058$class_4727)
[21:27:46] [main/WARN]: Error loading class: net/minecraft/class_1059$class_4007 (java.lang.ClassNotFoundException: net/minecraft/class_1059$class_4007)
[21:27:55] [Datafixer Bootstrap/INFO]: 180 Datafixer optimizations took 203 milliseconds
[21:27:57] [Render thread/INFO]: Launching a new process to probe the system configuration!
[21:27:57] [Render thread/INFO]: OpenGL Vendor: NVIDIA Corporation
[21:27:57] [Render thread/INFO]: OpenGL Renderer: NVIDIA GeForce RTX 3060 Laptop GPU/PCIe/SSE2
[21:27:57] [Render thread/INFO]: OpenGL Version: 3.3.0 NVIDIA 535.98
[21:27:57] [Render thread/WARN]: Enabling workaround for NVIDIA graphics drivers on Windows (issue #1486)
[21:27:57] [Render thread/WARN]: One or more workarounds were enabled to prevent crashes or other issues on your system. You may need to update your graphics drivers.
[21:27:58] [Render thread/INFO]: Environment: authHost='https://authserver.mojang.com', accountsHost='https://api.mojang.com', sessionHost='https://sessionserver.mojang.com', servicesHost='https://api.minecraftservices.com', name='PROD'
[21:27:59] [Render thread/INFO]: Setting user: SanSanOvO
[21:27:59] [Render thread/INFO]: Fixing MC-151457. Crafting remainder for minecraft:pufferfish_bucket is now minecraft:bucket.
[21:27:59] [Render thread/INFO]: Fixing MC-151457. Crafting remainder for minecraft:salmon_bucket is now minecraft:bucket.
[21:27:59] [Render thread/INFO]: Fixing MC-151457. Crafting remainder for minecraft:cod_bucket is now minecraft:bucket.
[21:27:59] [Render thread/INFO]: Fixing MC-151457. Crafting remainder for minecraft:tropical_fish_bucket is now minecraft:bucket.
[21:27:59] [Render thread/INFO]: Fixing MC-151457. Crafting remainder for minecraft:axolotl_bucket is now minecraft:bucket.
[21:27:59] [Render thread/INFO]: Fixing MC-151457. Crafting remainder for minecraft:powder_snow_bucket is now minecraft:bucket.
[21:27:59] [Render thread/INFO]: Fixing MC-151457. Crafting remainder for minecraft:tadpole_bucket is now minecraft:bucket.
[21:27:59] [Render thread/ERROR]: Mixin apply for mod continuity failed continuity.mixins.json:SpriteAtlasTextureMixin from mod continuity -> net.minecraft.class_1059: org.spongepowered.asm.mixin.transformer.throwables.InvalidMixinException @Shadow method method_18164 in continuity.mixins.json:SpriteAtlasTextureMixin from mod continuity was not located in the target class net.minecraft.class_1059. Using refmap continuity-refmap.json
org.spongepowered.asm.mixin.transformer.throwables.InvalidMixinException: @Shadow method method_18164 in continuity.mixins.json:SpriteAtlasTextureMixin from mod continuity was not located in the target class net.minecraft.class_1059. Using refmap continuity-refmap.json
	at org.spongepowered.asm.mixin.transformer.MixinPreProcessorStandard.attachSpecialMethod(MixinPreProcessorStandard.java:436) ~[sponge-mixin-0.12.5+mixin.0.8.5.jar:0.12.5+mixin.0.8.5]
	at org.spongepowered.asm.mixin.transformer.MixinPreProcessorStandard.attachShadowMethod(MixinPreProcessorStandard.java:412) ~[sponge-mixin-0.12.5+mixin.0.8.5.jar:0.12.5+mixin.0.8.5]
	at org.spongepowered.asm.mixin.transformer.MixinPreProcessorStandard.attachMethods(MixinPreProcessorStandard.java:340) ~[sponge-mixin-0.12.5+mixin.0.8.5.jar:0.12.5+mixin.0.8.5]
	at org.spongepowered.asm.mixin.transformer.MixinPreProcessorStandard.attach(MixinPreProcessorStandard.java:299) ~[sponge-mixin-0.12.5+mixin.0.8.5.jar:0.12.5+mixin.0.8.5]
	at org.spongepowered.asm.mixin.transformer.MixinPreProcessorStandard.createContextFor(MixinPreProcessorStandard.java:277) ~[sponge-mixin-0.12.5+mixin.0.8.5.jar:0.12.5+mixin.0.8.5]
	at org.spongepowered.asm.mixin.transformer.MixinInfo.createContextFor(MixinInfo.java:1289) ~[sponge-mixin-0.12.5+mixin.0.8.5.jar:0.12.5+mixin.0.8.5]
	at org.spongepowered.asm.mixin.transformer.MixinApplicatorStandard.apply(MixinApplicatorStandard.java:294) ~[sponge-mixin-0.12.5+mixin.0.8.5.jar:0.12.5+mixin.0.8.5]
	at org.spongepowered.asm.mixin.transformer.TargetClassContext.apply(TargetClassContext.java:421) ~[sponge-mixin-0.12.5+mixin.0.8.5.jar:0.12.5+mixin.0.8.5]
	at org.spongepowered.asm.mixin.transformer.TargetClassContext.applyMixins(TargetClassContext.java:403) ~[sponge-mixin-0.12.5+mixin.0.8.5.jar:0.12.5+mixin.0.8.5]
	at org.spongepowered.asm.mixin.transformer.MixinProcessor.applyMixins(MixinProcessor.java:363) ~[sponge-mixin-0.12.5+mixin.0.8.5.jar:0.12.5+mixin.0.8.5]
	at org.spongepowered.asm.mixin.transformer.MixinTransformer.transformClass(MixinTransformer.java:234) ~[sponge-mixin-0.12.5+mixin.0.8.5.jar:0.12.5+mixin.0.8.5]
	at org.spongepowered.asm.mixin.transformer.MixinTransformer.transformClassBytes(MixinTransformer.java:202) ~[sponge-mixin-0.12.5+mixin.0.8.5.jar:0.12.5+mixin.0.8.5]
	at net.fabricmc.loader.impl.launch.knot.KnotClassDelegate.getPostMixinClassByteArray(KnotClassDelegate.java:422) ~[fabric-loader-0.14.21.jar:?]
	at net.fabricmc.loader.impl.launch.knot.KnotClassDelegate.tryLoadClass(KnotClassDelegate.java:323) ~[fabric-loader-0.14.21.jar:?]
	at net.fabricmc.loader.impl.launch.knot.KnotClassDelegate.loadClass(KnotClassDelegate.java:218) ~[fabric-loader-0.14.21.jar:?]
	at net.fabricmc.loader.impl.launch.knot.KnotClassLoader.loadClass(KnotClassLoader.java:112) ~[fabric-loader-0.14.21.jar:?]
	at java.lang.ClassLoader.loadClass(ClassLoader.java:520) ~[?:?]
	at me.pepperbell.continuity.client.util.TextureUtil.toSpriteId(TextureUtil.java:13) ~[continuity-2.0.2+1.19.jar:?]
	at me.pepperbell.continuity.client.util.TextureUtil.<clinit>(TextureUtil.java:10) ~[continuity-2.0.2+1.19.jar:?]
	at me.pepperbell.continuity.client.properties.BaseCTMProperties.<clinit>(BaseCTMProperties.java:47) ~[continuity-2.0.2+1.19.jar:?]
	at me.pepperbell.continuity.client.ContinuityClient.createLoader(ContinuityClient.java:206) ~[continuity-2.0.2+1.19.jar:?]
	at me.pepperbell.continuity.client.ContinuityClient.onInitializeClient(ContinuityClient.java:87) ~[continuity-2.0.2+1.19.jar:?]
	at net.fabricmc.loader.impl.entrypoint.EntrypointUtils.invoke0(EntrypointUtils.java:47) ~[fabric-loader-0.14.21.jar:?]
	at net.fabricmc.loader.impl.entrypoint.EntrypointUtils.invoke(EntrypointUtils.java:35) ~[fabric-loader-0.14.21.jar:?]
	at net.fabricmc.loader.impl.game.minecraft.Hooks.startClient(Hooks.java:53) ~[fabric-loader-0.14.21.jar:?]
	at net.minecraft.class_310.<init>(class_310.java:468) ~[client-intermediary.jar:?]
	at net.minecraft.client.main.Main.main(Main.java:198) ~[1.19.4-Fabric%200.14.21-OptiFine_I4.jar:?]
	at net.fabricmc.loader.impl.game.minecraft.MinecraftGameProvider.launch(MinecraftGameProvider.java:468) ~[fabric-loader-0.14.21.jar:?]
	at net.fabricmc.loader.impl.launch.knot.Knot.launch(Knot.java:74) ~[fabric-loader-0.14.21.jar:?]
	at net.fabricmc.loader.impl.launch.knot.KnotClient.main(KnotClient.java:23) ~[fabric-loader-0.14.21.jar:?]
[21:27:59] [Render thread/INFO]: Loaded config file.
[21:27:59] [Render thread/INFO]: Saved config file.
[21:28:00] [Render thread/INFO]: [Indigo] Different rendering plugin detected; not applying Indigo.
[21:28:00] [Render thread/ERROR]: Mixin apply for mod continuity failed continuity.mixins.json:SpriteAtlasTextureMixin from mod continuity -> net.minecraft.class_1059: org.spongepowered.asm.mixin.transformer.throwables.InvalidMixinException @Shadow method method_18164 in continuity.mixins.json:SpriteAtlasTextureMixin from mod continuity was not located in the target class net.minecraft.class_1059. Using refmap continuity-refmap.json
org.spongepowered.asm.mixin.transformer.throwables.InvalidMixinException: @Shadow method method_18164 in continuity.mixins.json:SpriteAtlasTextureMixin from mod continuity was not located in the target class net.minecraft.class_1059. Using refmap continuity-refmap.json
	at org.spongepowered.asm.mixin.transformer.MixinPreProcessorStandard.attachSpecialMethod(MixinPreProcessorStandard.java:436) ~[sponge-mixin-0.12.5+mixin.0.8.5.jar:0.12.5+mixin.0.8.5]
	at org.spongepowered.asm.mixin.transformer.MixinPreProcessorStandard.attachShadowMethod(MixinPreProcessorStandard.java:412) ~[sponge-mixin-0.12.5+mixin.0.8.5.jar:0.12.5+mixin.0.8.5]
	at org.spongepowered.asm.mixin.transformer.MixinPreProcessorStandard.attachMethods(MixinPreProcessorStandard.java:340) ~[sponge-mixin-0.12.5+mixin.0.8.5.jar:0.12.5+mixin.0.8.5]
	at org.spongepowered.asm.mixin.transformer.MixinPreProcessorStandard.attach(MixinPreProcessorStandard.java:299) ~[sponge-mixin-0.12.5+mixin.0.8.5.jar:0.12.5+mixin.0.8.5]
	at org.spongepowered.asm.mixin.transformer.MixinPreProcessorStandard.createContextFor(MixinPreProcessorStandard.java:277) ~[sponge-mixin-0.12.5+mixin.0.8.5.jar:0.12.5+mixin.0.8.5]
	at org.spongepowered.asm.mixin.transformer.MixinInfo.createContextFor(MixinInfo.java:1289) ~[sponge-mixin-0.12.5+mixin.0.8.5.jar:0.12.5+mixin.0.8.5]
	at org.spongepowered.asm.mixin.transformer.MixinApplicatorStandard.apply(MixinApplicatorStandard.java:294) ~[sponge-mixin-0.12.5+mixin.0.8.5.jar:0.12.5+mixin.0.8.5]
	at org.spongepowered.asm.mixin.transformer.TargetClassContext.apply(TargetClassContext.java:421) ~[sponge-mixin-0.12.5+mixin.0.8.5.jar:0.12.5+mixin.0.8.5]
	at org.spongepowered.asm.mixin.transformer.TargetClassContext.applyMixins(TargetClassContext.java:403) ~[sponge-mixin-0.12.5+mixin.0.8.5.jar:0.12.5+mixin.0.8.5]
	at org.spongepowered.asm.mixin.transformer.MixinProcessor.applyMixins(MixinProcessor.java:363) ~[sponge-mixin-0.12.5+mixin.0.8.5.jar:0.12.5+mixin.0.8.5]
	at org.spongepowered.asm.mixin.transformer.MixinTransformer.transformClass(MixinTransformer.java:234) ~[sponge-mixin-0.12.5+mixin.0.8.5.jar:0.12.5+mixin.0.8.5]
	at org.spongepowered.asm.mixin.transformer.MixinTransformer.transformClassBytes(MixinTransformer.java:202) ~[sponge-mixin-0.12.5+mixin.0.8.5.jar:0.12.5+mixin.0.8.5]
	at net.fabricmc.loader.impl.launch.knot.KnotClassDelegate.getPostMixinClassByteArray(KnotClassDelegate.java:422) ~[fabric-loader-0.14.21.jar:?]
	at net.fabricmc.loader.impl.launch.knot.KnotClassDelegate.tryLoadClass(KnotClassDelegate.java:323) ~[fabric-loader-0.14.21.jar:?]
	at net.fabricmc.loader.impl.launch.knot.KnotClassDelegate.loadClass(KnotClassDelegate.java:218) ~[fabric-loader-0.14.21.jar:?]
	at net.fabricmc.loader.impl.launch.knot.KnotClassLoader.loadClass(KnotClassLoader.java:112) ~[fabric-loader-0.14.21.jar:?]
	at java.lang.ClassLoader.loadClass(ClassLoader.java:520) ~[?:?]
	at net.minecraft.class_4668.<clinit>(class_4668.java:261) ~[client-intermediary.jar:?]
	at net.fabricmc.fabric.api.renderer.v1.material.BlendMode.<clinit>(BlendMode.java:33) ~[fabric-renderer-api-v1-2.3.1+10ce000ff4-b950a5f0827571fe.jar:?]
	at link.infra.indium.renderer.material.MaterialViewImpl.<clinit>(MaterialViewImpl.java:31) ~[indium-1.0.18+mc1.19.4.jar:?]
	at link.infra.indium.renderer.IndiumRenderer.materialFinder(IndiumRenderer.java:49) ~[indium-1.0.18+mc1.19.4.jar:?]
	at link.infra.indium.renderer.IndiumRenderer.<clinit>(IndiumRenderer.java:32) ~[indium-1.0.18+mc1.19.4.jar:?]
	at link.infra.indium.Indium.onInitializeClient(Indium.java:119) ~[indium-1.0.18+mc1.19.4.jar:?]
	at net.fabricmc.loader.impl.entrypoint.EntrypointUtils.invoke0(EntrypointUtils.java:47) ~[fabric-loader-0.14.21.jar:?]
	at net.fabricmc.loader.impl.entrypoint.EntrypointUtils.invoke(EntrypointUtils.java:35) ~[fabric-loader-0.14.21.jar:?]
	at net.fabricmc.loader.impl.game.minecraft.Hooks.startClient(Hooks.java:53) ~[fabric-loader-0.14.21.jar:?]
	at net.minecraft.class_310.<init>(class_310.java:468) ~[client-intermediary.jar:?]
	at net.minecraft.client.main.Main.main(Main.java:198) ~[1.19.4-Fabric%200.14.21-OptiFine_I4.jar:?]
	at net.fabricmc.loader.impl.game.minecraft.MinecraftGameProvider.launch(MinecraftGameProvider.java:468) ~[fabric-loader-0.14.21.jar:?]
	at net.fabricmc.loader.impl.launch.knot.Knot.launch(Knot.java:74) ~[fabric-loader-0.14.21.jar:?]
	at net.fabricmc.loader.impl.launch.knot.KnotClient.main(KnotClient.java:23) ~[fabric-loader-0.14.21.jar:?]
[21:28:00] [Render thread/INFO]: Sending ConfigManager...
[21:28:00] [Render thread/INFO]: Sending ConfigManager took 3.705 ms
[21:28:00] [Render thread/INFO]: [STDOUT]: [Mouse Tweaks] Main.initialize()
[21:28:00] [Render thread/INFO]: [STDOUT]: [Mouse Tweaks] Initialized.
[21:28:00] [Render thread/INFO]: Loading Xaero's Minimap - Stage 1/2
[21:28:01] [Render thread/ERROR]: suppressed exception
java.net.SocketTimeoutException: Read timed out
	at jdk.internal.reflect.NativeConstructorAccessorImpl.newInstance0(Native Method) ~[?:?]
	at jdk.internal.reflect.NativeConstructorAccessorImpl.newInstance(NativeConstructorAccessorImpl.java:77) ~[?:?]
	at jdk.internal.reflect.DelegatingConstructorAccessorImpl.newInstance(DelegatingConstructorAccessorImpl.java:45) ~[?:?]
	at java.lang.reflect.Constructor.newInstanceWithCaller(Constructor.java:499) ~[?:?]
	at java.lang.reflect.Constructor.newInstance(Constructor.java:480) ~[?:?]
	at sun.net.www.protocol.http.HttpURLConnection$10.run(HttpURLConnection.java:2048) ~[?:?]
	at sun.net.www.protocol.http.HttpURLConnection$10.run(HttpURLConnection.java:2043) ~[?:?]
	at java.security.AccessController.doPrivileged(AccessController.java:569) ~[?:?]
	at sun.net.www.protocol.http.HttpURLConnection.getChainedException(HttpURLConnection.java:2042) ~[?:?]
	at sun.net.www.protocol.http.HttpURLConnection.getInputStream0(HttpURLConnection.java:1609) ~[?:?]
	at sun.net.www.protocol.http.HttpURLConnection.getInputStream(HttpURLConnection.java:1589) ~[?:?]
	at xaero.common.patreon.Patreon.checkPatreon(Patreon.java:75) ~[%5BXaero的小地图%5D%20Xaeros_Minimap_23.4.4_Fabric_1.19.4.jar:?]
	at xaero.minimap.XaeroMinimap.loadClient(XaeroMinimap.java:195) ~[%5BXaero的小地图%5D%20Xaeros_Minimap_23.4.4_Fabric_1.19.4.jar:?]
	at xaero.minimap.XaeroMinimap.onInitializeClient(XaeroMinimap.java:63) ~[%5BXaero的小地图%5D%20Xaeros_Minimap_23.4.4_Fabric_1.19.4.jar:?]
	at net.fabricmc.loader.impl.entrypoint.EntrypointUtils.invoke0(EntrypointUtils.java:47) ~[fabric-loader-0.14.21.jar:?]
	at net.fabricmc.loader.impl.entrypoint.EntrypointUtils.invoke(EntrypointUtils.java:35) ~[fabric-loader-0.14.21.jar:?]
	at net.fabricmc.loader.impl.game.minecraft.Hooks.startClient(Hooks.java:53) ~[fabric-loader-0.14.21.jar:?]
	at net.minecraft.class_310.<init>(class_310.java:468) ~[client-intermediary.jar:?]
	at net.minecraft.client.main.Main.main(Main.java:198) ~[1.19.4-Fabric%200.14.21-OptiFine_I4.jar:?]
	at net.fabricmc.loader.impl.game.minecraft.MinecraftGameProvider.launch(MinecraftGameProvider.java:468) ~[fabric-loader-0.14.21.jar:?]
	at net.fabricmc.loader.impl.launch.knot.Knot.launch(Knot.java:74) ~[fabric-loader-0.14.21.jar:?]
	at net.fabricmc.loader.impl.launch.knot.KnotClient.main(KnotClient.java:23) ~[fabric-loader-0.14.21.jar:?]
Caused by: java.net.SocketTimeoutException: Read timed out
	at sun.nio.ch.NioSocketImpl.timedRead(NioSocketImpl.java:283) ~[?:?]
	at sun.nio.ch.NioSocketImpl.implRead(NioSocketImpl.java:309) ~[?:?]
	at sun.nio.ch.NioSocketImpl.read(NioSocketImpl.java:350) ~[?:?]
	at sun.nio.ch.NioSocketImpl$1.read(NioSocketImpl.java:803) ~[?:?]
	at java.net.Socket$SocketInputStream.read(Socket.java:966) ~[?:?]
	at java.io.BufferedInputStream.fill(BufferedInputStream.java:244) ~[?:?]
	at java.io.BufferedInputStream.read1(BufferedInputStream.java:284) ~[?:?]
	at java.io.BufferedInputStream.read(BufferedInputStream.java:343) ~[?:?]
	at sun.net.www.http.HttpClient.parseHTTPHeader(HttpClient.java:791) ~[?:?]
	at sun.net.www.http.HttpClient.parseHTTP(HttpClient.java:726) ~[?:?]
	at sun.net.www.protocol.http.HttpURLConnection.getInputStream0(HttpURLConnection.java:1688) ~[?:?]
	at sun.net.www.protocol.http.HttpURLConnection.getInputStream(HttpURLConnection.java:1589) ~[?:?]
	at sun.net.www.protocol.http.HttpURLConnection.getHeaderField(HttpURLConnection.java:3221) ~[?:?]
	at java.net.URLConnection.getHeaderFieldLong(URLConnection.java:637) ~[?:?]
	at java.net.URLConnection.getContentLengthLong(URLConnection.java:509) ~[?:?]
	at xaero.common.patreon.Patreon.checkPatreon(Patreon.java:73) ~[%5BXaero的小地图%5D%20Xaeros_Minimap_23.4.4_Fabric_1.19.4.jar:?]
	... 10 more
[21:28:01] [Render thread/INFO]: Loading Xaero's World Map - Stage 1/2
