[184月2023 19:58:10.649] [main/INFO] [cpw.mods.modlauncher.Launcher/MODLAUNCHER]: ModLauncher running: args [--username, 000, --version, 1.18.2-Forge_40.2.1, --gameDir, C:\Users\Administrator\Desktop\6, --assetsDir, C:\Users\Administrator\Desktop\6\assets, --assetIndex, 1.18, --uuid, 0000000000003003998F501BCC55E4BD, --accessToken, ????????, --clientId, ${clientid}, --xuid, ${auth_xuid}, --userType, Legacy, --versionType, PCL2, --width, 854, --height, 480, --launchTarget, forgeclient, --fml.forgeVersion, 40.2.1, --fml.mcVersion, 1.18.2, --fml.forgeGroup, net.minecraftforge, --fml.mcpVersion, 20220404.173914]
[184月2023 19:58:10.657] [main/INFO] [cpw.mods.modlauncher.Launcher/MODLAUNCHER]: ModLauncher 9.1.3+9.1.3+main.9b69c82a starting: java version 17.0.1 by Microsoft
[184月2023 19:58:10.679] [main/DEBUG] [cpw.mods.modlauncher.LaunchServiceHandler/MODLAUNCHER]: Found launch services [fmlclientdev,forgeclient,minecraft,forgegametestserverdev,fmlserveruserdev,fmlclient,fmldatauserdev,forgeserverdev,forgeserveruserdev,forgeclientdev,forgeclientuserdev,forgeserver,forgedatadev,fmlserver,fmlclientuserdev,fmlserverdev,forgedatauserdev,testharness,forgegametestserveruserdev]
[184月2023 19:58:10.702] [main/DEBUG] [cpw.mods.modlauncher.NameMappingServiceHandler/MODLAUNCHER]: Found naming services : [srgtomcp]
[184月2023 19:58:10.718] [main/DEBUG] [cpw.mods.modlauncher.LaunchPluginHandler/MODLAUNCHER]: Found launch plugins: [mixin,eventbus,slf4jfixer,object_holder_definalize,runtime_enum_extender,capability_token_subclass,accesstransformer,runtimedistcleaner]
[184月2023 19:58:10.732] [main/DEBUG] [cpw.mods.modlauncher.TransformationServicesHandler/MODLAUNCHER]: Discovering transformation services
[184月2023 19:58:10.745] [main/DEBUG] [cpw.mods.modlauncher.TransformationServicesHandler/MODLAUNCHER]: Found additional transformation services from discovery services: java.util.stream.ReferencePipeline$3@1a1da881
[184月2023 19:58:10.776] [main/DEBUG] [cpw.mods.modlauncher.TransformationServicesHandler/MODLAUNCHER]: Found transformer services : [mixin,fml]
[184月2023 19:58:10.777] [main/DEBUG] [cpw.mods.modlauncher.TransformationServicesHandler/MODLAUNCHER]: Transformation services loading
[184月2023 19:58:10.777] [main/DEBUG] [cpw.mods.modlauncher.TransformationServiceDecorator/MODLAUNCHER]: Loading service mixin
[184月2023 19:58:10.778] [main/DEBUG] [cpw.mods.modlauncher.TransformationServiceDecorator/MODLAUNCHER]: Loaded service mixin
[184月2023 19:58:10.778] [main/DEBUG] [cpw.mods.modlauncher.TransformationServiceDecorator/MODLAUNCHER]: Loading service fml
[184月2023 19:58:10.783] [main/DEBUG] [net.minecraftforge.fml.loading.LauncherVersion/CORE]: Found FMLLauncher version 1.0
[184月2023 19:58:10.783] [main/DEBUG] [net.minecraftforge.fml.loading.FMLLoader/CORE]: FML 1.0 loading
[184月2023 19:58:10.784] [main/DEBUG] [net.minecraftforge.fml.loading.FMLLoader/CORE]: FML found ModLauncher version : 9.1.3+9.1.3+main.9b69c82a
[184月2023 19:58:10.790] [main/DEBUG] [net.minecraftforge.fml.loading.FMLLoader/CORE]: FML found AccessTransformer version : 8.0.4+66+master.c09db6d7
[184月2023 19:58:10.792] [main/DEBUG] [net.minecraftforge.fml.loading.FMLLoader/CORE]: FML found EventBus version : 5.0.3+70+master.d7d405b
[184月2023 19:58:10.793] [main/DEBUG] [net.minecraftforge.fml.loading.FMLLoader/CORE]: Found Runtime Dist Cleaner
[184月2023 19:58:10.795] [main/DEBUG] [net.minecraftforge.fml.loading.FMLLoader/CORE]: FML found CoreMod version : 5.0.1+15+master.dc5a2922
[184月2023 19:58:10.796] [main/DEBUG] [net.minecraftforge.fml.loading.FMLLoader/CORE]: Found ForgeSPI package implementation version 4.0.15-4.x+4.0.15-4.x+4.x.038e91c0
[184月2023 19:58:10.796] [main/DEBUG] [net.minecraftforge.fml.loading.FMLLoader/CORE]: Found ForgeSPI package specification 4
[184月2023 19:58:10.800] [main/DEBUG] [cpw.mods.modlauncher.TransformationServiceDecorator/MODLAUNCHER]: Loaded service fml
[184月2023 19:58:10.809] [main/DEBUG] [cpw.mods.modlauncher.TransformationServicesHandler/MODLAUNCHER]: Configuring option handling for services
[184月2023 19:58:10.840] [main/DEBUG] [cpw.mods.modlauncher.TransformationServicesHandler/MODLAUNCHER]: Transformation services initializing
[184月2023 19:58:10.841] [main/DEBUG] [cpw.mods.modlauncher.TransformationServiceDecorator/MODLAUNCHER]: Initializing transformation service mixin
[184月2023 19:58:10.933] [main/DEBUG] [mixin/]: MixinService [ModLauncher] was successfully booted in cpw.mods.cl.ModuleClassLoader@130161f7
[184月2023 19:58:10.981] [main/INFO] [mixin/]: SpongePowered MIXIN Subsystem Version=0.8.5 Source=union:/C:/Users/Administrator/Desktop/6/libraries/org/spongepowered/mixin/0.8.5/mixin-0.8.5.jar%2348!/ Service=ModLauncher Env=CLIENT
[184月2023 19:58:10.989] [main/DEBUG] [mixin/]: Initialising Mixin Platform Manager
[184月2023 19:58:10.990] [main/DEBUG] [mixin/]: Adding mixin platform agents for container ModLauncher Root Container(ModLauncher:4f56a0a2)
[184月2023 19:58:10.992] [main/DEBUG] [mixin/]: Instancing new MixinPlatformAgentMinecraftForge for ModLauncher Root Container(ModLauncher:4f56a0a2)
[184月2023 19:58:10.993] [main/DEBUG] [mixin/]: MixinPlatformAgentMinecraftForge rejected container ModLauncher Root Container(ModLauncher:4f56a0a2)
[184月2023 19:58:10.995] [main/DEBUG] [mixin/]: Instancing new MixinPlatformAgentDefault for ModLauncher Root Container(ModLauncher:4f56a0a2)
[184月2023 19:58:10.995] [main/DEBUG] [mixin/]: MixinPlatformAgentDefault accepted container ModLauncher Root Container(ModLauncher:4f56a0a2)
[184月2023 19:58:10.999] [main/DEBUG] [cpw.mods.modlauncher.TransformationServiceDecorator/MODLAUNCHER]: Initialized transformation service mixin
[184月2023 19:58:10.999] [main/DEBUG] [cpw.mods.modlauncher.TransformationServiceDecorator/MODLAUNCHER]: Initializing transformation service fml
[184月2023 19:58:11.000] [main/DEBUG] [net.minecraftforge.fml.loading.FMLServiceProvider/CORE]: Setting up basic FML game directories
[184月2023 19:58:11.001] [main/DEBUG] [net.minecraftforge.fml.loading.FileUtils/CORE]: Found existing GAMEDIR directory : C:\Users\Administrator\Desktop\6
[184月2023 19:58:11.003] [main/DEBUG] [net.minecraftforge.fml.loading.FMLPaths/CORE]: Path GAMEDIR is C:\Users\Administrator\Desktop\6
[184月2023 19:58:11.003] [main/DEBUG] [net.minecraftforge.fml.loading.FileUtils/CORE]: Found existing MODSDIR directory : C:\Users\Administrator\Desktop\6\mods
[184月2023 19:58:11.003] [main/DEBUG] [net.minecraftforge.fml.loading.FMLPaths/CORE]: Path MODSDIR is C:\Users\Administrator\Desktop\6\mods
[184月2023 19:58:11.004] [main/DEBUG] [net.minecraftforge.fml.loading.FileUtils/CORE]: Found existing CONFIGDIR directory : C:\Users\Administrator\Desktop\6\config
[184月2023 19:58:11.005] [main/DEBUG] [net.minecraftforge.fml.loading.FMLPaths/CORE]: Path CONFIGDIR is C:\Users\Administrator\Desktop\6\config
[184月2023 19:58:11.005] [main/DEBUG] [net.minecraftforge.fml.loading.FMLPaths/CORE]: Path FMLCONFIG is C:\Users\Administrator\Desktop\6\config\fml.toml
[184月2023 19:58:11.005] [main/DEBUG] [net.minecraftforge.fml.loading.FMLServiceProvider/CORE]: Loading configuration
[184月2023 19:58:11.117] [main/DEBUG] [net.minecraftforge.fml.loading.FileUtils/CORE]: Found existing default config directory directory : C:\Users\Administrator\Desktop\6\defaultconfigs
[184月2023 19:58:11.117] [main/DEBUG] [net.minecraftforge.fml.loading.FMLServiceProvider/CORE]: Preparing ModFile
[184月2023 19:58:11.122] [main/DEBUG] [net.minecraftforge.fml.loading.FMLServiceProvider/CORE]: Preparing launch handler
[184月2023 19:58:11.122] [main/DEBUG] [net.minecraftforge.fml.loading.FMLLoader/CORE]: Using forgeclient as launch service
[184月2023 19:58:11.170] [main/DEBUG] [net.minecraftforge.fml.loading.FMLLoader/CORE]: Received command line version data  : VersionInfo[forgeVersion=40.2.1, mcVersion=1.18.2, mcpVersion=20220404.173914, forgeGroup=net.minecraftforge]
[184月2023 19:58:11.175] [main/DEBUG] [cpw.mods.modlauncher.TransformationServiceDecorator/MODLAUNCHER]: Initialized transformation service fml
[184月2023 19:58:11.176] [main/DEBUG] [cpw.mods.modlauncher.NameMappingServiceHandler/MODLAUNCHER]: Current naming domain is 'srg'
[184月2023 19:58:11.177] [main/DEBUG] [cpw.mods.modlauncher.NameMappingServiceHandler/MODLAUNCHER]: Identified name mapping providers {}
[184月2023 19:58:11.177] [main/DEBUG] [cpw.mods.modlauncher.TransformationServicesHandler/MODLAUNCHER]: Transformation services begin scanning
[184月2023 19:58:11.178] [main/DEBUG] [cpw.mods.modlauncher.TransformationServiceDecorator/MODLAUNCHER]: Beginning scan trigger - transformation service mixin
[184月2023 19:58:11.179] [main/DEBUG] [cpw.mods.modlauncher.TransformationServiceDecorator/MODLAUNCHER]: End scan trigger - transformation service mixin
[184月2023 19:58:11.179] [main/DEBUG] [cpw.mods.modlauncher.TransformationServiceDecorator/MODLAUNCHER]: Beginning scan trigger - transformation service fml
[184月2023 19:58:11.179] [main/DEBUG] [net.minecraftforge.fml.loading.FMLServiceProvider/CORE]: Initiating mod scan
[184月2023 19:58:11.205] [main/DEBUG] [net.minecraftforge.fml.loading.moddiscovery.ModListHandler/CORE]: Found mod coordinates from lists: []
[184月2023 19:58:11.208] [main/DEBUG] [net.minecraftforge.fml.loading.moddiscovery.ModDiscoverer/CORE]: Found Mod Locators : (mods folder:null),(maven libs:null),(exploded directory:null),(minecraft:null),(userdev classpath:null),(JarInJar:null)
[184月2023 19:58:11.250] [main/DEBUG] [net.minecraftforge.fml.loading.moddiscovery.ModFileParser/LOADING]: Considering mod file candidate C:\Users\Administrator\Desktop\6\mods\litematica-forge-1.18.2-0.11.6-sources.jar
[184月2023 19:58:11.343] [main/DEBUG] [net.minecraftforge.fml.loading.moddiscovery.ModFileInfo/LOADING]: Found valid mod file litematica-forge-1.18.2-0.11.6-sources.jar with {litematica} mods - versions {version}
[184月2023 19:58:11.350] [main/DEBUG] [net.minecraftforge.fml.loading.moddiscovery.ModFileParser/LOADING]: Considering mod file candidate C:\Users\Administrator\Desktop\6\mods\malilib-forge-1.18.2-0.12.1-sources.jar
[184月2023 19:58:11.366] [main/DEBUG] [net.minecraftforge.fml.loading.moddiscovery.ModFileInfo/LOADING]: Found valid mod file malilib-forge-1.18.2-0.12.1-sources.jar with {malilib} mods - versions {version}
[184月2023 19:58:11.719] [main/DEBUG] [net.minecraftforge.fml.loading.moddiscovery.ModFileInfo/LOADING]: Found valid mod file client-1.18.2-20220404.173914-srg.jar with {minecraft} mods - versions {1.18.2}
[184月2023 19:58:11.903] [main/DEBUG] [net.minecraftforge.fml.loading.moddiscovery.ModFileParser/LOADING]: Considering mod file candidate C:\Users\Administrator\Desktop\6\libraries\net\minecraftforge\fmlcore\1.18.2-40.2.1\fmlcore-1.18.2-40.2.1.jar
[184月2023 19:58:11.903] [main/WARN] [net.minecraftforge.fml.loading.moddiscovery.ModFileParser/LOADING]: Mod file C:\Users\Administrator\Desktop\6\libraries\net\minecraftforge\fmlcore\1.18.2-40.2.1\fmlcore-1.18.2-40.2.1.jar is missing mods.toml file
[184月2023 19:58:11.911] [main/DEBUG] [net.minecraftforge.fml.loading.moddiscovery.ModFileParser/LOADING]: Considering mod file candidate C:\Users\Administrator\Desktop\6\libraries\net\minecraftforge\javafmllanguage\1.18.2-40.2.1\javafmllanguage-1.18.2-40.2.1.jar
[184月2023 19:58:11.911] [main/WARN] [net.minecraftforge.fml.loading.moddiscovery.ModFileParser/LOADING]: Mod file C:\Users\Administrator\Desktop\6\libraries\net\minecraftforge\javafmllanguage\1.18.2-40.2.1\javafmllanguage-1.18.2-40.2.1.jar is missing mods.toml file
[184月2023 19:58:11.918] [main/DEBUG] [net.minecraftforge.fml.loading.moddiscovery.ModFileParser/LOADING]: Considering mod file candidate C:\Users\Administrator\Desktop\6\libraries\net\minecraftforge\lowcodelanguage\1.18.2-40.2.1\lowcodelanguage-1.18.2-40.2.1.jar
[184月2023 19:58:11.918] [main/WARN] [net.minecraftforge.fml.loading.moddiscovery.ModFileParser/LOADING]: Mod file C:\Users\Administrator\Desktop\6\libraries\net\minecraftforge\lowcodelanguage\1.18.2-40.2.1\lowcodelanguage-1.18.2-40.2.1.jar is missing mods.toml file
[184月2023 19:58:11.924] [main/DEBUG] [net.minecraftforge.fml.loading.moddiscovery.ModFileParser/LOADING]: Considering mod file candidate C:\Users\Administrator\Desktop\6\libraries\net\minecraftforge\mclanguage\1.18.2-40.2.1\mclanguage-1.18.2-40.2.1.jar
[184月2023 19:58:11.924] [main/WARN] [net.minecraftforge.fml.loading.moddiscovery.ModFileParser/LOADING]: Mod file C:\Users\Administrator\Desktop\6\libraries\net\minecraftforge\mclanguage\1.18.2-40.2.1\mclanguage-1.18.2-40.2.1.jar is missing mods.toml file
[184月2023 19:58:11.970] [main/DEBUG] [net.minecraftforge.fml.loading.moddiscovery.ModFileParser/LOADING]: Considering mod file candidate C:\Users\Administrator\Desktop\6\libraries\net\minecraftforge\forge\1.18.2-40.2.1\forge-1.18.2-40.2.1-universal.jar
[184月2023 19:58:11.976] [main/DEBUG] [net.minecraftforge.fml.loading.moddiscovery.ModFileInfo/LOADING]: Found valid mod file forge-1.18.2-40.2.1-universal.jar with {forge} mods - versions {40.2.1}
[184月2023 19:58:12.024] [main/DEBUG] [net.minecraftforge.fml.loading.moddiscovery.AbstractJarFileDependencyLocator/]: Failed to load resource META-INF\jarjar\metadata.json from client-1.18.2-20220404.173914-srg.jar, it does not contain dependency information.
[184月2023 19:58:12.024] [main/DEBUG] [net.minecraftforge.fml.loading.moddiscovery.AbstractJarFileDependencyLocator/]: Failed to load resource META-INF\jarjar\metadata.json from malilib-forge-1.18.2-0.12.1-sources.jar, it does not contain dependency information.
[184月2023 19:58:12.025] [main/DEBUG] [net.minecraftforge.fml.loading.moddiscovery.AbstractJarFileDependencyLocator/]: Failed to load resource META-INF\jarjar\metadata.json from forge-1.18.2-40.2.1-universal.jar, it does not contain dependency information.
[184月2023 19:58:12.026] [main/DEBUG] [net.minecraftforge.fml.loading.moddiscovery.AbstractJarFileDependencyLocator/]: Failed to load resource META-INF\jarjar\metadata.json from litematica-forge-1.18.2-0.11.6-sources.jar, it does not contain dependency information.
[184月2023 19:58:12.026] [main/DEBUG] [net.minecraftforge.fml.loading.moddiscovery.AbstractJarFileDependencyLocator/]: Failed to load resource META-INF\jarjar\metadata.json from mclanguage-1.18.2-40.2.1.jar, it does not contain dependency information.
[184月2023 19:58:12.027] [main/DEBUG] [net.minecraftforge.fml.loading.moddiscovery.AbstractJarFileDependencyLocator/]: Failed to load resource META-INF\jarjar\metadata.json from javafmllanguage-1.18.2-40.2.1.jar, it does not contain dependency information.
[184月2023 19:58:12.027] [main/DEBUG] [net.minecraftforge.fml.loading.moddiscovery.AbstractJarFileDependencyLocator/]: Failed to load resource META-INF\jarjar\metadata.json from fmlcore-1.18.2-40.2.1.jar, it does not contain dependency information.
[184月2023 19:58:12.027] [main/DEBUG] [net.minecraftforge.fml.loading.moddiscovery.AbstractJarFileDependencyLocator/]: Failed to load resource META-INF\jarjar\metadata.json from lowcodelanguage-1.18.2-40.2.1.jar, it does not contain dependency information.
[184月2023 19:58:12.069] [main/INFO] [net.minecraftforge.fml.loading.moddiscovery.JarInJarDependencyLocator/]: No dependencies to load found. Skipping!
[184月2023 19:58:12.071] [main/DEBUG] [net.minecraftforge.fml.loading.moddiscovery.ModFileInfo/LOADING]: Found valid mod file client-1.18.2-20220404.173914-srg.jar with {minecraft} mods - versions {1.18.2}
[184月2023 19:58:12.076] [main/DEBUG] [net.minecraftforge.fml.loading.moddiscovery.ModFile/LOADING]: Loading mod file C:\Users\Administrator\Desktop\6\libraries\net\minecraft\client\1.18.2-20220404.173914\client-1.18.2-20220404.173914-srg.jar with languages [LanguageSpec[languageName=minecraft, acceptedVersions=1]]
[184月2023 19:58:12.078] [main/DEBUG] [net.minecraftforge.fml.loading.moddiscovery.ModFileParser/LOADING]: Considering mod file candidate C:\Users\Administrator\Desktop\6\mods\malilib-forge-1.18.2-0.12.1-sources.jar
[184月2023 19:58:12.079] [main/DEBUG] [net.minecraftforge.fml.loading.moddiscovery.ModFileInfo/LOADING]: Found valid mod file malilib-forge-1.18.2-0.12.1-sources.jar with {malilib} mods - versions {version}
[184月2023 19:58:12.079] [main/DEBUG] [net.minecraftforge.fml.loading.moddiscovery.ModFile/LOADING]: Loading mod file C:\Users\Administrator\Desktop\6\mods\malilib-forge-1.18.2-0.12.1-sources.jar with languages [LanguageSpec[languageName=javafml, acceptedVersions=[40,)]]
[184月2023 19:58:12.080] [main/DEBUG] [net.minecraftforge.fml.loading.moddiscovery.ModFileParser/LOADING]: Considering mod file candidate C:\Users\Administrator\Desktop\6\libraries\net\minecraftforge\forge\1.18.2-40.2.1\forge-1.18.2-40.2.1-universal.jar
[184月2023 19:58:12.081] [main/DEBUG] [net.minecraftforge.fml.loading.moddiscovery.ModFileInfo/LOADING]: Found valid mod file forge-1.18.2-40.2.1-universal.jar with {forge} mods - versions {40.2.1}
[184月2023 19:58:12.081] [main/DEBUG] [net.minecraftforge.fml.loading.moddiscovery.ModFile/LOADING]: Loading mod file C:\Users\Administrator\Desktop\6\libraries\net\minecraftforge\forge\1.18.2-40.2.1\forge-1.18.2-40.2.1-universal.jar with languages [LanguageSpec[languageName=javafml, acceptedVersions=[24,]]]
[184月2023 19:58:12.157] [main/DEBUG] [net.minecraftforge.fml.loading.moddiscovery.ModFileParser/LOADING]: Found coremod field_to_method with Javascript path coremods/field_to_method.js
[184月2023 19:58:12.158] [main/DEBUG] [net.minecraftforge.fml.loading.moddiscovery.ModFileParser/LOADING]: Found coremod field_to_instanceof with Javascript path coremods/field_to_instanceof.js
[184月2023 19:58:12.160] [main/DEBUG] [net.minecraftforge.fml.loading.moddiscovery.ModFileParser/LOADING]: Found coremod add_bouncer_method with Javascript path coremods/add_bouncer_method.js
[184月2023 19:58:12.161] [main/DEBUG] [net.minecraftforge.fml.loading.moddiscovery.ModFileParser/LOADING]: Found coremod registry_object_binary_compat with Javascript path coremods/registry_object_binary_compat.js
[184月2023 19:58:12.161] [main/DEBUG] [net.minecraftforge.fml.loading.moddiscovery.ModFile/LOADING]: Found coremod coremods/field_to_method.js
[184月2023 19:58:12.161] [main/DEBUG] [net.minecraftforge.fml.loading.moddiscovery.ModFile/LOADING]: Found coremod coremods/field_to_instanceof.js
[184月2023 19:58:12.161] [main/DEBUG] [net.minecraftforge.fml.loading.moddiscovery.ModFile/LOADING]: Found coremod coremods/add_bouncer_method.js
[184月2023 19:58:12.161] [main/DEBUG] [net.minecraftforge.fml.loading.moddiscovery.ModFile/LOADING]: Found coremod coremods/registry_object_binary_compat.js
[184月2023 19:58:12.162] [main/DEBUG] [net.minecraftforge.fml.loading.moddiscovery.ModFileParser/LOADING]: Considering mod file candidate C:\Users\Administrator\Desktop\6\mods\litematica-forge-1.18.2-0.11.6-sources.jar
[184月2023 19:58:12.164] [main/DEBUG] [net.minecraftforge.fml.loading.moddiscovery.ModFileInfo/LOADING]: Found valid mod file litematica-forge-1.18.2-0.11.6-sources.jar with {litematica} mods - versions {version}
[184月2023 19:58:12.164] [main/DEBUG] [net.minecraftforge.fml.loading.moddiscovery.ModFile/LOADING]: Loading mod file C:\Users\Administrator\Desktop\6\mods\litematica-forge-1.18.2-0.11.6-sources.jar with languages [LanguageSpec[languageName=javafml, acceptedVersions=[40,)]]
[184月2023 19:58:12.166] [main/DEBUG] [cpw.mods.modlauncher.TransformationServiceDecorator/MODLAUNCHER]: End scan trigger - transformation service fml
[184月2023 19:58:12.186] [main/DEBUG] [net.minecraftforge.fml.loading.LanguageLoadingProvider/CORE]: Found 3 language providers
[184月2023 19:58:12.187] [main/DEBUG] [net.minecraftforge.fml.loading.LanguageLoadingProvider/CORE]: Found language provider minecraft, version 1.0
[184月2023 19:58:12.189] [main/DEBUG] [net.minecraftforge.fml.loading.LanguageLoadingProvider/CORE]: Found language provider lowcodefml, version 40
[184月2023 19:58:12.189] [main/DEBUG] [net.minecraftforge.fml.loading.LanguageLoadingProvider/CORE]: Found language provider javafml, version 40
[184月2023 19:58:12.198] [main/DEBUG] [net.minecraftforge.fml.loading.ModSorter/]: Configured system mods: [minecraft, forge]
[184月2023 19:58:12.198] [main/DEBUG] [net.minecraftforge.fml.loading.ModSorter/]: Found system mod: minecraft
[184月2023 19:58:12.198] [main/DEBUG] [net.minecraftforge.fml.loading.ModSorter/]: Found system mod: forge
[184月2023 19:58:12.201] [main/DEBUG] [net.minecraftforge.fml.loading.ModSorter/LOADING]: Found 5 mod requirements (5 mandatory, 0 optional)
[184月2023 19:58:12.202] [main/DEBUG] [net.minecraftforge.fml.loading.ModSorter/LOADING]: Found 3 mod requirements missing (3 mandatory, 0 optional)
[184月2023 19:58:12.203] [main/ERROR] [net.minecraftforge.fml.loading.ModSorter/LOADING]: Missing or unsupported mandatory dependencies:
	Mod ID: 'malilib', Requested by: 'litematica', Expected range: '[0.12.0,)', Actual version: 'version'
	Mod ID: 'minecraft', Requested by: 'litematica', Expected range: '[${minecraft_version},${minecraft_version}]', Actual version: '1.18.2'
	Mod ID: 'minecraft', Requested by: 'malilib', Expected range: '[${minecraft_version},${minecraft_version}]', Actual version: '1.18.2'
[184月2023 19:58:12.835] [main/DEBUG] [cpw.mods.modlauncher.TransformationServicesHandler/MODLAUNCHER]: Transformation services loading transformers
[184月2023 19:58:12.835] [main/DEBUG] [cpw.mods.modlauncher.TransformationServiceDecorator/MODLAUNCHER]: Initializing transformers for transformation service mixin
[184月2023 19:58:12.836] [main/DEBUG] [cpw.mods.modlauncher.TransformationServiceDecorator/MODLAUNCHER]: Initialized transformers for transformation service mixin
[184月2023 19:58:12.836] [main/DEBUG] [cpw.mods.modlauncher.TransformationServiceDecorator/MODLAUNCHER]: Initializing transformers for transformation service fml
[184月2023 19:58:12.836] [main/DEBUG] [net.minecraftforge.fml.loading.FMLServiceProvider/CORE]: Loading coremod transformers
[184月2023 19:58:12.837] [main/DEBUG] [net.minecraftforge.coremod.CoreModEngine/COREMOD]: Loading CoreMod from coremods/field_to_method.js
[184月2023 19:58:13.112] [main/DEBUG] [net.minecraftforge.coremod.CoreModEngine/COREMOD]: CoreMod loaded successfully
[184月2023 19:58:13.114] [main/DEBUG] [net.minecraftforge.coremod.CoreModEngine/COREMOD]: Loading CoreMod from coremods/field_to_instanceof.js
[184月2023 19:58:13.204] [main/DEBUG] [net.minecraftforge.coremod.CoreModEngine/COREMOD]: CoreMod loaded successfully
[184月2023 19:58:13.204] [main/DEBUG] [net.minecraftforge.coremod.CoreModEngine/COREMOD]: Loading CoreMod from coremods/add_bouncer_method.js
[184月2023 19:58:13.318] [main/DEBUG] [net.minecraftforge.coremod.CoreModEngine/COREMOD]: CoreMod loaded successfully
[184月2023 19:58:13.318] [main/DEBUG] [net.minecraftforge.coremod.CoreModEngine/COREMOD]: Loading CoreMod from coremods/registry_object_binary_compat.js
[184月2023 19:58:13.364] [main/DEBUG] [net.minecraftforge.coremod.CoreModEngine/COREMOD]: CoreMod loaded successfully
[184月2023 19:58:13.373] [main/DEBUG] [cpw.mods.modlauncher.TransformStore/MODLAUNCHER]: Adding transformer net.minecraftforge.coremod.transformer.CoreModClassTransformer@71926a36 to Target : CLASS {Lnet/minecraft/world/effect/MobEffectInstance;} {} {V}
[184月2023 19:58:13.377] [main/DEBUG] [cpw.mods.modlauncher.TransformStore/MODLAUNCHER]: Adding transformer net.minecraftforge.coremod.transformer.CoreModClassTransformer@1a6dc589 to Target : CLASS {Lnet/minecraft/world/level/block/LiquidBlock;} {} {V}
[184月2023 19:58:13.377] [main/DEBUG] [cpw.mods.modlauncher.TransformStore/MODLAUNCHER]: Adding transformer net.minecraftforge.coremod.transformer.CoreModClassTransformer@697a34af to Target : CLASS {Lnet/minecraft/world/item/BucketItem;} {} {V}
[184月2023 19:58:13.377] [main/DEBUG] [cpw.mods.modlauncher.TransformStore/MODLAUNCHER]: Adding transformer net.minecraftforge.coremod.transformer.CoreModClassTransformer@70211df5 to Target : CLASS {Lnet/minecraft/world/level/block/StairBlock;} {} {V}
[184月2023 19:58:13.377] [main/DEBUG] [cpw.mods.modlauncher.TransformStore/MODLAUNCHER]: Adding transformer net.minecraftforge.coremod.transformer.CoreModClassTransformer@4c5228e7 to Target : CLASS {Lnet/minecraft/world/level/block/FlowerPotBlock;} {} {V}
[184月2023 19:58:13.379] [main/DEBUG] [cpw.mods.modlauncher.TransformStore/MODLAUNCHER]: Adding transformer net.minecraftforge.coremod.transformer.CoreModClassTransformer@38e7ed69 to Target : CLASS {Lnet/minecraft/world/item/ItemStack;} {} {V}
[184月2023 19:58:13.379] [main/DEBUG] [cpw.mods.modlauncher.TransformStore/MODLAUNCHER]: Adding transformer net.minecraftforge.coremod.transformer.CoreModClassTransformer@806996 to Target : CLASS {Lnet/minecraft/network/play/client/CClientSettingsPacket;} {} {V}
[184月2023 19:58:13.379] [main/DEBUG] [cpw.mods.modlauncher.TransformStore/MODLAUNCHER]: Adding transformer net.minecraftforge.coremod.transformer.CoreModClassTransformer@78b612c6 to Target : CLASS {Lnet/minecraftforge/registries/RegistryObject;} {} {V}
[184月2023 19:58:13.380] [main/DEBUG] [cpw.mods.modlauncher.TransformationServiceDecorator/MODLAUNCHER]: Initialized transformers for transformation service fml
