[056月2023 08:27:15.290] [main/INFO] [cpw.mods.modlauncher.Launcher/MODLAUNCHER]: ModLauncher running: args [--username, Pinetum_KFZ, --version, 1.18.2, --gameDir, C:\Users\Pinetum\AppData\Roaming\.minecraft\versions\1.18.2, --assetsDir, C:\Users\Pinetum\AppData\Roaming\.minecraft\assets, --assetIndex, 1.18, --uuid, c4ebe5086f69444b82a830754e119070, --accessToken, ????????, --clientId, ${clientid}, --xuid, ${auth_xuid}, --userType, msa, --versionType, Pinetum, --width, 2198, --height, 1320, --launchTarget, forgeclient, --fml.forgeVersion, 40.2.0, --fml.mcVersion, 1.18.2, --fml.forgeGroup, net.minecraftforge, --fml.mcpVersion, 20220404.173914, --tweakClass, optifine.OptiFineForgeTweaker]
[056月2023 08:27:15.295] [main/INFO] [cpw.mods.modlauncher.Launcher/MODLAUNCHER]: ModLauncher 9.1.3+9.1.3+main.9b69c82a starting: java version 17.0.2 by Eclipse Adoptium
[056月2023 08:27:15.345] [main/DEBUG] [cpw.mods.modlauncher.LaunchServiceHandler/MODLAUNCHER]: Found launch services [fmlclientdev,forgeclient,minecraft,forgegametestserverdev,fmlserveruserdev,fmlclient,fmldatauserdev,forgeserverdev,forgeserveruserdev,forgeclientdev,forgeclientuserdev,forgeserver,forgedatadev,fmlserver,fmlclientuserdev,fmlserverdev,forgedatauserdev,testharness,forgegametestserveruserdev]
[056月2023 08:27:15.409] [main/DEBUG] [cpw.mods.modlauncher.NameMappingServiceHandler/MODLAUNCHER]: Found naming services : [srgtomcp]
[056月2023 08:27:15.452] [main/DEBUG] [cpw.mods.modlauncher.LaunchPluginHandler/MODLAUNCHER]: Found launch plugins: [mixin,eventbus,slf4jfixer,object_holder_definalize,runtime_enum_extender,capability_token_subclass,accesstransformer,runtimedistcleaner]
[056月2023 08:27:15.500] [main/DEBUG] [cpw.mods.modlauncher.TransformationServicesHandler/MODLAUNCHER]: Discovering transformation services
[056月2023 08:27:15.686] [main/DEBUG] [cpw.mods.modlauncher.TransformationServicesHandler/MODLAUNCHER]: Found additional transformation services from discovery services: java.util.stream.ReferencePipeline$3@7a560583
[056月2023 08:27:15.747] [main/DEBUG] [cpw.mods.modlauncher.TransformationServicesHandler/MODLAUNCHER]: Found transformer services : [mixin,OptiFine,fml,I18nUpdateMod]
[056月2023 08:27:15.747] [main/DEBUG] [cpw.mods.modlauncher.TransformationServicesHandler/MODLAUNCHER]: Transformation services loading
[056月2023 08:27:15.749] [main/DEBUG] [cpw.mods.modlauncher.TransformationServiceDecorator/MODLAUNCHER]: Loading service mixin
[056月2023 08:27:15.749] [main/DEBUG] [cpw.mods.modlauncher.TransformationServiceDecorator/MODLAUNCHER]: Loaded service mixin
[056月2023 08:27:15.749] [main/DEBUG] [cpw.mods.modlauncher.TransformationServiceDecorator/MODLAUNCHER]: Loading service OptiFine
[056月2023 08:27:15.749] [main/INFO] [optifine.OptiFineTransformationService/]: OptiFineTransformationService.onLoad
[056月2023 08:27:15.754] [main/INFO] [optifine.OptiFineTransformationService/]: OptiFine ZIP file URL: union:/C:/Users/Pinetum/AppData/Roaming/.minecraft/libraries/optifine/OptiFine/1.18.2_HD_U_H9_pre2/OptiFine-1.18.2_HD_U_H9_pre2.jar%2352!/
[056月2023 08:27:15.758] [main/INFO] [optifine.OptiFineTransformationService/]: OptiFine ZIP file: C:\Users\Pinetum\AppData\Roaming\.minecraft\libraries\optifine\OptiFine\1.18.2_HD_U_H9_pre2\OptiFine-1.18.2_HD_U_H9_pre2.jar
[056月2023 08:27:15.765] [main/INFO] [optifine.OptiFineTransformer/]: Target.PRE_CLASS is available
[056月2023 08:27:15.778] [main/DEBUG] [cpw.mods.modlauncher.TransformationServiceDecorator/MODLAUNCHER]: Loaded service OptiFine
[056月2023 08:27:15.778] [main/DEBUG] [cpw.mods.modlauncher.TransformationServiceDecorator/MODLAUNCHER]: Loading service fml
[056月2023 08:27:15.786] [main/DEBUG] [net.minecraftforge.fml.loading.LauncherVersion/CORE]: Found FMLLauncher version 1.0
[056月2023 08:27:15.786] [main/DEBUG] [net.minecraftforge.fml.loading.FMLLoader/CORE]: FML 1.0 loading
[056月2023 08:27:15.786] [main/DEBUG] [net.minecraftforge.fml.loading.FMLLoader/CORE]: FML found ModLauncher version : 9.1.3+9.1.3+main.9b69c82a
[056月2023 08:27:15.787] [main/DEBUG] [net.minecraftforge.fml.loading.FMLLoader/CORE]: FML found AccessTransformer version : 8.0.4+66+master.c09db6d7
[056月2023 08:27:15.788] [main/DEBUG] [net.minecraftforge.fml.loading.FMLLoader/CORE]: FML found EventBus version : 5.0.3+70+master.d7d405b
[056月2023 08:27:15.788] [main/DEBUG] [net.minecraftforge.fml.loading.FMLLoader/CORE]: Found Runtime Dist Cleaner
[056月2023 08:27:15.792] [main/DEBUG] [net.minecraftforge.fml.loading.FMLLoader/CORE]: FML found CoreMod version : 5.0.1+15+master.dc5a2922
[056月2023 08:27:15.794] [main/DEBUG] [net.minecraftforge.fml.loading.FMLLoader/CORE]: Found ForgeSPI package implementation version 4.0.15-4.x+4.0.15-4.x+4.x.038e91c0
[056月2023 08:27:15.794] [main/DEBUG] [net.minecraftforge.fml.loading.FMLLoader/CORE]: Found ForgeSPI package specification 4
[056月2023 08:27:15.811] [main/DEBUG] [cpw.mods.modlauncher.TransformationServiceDecorator/MODLAUNCHER]: Loaded service fml
[056月2023 08:27:15.811] [main/DEBUG] [cpw.mods.modlauncher.TransformationServiceDecorator/MODLAUNCHER]: Loading service I18nUpdateMod
[056月2023 08:27:15.811] [main/DEBUG] [cpw.mods.modlauncher.TransformationServiceDecorator/MODLAUNCHER]: Loaded service I18nUpdateMod
[056月2023 08:27:15.829] [main/DEBUG] [cpw.mods.modlauncher.TransformationServicesHandler/MODLAUNCHER]: Configuring option handling for services
[056月2023 08:27:15.846] [main/DEBUG] [cpw.mods.modlauncher.TransformationServicesHandler/MODLAUNCHER]: Transformation services initializing
[056月2023 08:27:15.847] [main/DEBUG] [cpw.mods.modlauncher.TransformationServiceDecorator/MODLAUNCHER]: Initializing transformation service mixin
[056月2023 08:27:15.927] [main/DEBUG] [mixin/]: MixinService [ModLauncher] was successfully booted in cpw.mods.cl.ModuleClassLoader@2eda0940
[056月2023 08:27:16.037] [main/INFO] [mixin/]: SpongePowered MIXIN Subsystem Version=0.8.5 Source=union:/C:/Users/Pinetum/AppData/Roaming/.minecraft/libraries/org/spongepowered/mixin/0.8.5/mixin-0.8.5.jar%2349!/ Service=ModLauncher Env=CLIENT
[056月2023 08:27:16.049] [main/DEBUG] [mixin/]: Initialising Mixin Platform Manager
[056月2023 08:27:16.050] [main/DEBUG] [mixin/]: Adding mixin platform agents for container ModLauncher Root Container(ModLauncher:4f56a0a2)
[056月2023 08:27:16.052] [main/DEBUG] [mixin/]: Instancing new MixinPlatformAgentMinecraftForge for ModLauncher Root Container(ModLauncher:4f56a0a2)
[056月2023 08:27:16.053] [main/DEBUG] [mixin/]: MixinPlatformAgentMinecraftForge rejected container ModLauncher Root Container(ModLauncher:4f56a0a2)
[056月2023 08:27:16.055] [main/DEBUG] [mixin/]: Instancing new MixinPlatformAgentDefault for ModLauncher Root Container(ModLauncher:4f56a0a2)
[056月2023 08:27:16.055] [main/DEBUG] [mixin/]: MixinPlatformAgentDefault accepted container ModLauncher Root Container(ModLauncher:4f56a0a2)
[056月2023 08:27:16.067] [main/DEBUG] [cpw.mods.modlauncher.TransformationServiceDecorator/MODLAUNCHER]: Initialized transformation service mixin
[056月2023 08:27:16.067] [main/DEBUG] [cpw.mods.modlauncher.TransformationServiceDecorator/MODLAUNCHER]: Initializing transformation service OptiFine
[056月2023 08:27:16.067] [main/INFO] [optifine.OptiFineTransformationService/]: OptiFineTransformationService.initialize
[056月2023 08:27:16.068] [main/DEBUG] [cpw.mods.modlauncher.TransformationServiceDecorator/MODLAUNCHER]: Initialized transformation service OptiFine
[056月2023 08:27:16.068] [main/DEBUG] [cpw.mods.modlauncher.TransformationServiceDecorator/MODLAUNCHER]: Initializing transformation service fml
[056月2023 08:27:16.068] [main/DEBUG] [net.minecraftforge.fml.loading.FMLServiceProvider/CORE]: Setting up basic FML game directories
[056月2023 08:27:16.070] [main/DEBUG] [net.minecraftforge.fml.loading.FileUtils/CORE]: Found existing GAMEDIR directory : C:\Users\Pinetum\AppData\Roaming\.minecraft\versions\1.18.2
[056月2023 08:27:16.072] [main/DEBUG] [net.minecraftforge.fml.loading.FMLPaths/CORE]: Path GAMEDIR is C:\Users\Pinetum\AppData\Roaming\.minecraft\versions\1.18.2
[056月2023 08:27:16.072] [main/DEBUG] [net.minecraftforge.fml.loading.FileUtils/CORE]: Found existing MODSDIR directory : C:\Users\Pinetum\AppData\Roaming\.minecraft\versions\1.18.2\mods
[056月2023 08:27:16.072] [main/DEBUG] [net.minecraftforge.fml.loading.FMLPaths/CORE]: Path MODSDIR is C:\Users\Pinetum\AppData\Roaming\.minecraft\versions\1.18.2\mods
[056月2023 08:27:16.072] [main/DEBUG] [net.minecraftforge.fml.loading.FileUtils/CORE]: Found existing CONFIGDIR directory : C:\Users\Pinetum\AppData\Roaming\.minecraft\versions\1.18.2\config
[056月2023 08:27:16.072] [main/DEBUG] [net.minecraftforge.fml.loading.FMLPaths/CORE]: Path CONFIGDIR is C:\Users\Pinetum\AppData\Roaming\.minecraft\versions\1.18.2\config
[056月2023 08:27:16.072] [main/DEBUG] [net.minecraftforge.fml.loading.FMLPaths/CORE]: Path FMLCONFIG is C:\Users\Pinetum\AppData\Roaming\.minecraft\versions\1.18.2\config\fml.toml
[056月2023 08:27:16.072] [main/DEBUG] [net.minecraftforge.fml.loading.FMLServiceProvider/CORE]: Loading configuration
