[126月2023 16:14:49.100] [main/INFO] [cpw.mods.modlauncher.Launcher/MODLAUNCHER]: ModLauncher running: args [--username, Ping2004, --version, 1.19.2-Forge_43.2.0, --gameDir, C:\app\minecraft\.minecraft\versions\1.19.2-Forge_43.2.0, --assetsDir, C:\app\minecraft\.minecraft\assets, --assetIndex, 1.19, --uuid, 8c46369e87ca49c28c7629ec6e4cc7f7, --accessToken, ❄❄❄❄❄❄❄❄, --clientId, ${clientid}, --xuid, ${auth_xuid}, --userType, Mojang, --versionType, PCL2, --width, 854, --height, 480, --launchTarget, forgeclient, --fml.forgeVersion, 43.2.0, --fml.mcVersion, 1.19.2, --fml.forgeGroup, net.minecraftforge, --fml.mcpVersion, 20220805.130853]
[126月2023 16:14:49.100] [main/INFO] [cpw.mods.modlauncher.Launcher/MODLAUNCHER]: ModLauncher 10.0.8+10.0.8+main.0ef7e830 starting: java version 20.0.1 by Oracle Corporation; OS Windows 10 arch amd64 version 10.0
[126月2023 16:14:49.473] [main/INFO] [mixin/]: SpongePowered MIXIN Subsystem Version=0.8.5 Source=union:/C:/app/minecraft/.minecraft/libraries/org/spongepowered/mixin/0.8.5/mixin-0.8.5.jar%23132!/ Service=ModLauncher Env=CLIENT
[126月2023 16:14:49.551] [main/WARN] [net.minecraftforge.fml.loading.FMLConfig/CORE]: Configuration file C:\app\minecraft\.minecraft\versions\1.19.2-Forge_43.2.0\config\fml.toml is not correct. Correcting
[126月2023 16:14:49.551] [main/WARN] [net.minecraftforge.fml.loading.FMLConfig/CORE]: Incorrect key [defaultConfigPath] was corrected from null to defaultconfigs
[126月2023 16:14:49.959] [main/WARN] [net.minecraftforge.fml.loading.moddiscovery.ModFileParser/LOADING]: Mod file C:\app\minecraft\.minecraft\libraries\net\minecraftforge\fmlcore\1.19.2-43.2.0\fmlcore-1.19.2-43.2.0.jar is missing mods.toml file
[126月2023 16:14:49.959] [main/WARN] [net.minecraftforge.fml.loading.moddiscovery.ModFileParser/LOADING]: Mod file C:\app\minecraft\.minecraft\libraries\net\minecraftforge\javafmllanguage\1.19.2-43.2.0\javafmllanguage-1.19.2-43.2.0.jar is missing mods.toml file
[126月2023 16:14:49.959] [main/WARN] [net.minecraftforge.fml.loading.moddiscovery.ModFileParser/LOADING]: Mod file C:\app\minecraft\.minecraft\libraries\net\minecraftforge\lowcodelanguage\1.19.2-43.2.0\lowcodelanguage-1.19.2-43.2.0.jar is missing mods.toml file
[126月2023 16:14:49.975] [main/WARN] [net.minecraftforge.fml.loading.moddiscovery.ModFileParser/LOADING]: Mod file C:\app\minecraft\.minecraft\libraries\net\minecraftforge\mclanguage\1.19.2-43.2.0\mclanguage-1.19.2-43.2.0.jar is missing mods.toml file
[126月2023 16:14:50.053] [main/INFO] [net.minecraftforge.fml.loading.moddiscovery.JarInJarDependencyLocator/]: Found 2 dependencies adding them to mods collection
[126月2023 16:14:50.085] [main/ERROR] [net.minecraftforge.fml.loading.ModSorter/LOADING]: Missing or unsupported mandatory dependencies:
	Mod ID: 'forge', Requested by: 'create', Expected range: '[43.2.3,)', Actual version: '43.2.0'
[126月2023 16:14:51.015] [main/INFO] [mixin/]: Compatibility level set to JAVA_17
[126月2023 16:14:51.015] [main/INFO] [cpw.mods.modlauncher.LaunchServiceHandler/MODLAUNCHER]: Launching target 'forgeclient' with arguments [--version, 1.19.2-Forge_43.2.0, --gameDir, C:\app\minecraft\.minecraft\versions\1.19.2-Forge_43.2.0, --assetsDir, C:\app\minecraft\.minecraft\assets, --uuid, 8c46369e87ca49c28c7629ec6e4cc7f7, --username, Ping2004, --assetIndex, 1.19, --accessToken, ❄❄❄❄❄❄❄❄, --clientId, ${clientid}, --xuid, ${auth_xuid}, --userType, Mojang, --versionType, PCL2, --width, 854, --height, 480]
[126月2023 16:14:51.282] [main/WARN] [mixin/]: Error loading class: me/jellysquid/mods/sodium/client/render/chunk/data/ChunkRenderData$Builder (java.lang.ClassNotFoundException: me.jellysquid.mods.sodium.client.render.chunk.data.ChunkRenderData$Builder)
[126月2023 16:14:51.282] [main/WARN] [mixin/]: @Mixin target me.jellysquid.mods.sodium.client.render.chunk.data.ChunkRenderData$Builder was not found flywheel.mixins.json:instancemanage.SodiumChunkRenderDataMixin
[126月2023 16:14:51.423] [main/WARN] [mixin/]: Error loading class: java/lang/invoke/MethodHandles$Lookup (java.lang.IllegalArgumentException: Unsupported class file major version 64)
[126月2023 16:14:51.423] [main/WARN] [mixin/]: Error loading class: java/lang/invoke/MethodHandles$Lookup (java.lang.IllegalArgumentException: Unsupported class file major version 64)
[126月2023 16:14:51.439] [main/WARN] [mixin/]: Error loading class: java/lang/invoke/MethodHandles$Lookup (java.lang.IllegalArgumentException: Unsupported class file major version 64)
[126月2023 16:14:51.439] [main/WARN] [mixin/]: Error loading class: java/lang/invoke/MethodHandles$Lookup (java.lang.IllegalArgumentException: Unsupported class file major version 64)
[126月2023 16:14:51.439] [main/WARN] [mixin/]: Error loading class: java/lang/invoke/MethodHandles$Lookup (java.lang.IllegalArgumentException: Unsupported class file major version 64)
[126月2023 16:14:51.470] [main/WARN] [mixin/]: Error loading class: java/lang/System (java.lang.IllegalArgumentException: Unsupported class file major version 64)
