[096月2023 22:10:28.577] [main/INFO] [cpw.mods.modlauncher.Launcher/MODLAUNCHER]: ModLauncher running: args [--username, MAXCARZZY, --version, 1.19.2-Forge_43.2.0, --gameDir, C:\Users\MI\AppData\Roaming\.minecraft\versions\1.19.2-Forge_43.2.0, --assetsDir, C:\Users\MI\AppData\Roaming\.minecraft\assets, --assetIndex, 1.19, --uuid, d399b45ac55a4eb7a21c45eaf66c4980, --accessToken, ????????, --clientId, ${clientid}, --xuid, ${auth_xuid}, --userType, msa, --versionType, PCL, --width, 854, --height, 480, --launchTarget, forgeclient, --fml.forgeVersion, 43.2.0, --fml.mcVersion, 1.19.2, --fml.forgeGroup, net.minecraftforge, --fml.mcpVersion, 20220805.130853]
[096月2023 22:10:28.577] [main/INFO] [cpw.mods.modlauncher.Launcher/MODLAUNCHER]: ModLauncher 10.0.8+10.0.8+main.0ef7e830 starting: java version 17.0.2 by Eclipse Adoptium; OS Windows 10 arch amd64 version 10.0
[096月2023 22:10:29.337] [main/INFO] [mixin/]: SpongePowered MIXIN Subsystem Version=0.8.5 Source=union:/C:/Users/MI/AppData/Roaming/.minecraft/libraries/org/spongepowered/mixin/0.8.5/mixin-0.8.5.jar%23146!/ Service=ModLauncher Env=CLIENT
[096月2023 22:10:30.013] [main/WARN] [net.minecraftforge.fml.loading.moddiscovery.ModFileParser/LOADING]: Mod file C:\Users\MI\AppData\Roaming\.minecraft\libraries\net\minecraftforge\fmlcore\1.19.2-43.2.0\fmlcore-1.19.2-43.2.0.jar is missing mods.toml file
[096月2023 22:10:30.017] [main/WARN] [net.minecraftforge.fml.loading.moddiscovery.ModFileParser/LOADING]: Mod file C:\Users\MI\AppData\Roaming\.minecraft\libraries\net\minecraftforge\javafmllanguage\1.19.2-43.2.0\javafmllanguage-1.19.2-43.2.0.jar is missing mods.toml file
[096月2023 22:10:30.017] [main/WARN] [net.minecraftforge.fml.loading.moddiscovery.ModFileParser/LOADING]: Mod file C:\Users\MI\AppData\Roaming\.minecraft\libraries\net\minecraftforge\lowcodelanguage\1.19.2-43.2.0\lowcodelanguage-1.19.2-43.2.0.jar is missing mods.toml file
[096月2023 22:10:30.017] [main/WARN] [net.minecraftforge.fml.loading.moddiscovery.ModFileParser/LOADING]: Mod file C:\Users\MI\AppData\Roaming\.minecraft\libraries\net\minecraftforge\mclanguage\1.19.2-43.2.0\mclanguage-1.19.2-43.2.0.jar is missing mods.toml file
[096月2023 22:10:30.197] [main/INFO] [net.minecraftforge.fml.loading.moddiscovery.JarInJarDependencyLocator/]: Found 6 dependencies adding them to mods collection
[096月2023 22:10:30.297] [main/ERROR] [net.minecraftforge.fml.loading.ModSorter/LOADING]: Missing or unsupported mandatory dependencies:
	Mod ID: 'forge', Requested by: 'create', Expected range: '[43.2.3,)', Actual version: '43.2.0'
[096月2023 22:10:32.247] [main/INFO] [mixin/]: Compatibility level set to JAVA_17
[096月2023 22:10:32.267] [main/ERROR] [mixin/]: Mixin config radon.mixins.json does not specify "minVersion" property
[096月2023 22:10:32.292] [main/ERROR] [mixin/]: Mixin config mixins.oculus.compat.sodium.json does not specify "minVersion" property
[096月2023 22:10:32.312] [main/INFO] [cpw.mods.modlauncher.LaunchServiceHandler/MODLAUNCHER]: Launching target 'forgeclient' with arguments [--version, 1.19.2-Forge_43.2.0, --gameDir, C:\Users\MI\AppData\Roaming\.minecraft\versions\1.19.2-Forge_43.2.0, --assetsDir, C:\Users\MI\AppData\Roaming\.minecraft\assets, --uuid, d399b45ac55a4eb7a21c45eaf66c4980, --username, MAXCARZZY, --assetIndex, 1.19, --accessToken, ????????, --clientId, ${clientid}, --xuid, ${auth_xuid}, --userType, msa, --versionType, PCL, --width, 854, --height, 480]
[096月2023 22:10:32.412] [main/WARN] [mixin/]: Reference map 'alloyed.refmap.json' for alloyed.mixins.json could not be read. If this is a development environment you can ignore this message
[096月2023 22:10:32.447] [main/INFO] [Rubidium/]: Loaded configuration file for Rubidium: 30 options available, 0 override(s) found
[096月2023 22:10:32.507] [main/INFO] [ModernFix/]: Loaded configuration file for ModernFix: 56 options available, 0 override(s) found
[096月2023 22:10:32.507] [main/INFO] [ModernFix/]: Applying Nashorn fix
[096月2023 22:10:32.582] [main/INFO] [Sodium Extra Config/]: Loaded configuration file for Sodium Extra: 28 options available, 0 override(s) found
[096月2023 22:10:32.602] [main/WARN] [CanaryConfig/]: Option 'mixin.world.block_entity_ticking.world_border' requires 'mixin.util.world_border_listener=true' but found 'false'. Setting 'mixin.world.block_entity_ticking.world_border=false'.
[096月2023 22:10:32.602] [main/INFO] [Canary/]: Loaded configuration file for Canary: 140 options available, 0 override(s) found
[096月2023 22:10:33.548] [main/WARN] [IMixinConfigPlugin/]: Inventory Profiles Next: Doing our own dependency resolving! Because Forge is being Forge....: https://github.com/MinecraftForge/MinecraftForge/issues/9088
[096月2023 22:10:33.548] [main/INFO] [IMixinConfigPlugin/]: Inventory Profiles Next dependency resolution failed! Probably missing libIPN.
[096月2023 22:10:34.837] [pool-3-thread-1/INFO] [net.minecraft.server.Bootstrap/]: ModernFix bootstrap
