[304月2023 00:22:38.440] [main/INFO] [cpw.mods.modlauncher.Launcher/MODLAUNCHER]: ModLauncher running: args [--username, mcyouzhe, --version, 1.18.2-Forge_40.2.0-OptiFine_H9_pre3, --gameDir, D:\pcl II\.minecraft\versions\1.18.2-Forge_40.2.0-OptiFine_H9_pre3, --assetsDir, D:\pcl II\.minecraft\assets, --assetIndex, 1.18, --uuid, 9d231c94146b4f18901a1fdad8f69bef, --accessToken, ????????, --clientId, ${clientid}, --xuid, ${auth_xuid}, --userType, Mojang, --versionType, PCL2, --width, 854, --height, 480, --launchTarget, forgeclient, --fml.forgeVersion, 40.2.0, --fml.mcVersion, 1.18.2, --fml.forgeGroup, net.minecraftforge, --fml.mcpVersion, 20220404.173914, --tweakClass, optifine.OptiFineForgeTweaker]
[304月2023 00:22:38.440] [main/INFO] [cpw.mods.modlauncher.Launcher/MODLAUNCHER]: ModLauncher 9.1.3+9.1.3+main.9b69c82a starting: java version 17.0.2 by Eclipse Adoptium
[304月2023 00:22:38.549] [main/INFO] [optifine.OptiFineTransformationService/]: OptiFineTransformationService.onLoad
[304月2023 00:22:38.549] [main/INFO] [optifine.OptiFineTransformationService/]: OptiFine ZIP file URL: union:/D:/pcl%20II/.minecraft/libraries/optifine/OptiFine/1.18.2_HD_U_H9_pre3/OptiFine-1.18.2_HD_U_H9_pre3.jar%2352!/
[304月2023 00:22:38.549] [main/INFO] [optifine.OptiFineTransformationService/]: OptiFine ZIP file: D:\pcl II\.minecraft\libraries\optifine\OptiFine\1.18.2_HD_U_H9_pre3\OptiFine-1.18.2_HD_U_H9_pre3.jar
[304月2023 00:22:38.549] [main/INFO] [optifine.OptiFineTransformer/]: Target.PRE_CLASS is available
[304月2023 00:22:38.612] [main/INFO] [mixin/]: SpongePowered MIXIN Subsystem Version=0.8.5 Source=union:/D:/pcl%20II/.minecraft/libraries/org/spongepowered/mixin/0.8.5/mixin-0.8.5.jar%2349!/ Service=ModLauncher Env=CLIENT
[304月2023 00:22:38.627] [main/INFO] [optifine.OptiFineTransformationService/]: OptiFineTransformationService.initialize
[304月2023 00:22:38.659] [main/WARN] [net.minecraftforge.fml.loading.FMLConfig/CORE]: Configuration file D:\pcl II\.minecraft\versions\1.18.2-Forge_40.2.0-OptiFine_H9_pre3\config\fml.toml is not correct. Correcting
[304月2023 00:22:38.659] [main/WARN] [net.minecraftforge.fml.loading.FMLConfig/CORE]: Incorrect key [defaultConfigPath] was corrected from null to defaultconfigs
[304月2023 00:22:39.221] [main/WARN] [net.minecraftforge.fml.loading.moddiscovery.ModFileParser/LOADING]: Mod file D:\pcl II\.minecraft\libraries\net\minecraftforge\fmlcore\1.18.2-40.2.0\fmlcore-1.18.2-40.2.0.jar is missing mods.toml file
[304月2023 00:22:39.221] [main/WARN] [net.minecraftforge.fml.loading.moddiscovery.ModFileParser/LOADING]: Mod file D:\pcl II\.minecraft\libraries\net\minecraftforge\javafmllanguage\1.18.2-40.2.0\javafmllanguage-1.18.2-40.2.0.jar is missing mods.toml file
[304月2023 00:22:39.237] [main/WARN] [net.minecraftforge.fml.loading.moddiscovery.ModFileParser/LOADING]: Mod file D:\pcl II\.minecraft\libraries\net\minecraftforge\lowcodelanguage\1.18.2-40.2.0\lowcodelanguage-1.18.2-40.2.0.jar is missing mods.toml file
[304月2023 00:22:39.237] [main/WARN] [net.minecraftforge.fml.loading.moddiscovery.ModFileParser/LOADING]: Mod file D:\pcl II\.minecraft\libraries\net\minecraftforge\mclanguage\1.18.2-40.2.0\mclanguage-1.18.2-40.2.0.jar is missing mods.toml file
[304月2023 00:22:39.346] [main/INFO] [net.minecraftforge.fml.loading.moddiscovery.JarInJarDependencyLocator/]: Found 3 dependencies adding them to mods collection
[304月2023 00:22:39.409] [main/ERROR] [net.minecraftforge.fml.loading.ModSorter/LOADING]: Missing or unsupported mandatory dependencies:
	Mod ID: 'geckolib3', Requested by: 'dungeons_mobs', Expected range: '[3.0.55,)', Actual version: '[MISSING]'
	Mod ID: 'geckolib3', Requested by: 'dungeons_gear', Expected range: '[3.0.28,)', Actual version: '[MISSING]'
	Mod ID: 'crafttweaker', Requested by: 'jeitweaker', Expected range: '[9.1.86,)', Actual version: '[MISSING]'
	Mod ID: 'geckolib3', Requested by: 'duneons', Expected range: '[0,)', Actual version: '[MISSING]'
[304月2023 00:22:39.776] [main/INFO] [optifine.OptiFineTransformationService/]: OptiFineTransformationService.transformers
[304月2023 00:22:39.776] [main/INFO] [optifine.OptiFineTransformer/]: Targets: 360
[304月2023 00:22:40.135] [main/INFO] [optifine.OptiFineTransformationService/]: additionalClassesLocator: [optifine., net.optifine.]
[304月2023 00:22:41.035] [main/INFO] [mixin/]: Compatibility level set to JAVA_17
[304月2023 00:22:41.066] [main/INFO] [cpw.mods.modlauncher.LaunchServiceHandler/MODLAUNCHER]: Launching target 'forgeclient' with arguments [--version, 1.18.2-Forge_40.2.0-OptiFine_H9_pre3, --gameDir, D:\pcl II\.minecraft\versions\1.18.2-Forge_40.2.0-OptiFine_H9_pre3, --assetsDir, D:\pcl II\.minecraft\assets, --uuid, 9d231c94146b4f18901a1fdad8f69bef, --username, mcyouzhe, --assetIndex, 1.18, --accessToken, ????????, --clientId, ${clientid}, --xuid, ${auth_xuid}, --userType, Mojang, --versionType, PCL2, --width, 854, --height, 480, --tweakClass, optifine.OptiFineForgeTweaker]
[304月2023 00:22:41.551] [main/WARN] [IMixinConfigPlugin/]: Inventory Profiles Next: Doing our own dependency resolving! Because Forge is being Forge....: https://github.com/MinecraftForge/MinecraftForge/issues/9088
[304月2023 00:22:41.551] [main/INFO] [IMixinConfigPlugin/]: Inventory Profiles Next dependency resolution failed! Probably missing libIPN.
[304月2023 00:22:41.660] [main/WARN] [mixin/]: Error loading class: software/bernie/geckolib3/renderers/geo/GeoEntityRenderer (java.lang.ClassNotFoundException: software.bernie.geckolib3.renderers.geo.GeoEntityRenderer)
[304月2023 00:22:41.660] [main/WARN] [mixin/]: @Mixin target software.bernie.geckolib3.renderers.geo.GeoEntityRenderer was not found dungeons_libraries.mixins.json:GeoEntityRendererMixin
