[035月2023 19:46:22.830] [main/INFO] [cpw.mods.modlauncher.Launcher/MODLAUNCHER]: ModLauncher running: args [--username, lmxigou, --version, [The Last One]整合包, --gameDir, C:\Users\Administrator\Desktop\常用文件\大型yx\.minecraft\versions\[The Last One]整合包, --assetsDir, C:\Users\Administrator\Desktop\常用文件\大型yx\.minecraft\assets, --assetIndex, 1.16, --uuid, 5e851d8660dc4c299845b37cd5938fa0, --accessToken, ????????, --userType, Mojang, --versionType, PCL2, --width, 854, --height, 480, --launchTarget, fmlclient, --fml.forgeVersion, 36.2.35, --fml.mcVersion, 1.16.5, --fml.forgeGroup, net.minecraftforge, --fml.mcpVersion, 20210115.111550]
[035月2023 19:46:22.836] [main/INFO] [cpw.mods.modlauncher.Launcher/MODLAUNCHER]: ModLauncher 8.1.3+8.1.3+main-8.1.x.c94d18ec starting: java version 17.0.2 by Eclipse Adoptium
[035月2023 19:46:23.432] [main/INFO] [optifine.OptiFineTransformationService/]: OptiFineTransformationService.onLoad
[035月2023 19:46:23.435] [main/INFO] [optifine.OptiFineTransformationService/]: OptiFine ZIP file: C:\Users\Administrator\Desktop\常用文件\大型yx\.minecraft\versions\[The Last One]整合包\mods\[高清修复]OptiFine_1.16.5_HD_U_G8.jar
[035月2023 19:46:23.440] [main/INFO] [optifine.OptiFineTransformer/]: Target.PRE_CLASS is available
[035月2023 19:46:23.731] [main/INFO] [net.minecraftforge.fml.loading.FixSSL/CORE]: Added Lets Encrypt root certificates as additional trust
[035月2023 19:46:23.883] [main/INFO] [mixin/]: SpongePowered MIXIN Subsystem Version=0.8.4 Source=file:/C:/Users/Administrator/Desktop/常用文件/大型yx/.minecraft/libraries/org/spongepowered/mixin/0.8.4/mixin-0.8.4.jar Service=ModLauncher Env=CLIENT
[035月2023 19:46:23.900] [main/INFO] [optifine.OptiFineTransformationService/]: OptiFineTransformationService.initialize
[035月2023 19:46:23.963] [main/INFO] [STDERR/]: [java.lang.ThreadGroup:uncaughtException:1077]: java.lang.reflect.InvocationTargetException
[035月2023 19:46:23.964] [main/INFO] [STDERR/]: [java.lang.ThreadGroup:uncaughtException:1077]: 	at java.base/jdk.internal.reflect.NativeMethodAccessorImpl.invoke0(Native Method)
[035月2023 19:46:23.964] [main/INFO] [STDERR/]: [java.lang.ThreadGroup:uncaughtException:1077]: 	at java.base/jdk.internal.reflect.NativeMethodAccessorImpl.invoke(NativeMethodAccessorImpl.java:77)
[035月2023 19:46:23.965] [main/INFO] [STDERR/]: [java.lang.ThreadGroup:uncaughtException:1077]: 	at java.base/jdk.internal.reflect.DelegatingMethodAccessorImpl.invoke(DelegatingMethodAccessorImpl.java:43)
[035月2023 19:46:23.965] [main/INFO] [STDERR/]: [java.lang.ThreadGroup:uncaughtException:1077]: 	at java.base/java.lang.reflect.Method.invoke(Method.java:568)
[035月2023 19:46:23.966] [main/INFO] [STDERR/]: [java.lang.ThreadGroup:uncaughtException:1077]: 	at oolloo.jlw.Wrapper.invokeMain(Wrapper.java:58)
[035月2023 19:46:23.967] [main/INFO] [STDERR/]: [java.lang.ThreadGroup:uncaughtException:1077]: 	at oolloo.jlw.Wrapper.main(Wrapper.java:51)
[035月2023 19:46:23.967] [main/INFO] [STDERR/]: [java.lang.ThreadGroup:uncaughtException:1086]: Caused by: java.lang.RuntimeException: Failed to load FML config from C:\Users\Administrator\Desktop\常用文件\大型yx\.minecraft\versions\[The Last One]整合包\config\fml.toml
[035月2023 19:46:23.968] [main/INFO] [STDERR/]: [java.lang.ThreadGroup:uncaughtException:1086]: 	at net.minecraftforge.fml.loading.FMLConfig.loadFrom(FMLConfig.java:50)
[035月2023 19:46:23.968] [main/INFO] [STDERR/]: [java.lang.ThreadGroup:uncaughtException:1086]: 	at net.minecraftforge.fml.loading.FMLConfig.load(FMLConfig.java:63)
[035月2023 19:46:23.969] [main/INFO] [STDERR/]: [java.lang.ThreadGroup:uncaughtException:1086]: 	at net.minecraftforge.fml.loading.FMLServiceProvider.initialize(FMLServiceProvider.java:67)
[035月2023 19:46:23.970] [main/INFO] [STDERR/]: [java.lang.ThreadGroup:uncaughtException:1086]: 	at cpw.mods.modlauncher.TransformationServiceDecorator.onInitialize(TransformationServiceDecorator.java:68)
[035月2023 19:46:23.970] [main/INFO] [STDERR/]: [java.lang.ThreadGroup:uncaughtException:1086]: 	at cpw.mods.modlauncher.TransformationServicesHandler.lambda$initialiseTransformationServices$7(TransformationServicesHandler.java:107)
[035月2023 19:46:23.971] [main/INFO] [STDERR/]: [java.lang.ThreadGroup:uncaughtException:1086]: 	at java.base/java.util.HashMap$Values.forEach(HashMap.java:1065)
[035月2023 19:46:23.971] [main/INFO] [STDERR/]: [java.lang.ThreadGroup:uncaughtException:1086]: 	at cpw.mods.modlauncher.TransformationServicesHandler.initialiseTransformationServices(TransformationServicesHandler.java:107)
[035月2023 19:46:23.972] [main/INFO] [STDERR/]: [java.lang.ThreadGroup:uncaughtException:1086]: 	at cpw.mods.modlauncher.TransformationServicesHandler.initializeTransformationServices(TransformationServicesHandler.java:59)
[035月2023 19:46:23.975] [main/INFO] [STDERR/]: [java.lang.ThreadGroup:uncaughtException:1086]: 	at cpw.mods.modlauncher.Launcher.run(Launcher.java:76)
[035月2023 19:46:23.978] [main/INFO] [STDERR/]: [java.lang.ThreadGroup:uncaughtException:1086]: 	at cpw.mods.modlauncher.Launcher.main(Launcher.java:66)
[035月2023 19:46:23.979] [main/INFO] [STDERR/]: [java.lang.ThreadGroup:uncaughtException:1086]: 	... 6 more
[035月2023 19:46:23.980] [main/INFO] [STDERR/]: [java.lang.Throwable:printStackTrace:659]: Caused by: com.electronwill.nightconfig.core.io.ParsingException: Not enough data available
[035月2023 19:46:23.980] [main/INFO] [STDERR/]: [java.lang.Throwable:printStackTrace:659]: 	at com.electronwill.nightconfig.core.io.ParsingException.notEnoughData(ParsingException.java:22)
[035月2023 19:46:23.981] [main/INFO] [STDERR/]: [java.lang.Throwable:printStackTrace:659]: 	at com.electronwill.nightconfig.core.io.ReaderInput.directReadChar(ReaderInput.java:36)
[035月2023 19:46:23.981] [main/INFO] [STDERR/]: [java.lang.Throwable:printStackTrace:659]: 	at com.electronwill.nightconfig.core.io.AbstractInput.readChar(AbstractInput.java:49)
[035月2023 19:46:23.981] [main/INFO] [STDERR/]: [java.lang.Throwable:printStackTrace:659]: 	at com.electronwill.nightconfig.core.io.AbstractInput.readCharsUntil(AbstractInput.java:123)
[035月2023 19:46:23.982] [main/INFO] [STDERR/]: [java.lang.Throwable:printStackTrace:659]: 	at com.electronwill.nightconfig.toml.TableParser.parseKey(TableParser.java:166)
[035月2023 19:46:23.982] [main/INFO] [STDERR/]: [java.lang.Throwable:printStackTrace:659]: 	at com.electronwill.nightconfig.toml.TableParser.parseDottedKey(TableParser.java:145)
[035月2023 19:46:23.983] [main/INFO] [STDERR/]: [java.lang.Throwable:printStackTrace:659]: 	at com.electronwill.nightconfig.toml.TableParser.parseNormal(TableParser.java:55)
[035月2023 19:46:23.983] [main/INFO] [STDERR/]: [java.lang.Throwable:printStackTrace:659]: 	at com.electronwill.nightconfig.toml.TomlParser.parse(TomlParser.java:44)
[035月2023 19:46:23.984] [main/INFO] [STDERR/]: [java.lang.Throwable:printStackTrace:659]: 	at com.electronwill.nightconfig.toml.TomlParser.parse(TomlParser.java:37)
[035月2023 19:46:23.985] [main/INFO] [STDERR/]: [java.lang.Throwable:printStackTrace:659]: 	at com.electronwill.nightconfig.core.io.ConfigParser.parse(ConfigParser.java:113)
[035月2023 19:46:23.985] [main/INFO] [STDERR/]: [java.lang.Throwable:printStackTrace:659]: 	at com.electronwill.nightconfig.core.io.ConfigParser.parse(ConfigParser.java:219)
[035月2023 19:46:23.986] [main/INFO] [STDERR/]: [java.lang.Throwable:printStackTrace:659]: 	at com.electronwill.nightconfig.core.io.ConfigParser.parse(ConfigParser.java:202)
[035月2023 19:46:23.987] [main/INFO] [STDERR/]: [java.lang.Throwable:printStackTrace:659]: 	at com.electronwill.nightconfig.core.file.WriteSyncFileConfig.load(WriteSyncFileConfig.java:73)
[035月2023 19:46:23.987] [main/INFO] [STDERR/]: [java.lang.Throwable:printStackTrace:659]: 	at com.electronwill.nightconfig.core.file.AutoreloadFileConfig.load(AutoreloadFileConfig.java:41)
[035月2023 19:46:23.988] [main/INFO] [STDERR/]: [java.lang.Throwable:printStackTrace:659]: 	at com.electronwill.nightconfig.core.file.AutosaveCommentedFileConfig.load(AutosaveCommentedFileConfig.java:85)
[035月2023 19:46:23.989] [main/INFO] [STDERR/]: [java.lang.Throwable:printStackTrace:659]: 	at net.minecraftforge.fml.loading.FMLConfig.loadFrom(FMLConfig.java:46)
[035月2023 19:46:23.990] [main/INFO] [STDERR/]: [java.lang.Throwable:printStackTrace:659]: 	... 15 more
