[09:21:39] [main/INFO]: Loading Minecraft 1.19.4 with Fabric Loader 0.14.21
[09:21:39] [main/INFO]: Fabric is preparing JARs on first launch, this may take a few seconds...
[09:21:39] [ForkJoinPool-1-worker-3/WARN]: Mod com_google_code_findbugs_annotations uses the version 3.0.1u2 which isn't compatible with Loader's extended semantic version format (Could not parse version number component '1u2'!), SemVer is recommended for reliably evaluating dependencies and prioritizing newer version
[09:21:40] [main/INFO]: Loading 57 mods:
	- fabric-api 0.82.0+1.19.4
	   |-- fabric-api-base 0.4.26+1e9487d2f4
	   |-- fabric-api-lookup-api-v1 1.6.27+504944c8f4
	   |-- fabric-biome-api-v1 13.0.8+348a9c64f4
	   |-- fabric-block-api-v1 1.0.7+e022e5d1f4
	   |-- fabric-blockrenderlayer-v1 1.1.36+c2e6f674f4
	   |-- fabric-client-tags-api-v1 1.0.17+504944c8f4
	   |-- fabric-command-api-v1 1.2.29+f71b366ff4
	   |-- fabric-command-api-v2 2.2.8+504944c8f4
	   |-- fabric-commands-v0 0.2.46+df3654b3f4
	   |-- fabric-containers-v0 0.1.56+df3654b3f4
	   |-- fabric-content-registries-v0 3.5.11+ae0966baf4
	   |-- fabric-convention-tags-v1 1.5.1+fe8721bef4
	   |-- fabric-crash-report-info-v1 0.2.16+aeb40ebef4
	   |-- fabric-data-generation-api-v1 11.4.2+504944c8f4
	   |-- fabric-dimensions-v1 2.1.47+7f87f8faf4
	   |-- fabric-entity-events-v1 1.5.15+504944c8f4
	   |-- fabric-events-interaction-v0 0.5.1+76ba65ebf4
	   |-- fabric-events-lifecycle-v0 0.2.54+df3654b3f4
	   |-- fabric-game-rule-api-v1 1.0.34+a1ccd7bff4
	   |-- fabric-item-api-v1 2.1.19+504944c8f4
	   |-- fabric-item-group-api-v1 3.0.7+043f9acff4
	   |-- fabric-key-binding-api-v1 1.0.34+504944c8f4
	   |-- fabric-keybindings-v0 0.2.32+df3654b3f4
	   |-- fabric-lifecycle-events-v1 2.2.17+1e9487d2f4
	   |-- fabric-loot-api-v2 1.1.29+75e98211f4
	   |-- fabric-loot-tables-v1 1.1.33+9e7660c6f4
	   |-- fabric-message-api-v1 5.1.3+504944c8f4
	   |-- fabric-mining-level-api-v1 2.1.41+49abcf7ef4
	   |-- fabric-models-v0 0.3.32+504944c8f4
	   |-- fabric-networking-api-v1 1.3.3+504944c8f4
	   |-- fabric-networking-v0 0.3.43+df3654b3f4
	   |-- fabric-object-builder-api-v1 7.0.5+504944c8f4
	   |-- fabric-particles-v1 1.0.25+f1e4495bf4
	   |-- fabric-recipe-api-v1 1.0.10+a1ccd7bff4
	   |-- fabric-registry-sync-v0 2.2.2+504944c8f4
	   |-- fabric-renderer-api-v1 2.3.0+52cca24ef4
	   |-- fabric-renderer-indigo 1.3.0+52cca24ef4
	   |-- fabric-renderer-registries-v1 3.2.40+df3654b3f4
	   |-- fabric-rendering-data-attachment-v1 0.3.30+afca2f3ef4
	   |-- fabric-rendering-fluids-v1 3.0.23+504944c8f4
	   |-- fabric-rendering-v0 1.1.43+df3654b3f4
	   |-- fabric-rendering-v1 2.1.3+504944c8f4
	   |-- fabric-resource-conditions-api-v1 2.3.2+e6c7d4eef4
	   |-- fabric-resource-loader-v0 0.11.4+5ade3c38f4
	   |-- fabric-screen-api-v1 1.0.47+3bd4ab0ff4
	   |-- fabric-screen-handler-api-v1 1.3.22+504944c8f4
	   |-- fabric-sound-api-v1 1.0.10+504944c8f4
	   |-- fabric-transfer-api-v1 3.2.0+80d07a0af4
	   \-- fabric-transitive-access-wideners-v1 3.1.1+b4a333d6f4
	- fabricloader 0.14.21
	- java 17
	- lotas 2.1.1
	   \-- com_google_code_findbugs_annotations 3.0.1u2
	- minecraft 1.19.4
	- optifabric 1.13.24
	   \-- mm 2.3
[09:21:41] [main/INFO]: SpongePowered MIXIN Subsystem Version=0.8.5 Source=file:/D:/万里生存服整合包/.minecraft/libraries/net/fabricmc/sponge-mixin/0.12.5+mixin.0.8.5/sponge-mixin-0.12.5+mixin.0.8.5.jar Service=Knot/Fabric Env=CLIENT
[09:21:44] [main/INFO]: Compatibility level set to JAVA_16
[09:21:44] [main/INFO]: Compatibility level set to JAVA_17
[09:21:56] [main/ERROR]: Injection error: LVT in net/minecraft/class_757::method_3192(FJZ)V has incompatible changes at opcode 599 in callback fabric-screen-api-v1.mixins.json:GameRendererMixin from mod fabric-screen-api-v1->@Inject::onBeforeRenderScreen(FJZLorg/spongepowered/asm/mixin/injection/callback/CallbackInfo;IILnet/minecraft/class_4587;Lnet/minecraft/class_4587;)V.
 Expected: [I, I, Lnet/minecraft/class_4587;, Lnet/minecraft/class_4587;]
    Found: [I, I, Lnet/minecraft/class_1041;, F]
Available: [I, I, Lnet/minecraft/class_1041;, F, Lorg/joml/Matrix4f;, Lnet/minecraft/class_4587;, Lnet/minecraft/class_4587;, Ljava/lang/Throwable;, Lnet/minecraft/class_128;, Lnet/minecraft/class_129;]
[09:21:56] [main/ERROR]: Injection error: LVT in net/minecraft/class_757::method_3192(FJZ)V has incompatible changes at opcode 610 in callback fabric-screen-api-v1.mixins.json:GameRendererMixin from mod fabric-screen-api-v1->@Inject::onAfterRenderScreen(FJZLorg/spongepowered/asm/mixin/injection/callback/CallbackInfo;IILnet/minecraft/class_4587;Lnet/minecraft/class_4587;)V.
 Expected: [I, I, Lnet/minecraft/class_4587;, Lnet/minecraft/class_4587;]
    Found: [I, I, Lnet/minecraft/class_1041;, F]
Available: [I, I, Lnet/minecraft/class_1041;, F, Lorg/joml/Matrix4f;, Lnet/minecraft/class_4587;, Lnet/minecraft/class_4587;, Ljava/lang/Throwable;, Lnet/minecraft/class_128;, Lnet/minecraft/class_129;]
[09:21:56] [main/ERROR]: Mixin apply for mod optifabric failed optifabric.compat.fabric-screen-api.newerer-mixins.json:GameRendererNewererMixin from mod optifabric -> net.minecraft.class_757: org.spongepowered.asm.mixin.transformer.throwables.InvalidMixinException Unexpecteded IllegalStateException whilst transforming the mixin class: [PostApply Phase -> optifabric.compat.fabric-screen-api.newerer-mixins.json:GameRendererNewererMixin from mod optifabric -> Plugin Post-Application]
org.spongepowered.asm.mixin.transformer.throwables.InvalidMixinException: Unexpecteded IllegalStateException whilst transforming the mixin class: [PostApply Phase -> optifabric.compat.fabric-screen-api.newerer-mixins.json:GameRendererNewererMixin from mod optifabric -> Plugin Post-Application]
	at org.spongepowered.asm.mixin.transformer.MixinTargetContext.postApply(MixinTargetContext.java:1286) ~[sponge-mixin-0.12.5+mixin.0.8.5.jar:0.12.5+mixin.0.8.5]
	at org.spongepowered.asm.mixin.transformer.MixinApplicatorStandard.apply(MixinApplicatorStandard.java:346) ~[sponge-mixin-0.12.5+mixin.0.8.5.jar:0.12.5+mixin.0.8.5]
	at org.spongepowered.asm.mixin.transformer.TargetClassContext.apply(TargetClassContext.java:421) ~[sponge-mixin-0.12.5+mixin.0.8.5.jar:0.12.5+mixin.0.8.5]
	at org.spongepowered.asm.mixin.transformer.TargetClassContext.applyMixins(TargetClassContext.java:403) ~[sponge-mixin-0.12.5+mixin.0.8.5.jar:0.12.5+mixin.0.8.5]
	at org.spongepowered.asm.mixin.transformer.MixinProcessor.applyMixins(MixinProcessor.java:363) ~[sponge-mixin-0.12.5+mixin.0.8.5.jar:0.12.5+mixin.0.8.5]
	at org.spongepowered.asm.mixin.transformer.MixinTransformer.transformClass(MixinTransformer.java:234) ~[sponge-mixin-0.12.5+mixin.0.8.5.jar:0.12.5+mixin.0.8.5]
	at org.spongepowered.asm.mixin.transformer.MixinTransformer.transformClassBytes(MixinTransformer.java:202) ~[sponge-mixin-0.12.5+mixin.0.8.5.jar:0.12.5+mixin.0.8.5]
	at net.fabricmc.loader.impl.launch.knot.KnotClassDelegate.getPostMixinClassByteArray(KnotClassDelegate.java:422) ~[fabric-loader-0.14.21.jar:?]
	at net.fabricmc.loader.impl.launch.knot.KnotClassDelegate.tryLoadClass(KnotClassDelegate.java:323) ~[fabric-loader-0.14.21.jar:?]
	at net.fabricmc.loader.impl.launch.knot.KnotClassDelegate.loadClass(KnotClassDelegate.java:218) ~[fabric-loader-0.14.21.jar:?]
	at net.fabricmc.loader.impl.launch.knot.KnotClassLoader.loadClass(KnotClassLoader.java:112) ~[fabric-loader-0.14.21.jar:?]
	at java.lang.ClassLoader.loadClass(ClassLoader.java:520) ~[?:?]
	at java.lang.Class.getDeclaredFields0(Native Method) ~[?:?]
	at java.lang.Class.privateGetDeclaredFields(Class.java:3297) ~[?:?]
	at java.lang.Class.getDeclaredFields(Class.java:2371) ~[?:?]
	at net.optifine.reflect.FieldLocatorTypes.<init>(FieldLocatorTypes.java:25) ~[Optifine-mapped.jar:?]
	at net.optifine.reflect.Reflector.<clinit>(Reflector.java:503) ~[Optifine-mapped.jar:?]
	at net.minecraft.class_128.method_568(class_128.java:175) ~[client-intermediary.jar:?]
	at net.minecraft.class_128.method_24305(class_128.java:345) ~[client-intermediary.jar:?]
	at net.minecraft.client.main.Main.main(Main.java:152) ~[1.19.4-Fabric%200.14.21-OptiFine_I4.jar:?]
	at net.fabricmc.loader.impl.game.minecraft.MinecraftGameProvider.launch(MinecraftGameProvider.java:468) ~[fabric-loader-0.14.21.jar:?]
	at net.fabricmc.loader.impl.launch.knot.Knot.launch(Knot.java:74) ~[fabric-loader-0.14.21.jar:?]
	at net.fabricmc.loader.impl.launch.knot.KnotClient.main(KnotClient.java:23) ~[fabric-loader-0.14.21.jar:?]
	at jdk.internal.reflect.NativeMethodAccessorImpl.invoke0(Native Method) ~[?:?]
	at jdk.internal.reflect.NativeMethodAccessorImpl.invoke(NativeMethodAccessorImpl.java:77) ~[?:?]
	at jdk.internal.reflect.DelegatingMethodAccessorImpl.invoke(DelegatingMethodAccessorImpl.java:43) ~[?:?]
	at java.lang.reflect.Method.invoke(Method.java:568) ~[?:?]
	at oolloo.jlw.Wrapper.invokeMain(Wrapper.java:60) ~[?:?]
	at oolloo.jlw.Wrapper.main(Wrapper.java:53) ~[?:?]
Caused by: java.lang.IllegalStateException: Cannot find shim method onBeforeRenderScreen(FJZLorg/spongepowered/asm/mixin/injection/callback/CallbackInfo;IILnet/minecraft/class_4587;)V in net/fabricmc/fabric/mixin/screen/GameRendererMixin
	at me.modmuss50.optifabric.compat.InterceptingMixinPlugin.lambda$postApply$2(InterceptingMixinPlugin.java:135) ~[optifabric-1.13.24.jar:?]
	at java.util.stream.Collectors.lambda$uniqKeysMapAccumulator$1(Collectors.java:180) ~[?:?]
	at java.util.stream.ReduceOps$3ReducingSink.accept(ReduceOps.java:169) ~[?:?]
	at java.util.stream.ReferencePipeline$2$1.accept(ReferencePipeline.java:179) ~[?:?]
	at java.util.ArrayList$ArrayListSpliterator.forEachRemaining(ArrayList.java:1625) ~[?:?]
	at java.util.stream.AbstractPipeline.copyInto(AbstractPipeline.java:509) ~[?:?]
	at java.util.stream.AbstractPipeline.wrapAndCopyInto(AbstractPipeline.java:499) ~[?:?]
	at java.util.stream.ReduceOps$ReduceOp.evaluateSequential(ReduceOps.java:921) ~[?:?]
	at java.util.stream.AbstractPipeline.evaluate(AbstractPipeline.java:234) ~[?:?]
	at java.util.stream.ReferencePipeline.collect(ReferencePipeline.java:682) ~[?:?]
	at me.modmuss50.optifabric.compat.InterceptingMixinPlugin.postApply(InterceptingMixinPlugin.java:131) ~[optifabric-1.13.24.jar:?]
	at org.spongepowered.asm.mixin.transformer.PluginHandle.postApply(PluginHandle.java:189) ~[sponge-mixin-0.12.5+mixin.0.8.5.jar:0.12.5+mixin.0.8.5]
	at org.spongepowered.asm.mixin.transformer.MixinInfo.postApply(MixinInfo.java:1372) ~[sponge-mixin-0.12.5+mixin.0.8.5.jar:0.12.5+mixin.0.8.5]
	at org.spongepowered.asm.mixin.transformer.MixinTargetContext.postApply(MixinTargetContext.java:1275) ~[sponge-mixin-0.12.5+mixin.0.8.5.jar:0.12.5+mixin.0.8.5]
	... 28 more
[09:21:56] [main/ERROR]: Minecraft has crashed!
net.fabricmc.loader.impl.FormattedException: java.lang.ExceptionInInitializerError
	at net.fabricmc.loader.impl.FormattedException.ofLocalized(FormattedException.java:63) ~[fabric-loader-0.14.21.jar:?]
	at net.fabricmc.loader.impl.game.minecraft.MinecraftGameProvider.launch(MinecraftGameProvider.java:470) ~[fabric-loader-0.14.21.jar:?]
	at net.fabricmc.loader.impl.launch.knot.Knot.launch(Knot.java:74) ~[fabric-loader-0.14.21.jar:?]
	at net.fabricmc.loader.impl.launch.knot.KnotClient.main(KnotClient.java:23) ~[fabric-loader-0.14.21.jar:?]
	at jdk.internal.reflect.NativeMethodAccessorImpl.invoke0(Native Method) ~[?:?]
	at jdk.internal.reflect.NativeMethodAccessorImpl.invoke(NativeMethodAccessorImpl.java:77) ~[?:?]
	at jdk.internal.reflect.DelegatingMethodAccessorImpl.invoke(DelegatingMethodAccessorImpl.java:43) ~[?:?]
	at java.lang.reflect.Method.invoke(Method.java:568) ~[?:?]
	at oolloo.jlw.Wrapper.invokeMain(Wrapper.java:60) ~[?:?]
	at oolloo.jlw.Wrapper.main(Wrapper.java:53) ~[?:?]
Caused by: java.lang.ExceptionInInitializerError
	at net.minecraft.class_128.method_568(class_128.java:175) ~[client-intermediary.jar:?]
	at net.minecraft.class_128.method_24305(class_128.java:345) ~[client-intermediary.jar:?]
	at net.minecraft.client.main.Main.main(Main.java:152) ~[1.19.4-Fabric%200.14.21-OptiFine_I4.jar:?]
	at net.fabricmc.loader.impl.game.minecraft.MinecraftGameProvider.launch(MinecraftGameProvider.java:468) ~[fabric-loader-0.14.21.jar:?]
	... 8 more
Caused by: java.lang.RuntimeException: Mixin transformation of net.minecraft.class_757 failed
	at net.fabricmc.loader.impl.launch.knot.KnotClassDelegate.getPostMixinClassByteArray(KnotClassDelegate.java:427) ~[fabric-loader-0.14.21.jar:?]
	at net.fabricmc.loader.impl.launch.knot.KnotClassDelegate.tryLoadClass(KnotClassDelegate.java:323) ~[fabric-loader-0.14.21.jar:?]
	at net.fabricmc.loader.impl.launch.knot.KnotClassDelegate.loadClass(KnotClassDelegate.java:218) ~[fabric-loader-0.14.21.jar:?]
	at net.fabricmc.loader.impl.launch.knot.KnotClassLoader.loadClass(KnotClassLoader.java:112) ~[fabric-loader-0.14.21.jar:?]
	at java.lang.ClassLoader.loadClass(ClassLoader.java:520) ~[?:?]
	at java.lang.Class.getDeclaredFields0(Native Method) ~[?:?]
	at java.lang.Class.privateGetDeclaredFields(Class.java:3297) ~[?:?]
	at java.lang.Class.getDeclaredFields(Class.java:2371) ~[?:?]
	at net.optifine.reflect.FieldLocatorTypes.<init>(FieldLocatorTypes.java:25) ~[Optifine-mapped.jar:?]
	at net.optifine.reflect.Reflector.<clinit>(Reflector.java:503) ~[Optifine-mapped.jar:?]
	at net.minecraft.class_128.method_568(class_128.java:175) ~[client-intermediary.jar:?]
	at net.minecraft.class_128.method_24305(class_128.java:345) ~[client-intermediary.jar:?]
	at net.minecraft.client.main.Main.main(Main.java:152) ~[1.19.4-Fabric%200.14.21-OptiFine_I4.jar:?]
	at net.fabricmc.loader.impl.game.minecraft.MinecraftGameProvider.launch(MinecraftGameProvider.java:468) ~[fabric-loader-0.14.21.jar:?]
	... 8 more
Caused by: org.spongepowered.asm.mixin.transformer.throwables.MixinTransformerError: An unexpected critical error was encountered
	at org.spongepowered.asm.mixin.transformer.MixinProcessor.applyMixins(MixinProcessor.java:392) ~[sponge-mixin-0.12.5+mixin.0.8.5.jar:0.12.5+mixin.0.8.5]
	at org.spongepowered.asm.mixin.transformer.MixinTransformer.transformClass(MixinTransformer.java:234) ~[sponge-mixin-0.12.5+mixin.0.8.5.jar:0.12.5+mixin.0.8.5]
	at org.spongepowered.asm.mixin.transformer.MixinTransformer.transformClassBytes(MixinTransformer.java:202) ~[sponge-mixin-0.12.5+mixin.0.8.5.jar:0.12.5+mixin.0.8.5]
	at net.fabricmc.loader.impl.launch.knot.KnotClassDelegate.getPostMixinClassByteArray(KnotClassDelegate.java:422) ~[fabric-loader-0.14.21.jar:?]
	at net.fabricmc.loader.impl.launch.knot.KnotClassDelegate.tryLoadClass(KnotClassDelegate.java:323) ~[fabric-loader-0.14.21.jar:?]
	at net.fabricmc.loader.impl.launch.knot.KnotClassDelegate.loadClass(KnotClassDelegate.java:218) ~[fabric-loader-0.14.21.jar:?]
	at net.fabricmc.loader.impl.launch.knot.KnotClassLoader.loadClass(KnotClassLoader.java:112) ~[fabric-loader-0.14.21.jar:?]
	at java.lang.ClassLoader.loadClass(ClassLoader.java:520) ~[?:?]
	at java.lang.Class.getDeclaredFields0(Native Method) ~[?:?]
	at java.lang.Class.privateGetDeclaredFields(Class.java:3297) ~[?:?]
	at java.lang.Class.getDeclaredFields(Class.java:2371) ~[?:?]
	at net.optifine.reflect.FieldLocatorTypes.<init>(FieldLocatorTypes.java:25) ~[Optifine-mapped.jar:?]
	at net.optifine.reflect.Reflector.<clinit>(Reflector.java:503) ~[Optifine-mapped.jar:?]
	at net.minecraft.class_128.method_568(class_128.java:175) ~[client-intermediary.jar:?]
	at net.minecraft.class_128.method_24305(class_128.java:345) ~[client-intermediary.jar:?]
	at net.minecraft.client.main.Main.main(Main.java:152) ~[1.19.4-Fabric%200.14.21-OptiFine_I4.jar:?]
	at net.fabricmc.loader.impl.game.minecraft.MinecraftGameProvider.launch(MinecraftGameProvider.java:468) ~[fabric-loader-0.14.21.jar:?]
	... 8 more
Caused by: org.spongepowered.asm.mixin.throwables.MixinApplyError: Mixin [optifabric.compat.fabric-screen-api.newerer-mixins.json:GameRendererNewererMixin from mod optifabric] from phase [DEFAULT] in config [optifabric.compat.fabric-screen-api.newerer-mixins.json] FAILED during APPLY
	at org.spongepowered.asm.mixin.transformer.MixinProcessor.handleMixinError(MixinProcessor.java:638) ~[sponge-mixin-0.12.5+mixin.0.8.5.jar:0.12.5+mixin.0.8.5]
	at org.spongepowered.asm.mixin.transformer.MixinProcessor.handleMixinApplyError(MixinProcessor.java:589) ~[sponge-mixin-0.12.5+mixin.0.8.5.jar:0.12.5+mixin.0.8.5]
	at org.spongepowered.asm.mixin.transformer.MixinProcessor.applyMixins(MixinProcessor.java:379) ~[sponge-mixin-0.12.5+mixin.0.8.5.jar:0.12.5+mixin.0.8.5]
	at org.spongepowered.asm.mixin.transformer.MixinTransformer.transformClass(MixinTransformer.java:234) ~[sponge-mixin-0.12.5+mixin.0.8.5.jar:0.12.5+mixin.0.8.5]
	at org.spongepowered.asm.mixin.transformer.MixinTransformer.transformClassBytes(MixinTransformer.java:202) ~[sponge-mixin-0.12.5+mixin.0.8.5.jar:0.12.5+mixin.0.8.5]
	at net.fabricmc.loader.impl.launch.knot.KnotClassDelegate.getPostMixinClassByteArray(KnotClassDelegate.java:422) ~[fabric-loader-0.14.21.jar:?]
	at net.fabricmc.loader.impl.launch.knot.KnotClassDelegate.tryLoadClass(KnotClassDelegate.java:323) ~[fabric-loader-0.14.21.jar:?]
	at net.fabricmc.loader.impl.launch.knot.KnotClassDelegate.loadClass(KnotClassDelegate.java:218) ~[fabric-loader-0.14.21.jar:?]
	at net.fabricmc.loader.impl.launch.knot.KnotClassLoader.loadClass(KnotClassLoader.java:112) ~[fabric-loader-0.14.21.jar:?]
	at java.lang.ClassLoader.loadClass(ClassLoader.java:520) ~[?:?]
	at java.lang.Class.getDeclaredFields0(Native Method) ~[?:?]
	at java.lang.Class.privateGetDeclaredFields(Class.java:3297) ~[?:?]
	at java.lang.Class.getDeclaredFields(Class.java:2371) ~[?:?]
	at net.optifine.reflect.FieldLocatorTypes.<init>(FieldLocatorTypes.java:25) ~[Optifine-mapped.jar:?]
	at net.optifine.reflect.Reflector.<clinit>(Reflector.java:503) ~[Optifine-mapped.jar:?]
	at net.minecraft.class_128.method_568(class_128.java:175) ~[client-intermediary.jar:?]
	at net.minecraft.class_128.method_24305(class_128.java:345) ~[client-intermediary.jar:?]
	at net.minecraft.client.main.Main.main(Main.java:152) ~[1.19.4-Fabric%200.14.21-OptiFine_I4.jar:?]
	at net.fabricmc.loader.impl.game.minecraft.MinecraftGameProvider.launch(MinecraftGameProvider.java:468) ~[fabric-loader-0.14.21.jar:?]
	... 8 more
Caused by: org.spongepowered.asm.mixin.transformer.throwables.InvalidMixinException: Unexpecteded IllegalStateException whilst transforming the mixin class: [PostApply Phase -> optifabric.compat.fabric-screen-api.newerer-mixins.json:GameRendererNewererMixin from mod optifabric -> Plugin Post-Application]
	at org.spongepowered.asm.mixin.transformer.MixinTargetContext.postApply(MixinTargetContext.java:1286) ~[sponge-mixin-0.12.5+mixin.0.8.5.jar:0.12.5+mixin.0.8.5]
	at org.spongepowered.asm.mixin.transformer.MixinApplicatorStandard.apply(MixinApplicatorStandard.java:346) ~[sponge-mixin-0.12.5+mixin.0.8.5.jar:0.12.5+mixin.0.8.5]
	at org.spongepowered.asm.mixin.transformer.TargetClassContext.apply(TargetClassContext.java:421) ~[sponge-mixin-0.12.5+mixin.0.8.5.jar:0.12.5+mixin.0.8.5]
	at org.spongepowered.asm.mixin.transformer.TargetClassContext.applyMixins(TargetClassContext.java:403) ~[sponge-mixin-0.12.5+mixin.0.8.5.jar:0.12.5+mixin.0.8.5]
	at org.spongepowered.asm.mixin.transformer.MixinProcessor.applyMixins(MixinProcessor.java:363) ~[sponge-mixin-0.12.5+mixin.0.8.5.jar:0.12.5+mixin.0.8.5]
	at org.spongepowered.asm.mixin.transformer.MixinTransformer.transformClass(MixinTransformer.java:234) ~[sponge-mixin-0.12.5+mixin.0.8.5.jar:0.12.5+mixin.0.8.5]
	at org.spongepowered.asm.mixin.transformer.MixinTransformer.transformClassBytes(MixinTransformer.java:202) ~[sponge-mixin-0.12.5+mixin.0.8.5.jar:0.12.5+mixin.0.8.5]
	at net.fabricmc.loader.impl.launch.knot.KnotClassDelegate.getPostMixinClassByteArray(KnotClassDelegate.java:422) ~[fabric-loader-0.14.21.jar:?]
	at net.fabricmc.loader.impl.launch.knot.KnotClassDelegate.tryLoadClass(KnotClassDelegate.java:323) ~[fabric-loader-0.14.21.jar:?]
	at net.fabricmc.loader.impl.launch.knot.KnotClassDelegate.loadClass(KnotClassDelegate.java:218) ~[fabric-loader-0.14.21.jar:?]
	at net.fabricmc.loader.impl.launch.knot.KnotClassLoader.loadClass(KnotClassLoader.java:112) ~[fabric-loader-0.14.21.jar:?]
	at java.lang.ClassLoader.loadClass(ClassLoader.java:520) ~[?:?]
	at java.lang.Class.getDeclaredFields0(Native Method) ~[?:?]
	at java.lang.Class.privateGetDeclaredFields(Class.java:3297) ~[?:?]
	at java.lang.Class.getDeclaredFields(Class.java:2371) ~[?:?]
	at net.optifine.reflect.FieldLocatorTypes.<init>(FieldLocatorTypes.java:25) ~[Optifine-mapped.jar:?]
	at net.optifine.reflect.Reflector.<clinit>(Reflector.java:503) ~[Optifine-mapped.jar:?]
	at net.minecraft.class_128.method_568(class_128.java:175) ~[client-intermediary.jar:?]
	at net.minecraft.class_128.method_24305(class_128.java:345) ~[client-intermediary.jar:?]
	at net.minecraft.client.main.Main.main(Main.java:152) ~[1.19.4-Fabric%200.14.21-OptiFine_I4.jar:?]
	at net.fabricmc.loader.impl.game.minecraft.MinecraftGameProvider.launch(MinecraftGameProvider.java:468) ~[fabric-loader-0.14.21.jar:?]
	... 8 more
Caused by: java.lang.IllegalStateException: Cannot find shim method onBeforeRenderScreen(FJZLorg/spongepowered/asm/mixin/injection/callback/CallbackInfo;IILnet/minecraft/class_4587;)V in net/fabricmc/fabric/mixin/screen/GameRendererMixin
	at me.modmuss50.optifabric.compat.InterceptingMixinPlugin.lambda$postApply$2(InterceptingMixinPlugin.java:135) ~[optifabric-1.13.24.jar:?]
	at java.util.stream.Collectors.lambda$uniqKeysMapAccumulator$1(Collectors.java:180) ~[?:?]
	at java.util.stream.ReduceOps$3ReducingSink.accept(ReduceOps.java:169) ~[?:?]
	at java.util.stream.ReferencePipeline$2$1.accept(ReferencePipeline.java:179) ~[?:?]
	at java.util.ArrayList$ArrayListSpliterator.forEachRemaining(ArrayList.java:1625) ~[?:?]
	at java.util.stream.AbstractPipeline.copyInto(AbstractPipeline.java:509) ~[?:?]
	at java.util.stream.AbstractPipeline.wrapAndCopyInto(AbstractPipeline.java:499) ~[?:?]
	at java.util.stream.ReduceOps$ReduceOp.evaluateSequential(ReduceOps.java:921) ~[?:?]
	at java.util.stream.AbstractPipeline.evaluate(AbstractPipeline.java:234) ~[?:?]
	at java.util.stream.ReferencePipeline.collect(ReferencePipeline.java:682) ~[?:?]
	at me.modmuss50.optifabric.compat.InterceptingMixinPlugin.postApply(InterceptingMixinPlugin.java:131) ~[optifabric-1.13.24.jar:?]
	at org.spongepowered.asm.mixin.transformer.PluginHandle.postApply(PluginHandle.java:189) ~[sponge-mixin-0.12.5+mixin.0.8.5.jar:0.12.5+mixin.0.8.5]
	at org.spongepowered.asm.mixin.transformer.MixinInfo.postApply(MixinInfo.java:1372) ~[sponge-mixin-0.12.5+mixin.0.8.5.jar:0.12.5+mixin.0.8.5]
	at org.spongepowered.asm.mixin.transformer.MixinTargetContext.postApply(MixinTargetContext.java:1275) ~[sponge-mixin-0.12.5+mixin.0.8.5.jar:0.12.5+mixin.0.8.5]
	at org.spongepowered.asm.mixin.transformer.MixinApplicatorStandard.apply(MixinApplicatorStandard.java:346) ~[sponge-mixin-0.12.5+mixin.0.8.5.jar:0.12.5+mixin.0.8.5]
	at org.spongepowered.asm.mixin.transformer.TargetClassContext.apply(TargetClassContext.java:421) ~[sponge-mixin-0.12.5+mixin.0.8.5.jar:0.12.5+mixin.0.8.5]
	at org.spongepowered.asm.mixin.transformer.TargetClassContext.applyMixins(TargetClassContext.java:403) ~[sponge-mixin-0.12.5+mixin.0.8.5.jar:0.12.5+mixin.0.8.5]
	at org.spongepowered.asm.mixin.transformer.MixinProcessor.applyMixins(MixinProcessor.java:363) ~[sponge-mixin-0.12.5+mixin.0.8.5.jar:0.12.5+mixin.0.8.5]
	at org.spongepowered.asm.mixin.transformer.MixinTransformer.transformClass(MixinTransformer.java:234) ~[sponge-mixin-0.12.5+mixin.0.8.5.jar:0.12.5+mixin.0.8.5]
	at org.spongepowered.asm.mixin.transformer.MixinTransformer.transformClassBytes(MixinTransformer.java:202) ~[sponge-mixin-0.12.5+mixin.0.8.5.jar:0.12.5+mixin.0.8.5]
	at net.fabricmc.loader.impl.launch.knot.KnotClassDelegate.getPostMixinClassByteArray(KnotClassDelegate.java:422) ~[fabric-loader-0.14.21.jar:?]
	at net.fabricmc.loader.impl.launch.knot.KnotClassDelegate.tryLoadClass(KnotClassDelegate.java:323) ~[fabric-loader-0.14.21.jar:?]
	at net.fabricmc.loader.impl.launch.knot.KnotClassDelegate.loadClass(KnotClassDelegate.java:218) ~[fabric-loader-0.14.21.jar:?]
	at net.fabricmc.loader.impl.launch.knot.KnotClassLoader.loadClass(KnotClassLoader.java:112) ~[fabric-loader-0.14.21.jar:?]
	at java.lang.ClassLoader.loadClass(ClassLoader.java:520) ~[?:?]
	at java.lang.Class.getDeclaredFields0(Native Method) ~[?:?]
	at java.lang.Class.privateGetDeclaredFields(Class.java:3297) ~[?:?]
	at java.lang.Class.getDeclaredFields(Class.java:2371) ~[?:?]
	at net.optifine.reflect.FieldLocatorTypes.<init>(FieldLocatorTypes.java:25) ~[Optifine-mapped.jar:?]
	at net.optifine.reflect.Reflector.<clinit>(Reflector.java:503) ~[Optifine-mapped.jar:?]
	at net.minecraft.class_128.method_568(class_128.java:175) ~[client-intermediary.jar:?]
	at net.minecraft.class_128.method_24305(class_128.java:345) ~[client-intermediary.jar:?]
	at net.minecraft.client.main.Main.main(Main.java:152) ~[1.19.4-Fabric%200.14.21-OptiFine_I4.jar:?]
	at net.fabricmc.loader.impl.game.minecraft.MinecraftGameProvider.launch(MinecraftGameProvider.java:468) ~[fabric-loader-0.14.21.jar:?]
	... 8 more
