[055月2023 10:08:08.907] [main/INFO] [cpw.mods.modlauncher.Launcher/MODLAUNCHER]: ModLauncher running: args [--username, sedam, --version, Chroma Sky 2, --gameDir, C:\Users\Administrator\Desktop\.minecraft\versions\Chroma Sky 2, --assetsDir, C:\Users\Administrator\Desktop\.minecraft\assets, --assetIndex, 1.16, --uuid, f5f4770761bb4b7783b8a79b959e1327, --accessToken, ????????, --userType, msa, --versionType, PCL, --width, 854, --height, 480, --launchTarget, fmlclient, --fml.forgeVersion, 36.2.34, --fml.mcVersion, 1.16.5, --fml.forgeGroup, net.minecraftforge, --fml.mcpVersion, 20210115.111550]
[055月2023 10:08:08.911] [main/INFO] [cpw.mods.modlauncher.Launcher/MODLAUNCHER]: ModLauncher 8.1.3+8.1.3+main-8.1.x.c94d18ec starting: java version 17.0.3 by Microsoft
[055月2023 10:08:09.353] [main/INFO] [net.minecraftforge.fml.loading.FixSSL/CORE]: Added Lets Encrypt root certificates as additional trust
[055月2023 10:08:09.355] [main/INFO] [MixinBootstrap Launch/]: MixinBootstrap v1.1.0
[055月2023 10:08:09.355] [main/INFO] [MixinBootstrap Launch/]: Mixin v0.8.4
[055月2023 10:08:09.356] [main/INFO] [MixinBootstrap Launch/]: ModLauncher v8.1.3+8.1.3+main-8.1.x.c94d18ec (7.0)
[055月2023 10:08:09.424] [main/INFO] [mixin/]: SpongePowered MIXIN Subsystem Version=0.8.4 Source=file:/C:/Users/Administrator/Desktop/.minecraft/libraries/org/spongepowered/mixin/0.8.4/mixin-0.8.4.jar Service=ModLauncher Env=CLIENT
[055月2023 10:08:12.442] [main/INFO] [STDERR/]: [org.antlr.v4.runtime.ConsoleErrorListener:syntaxError:38]: line 13:0 token recognition error at: '`'
[055月2023 10:08:12.545] [main/INFO] [STDERR/]: [org.antlr.v4.runtime.ConsoleErrorListener:syntaxError:38]: line 1:0 token recognition error at: '~'
[055月2023 10:08:13.516] [main/INFO] [STDERR/]: [java.lang.ThreadGroup:uncaughtException:1077]: java.lang.reflect.InvocationTargetException
[055月2023 10:08:13.516] [main/INFO] [STDERR/]: [java.lang.ThreadGroup:uncaughtException:1077]: 	at java.base/jdk.internal.reflect.NativeMethodAccessorImpl.invoke0(Native Method)
[055月2023 10:08:13.517] [main/INFO] [STDERR/]: [java.lang.ThreadGroup:uncaughtException:1077]: 	at java.base/jdk.internal.reflect.NativeMethodAccessorImpl.invoke(NativeMethodAccessorImpl.java:77)
[055月2023 10:08:13.517] [main/INFO] [STDERR/]: [java.lang.ThreadGroup:uncaughtException:1077]: 	at java.base/jdk.internal.reflect.DelegatingMethodAccessorImpl.invoke(DelegatingMethodAccessorImpl.java:43)
[055月2023 10:08:13.517] [main/INFO] [STDERR/]: [java.lang.ThreadGroup:uncaughtException:1077]: 	at java.base/java.lang.reflect.Method.invoke(Method.java:568)
[055月2023 10:08:13.517] [main/INFO] [STDERR/]: [java.lang.ThreadGroup:uncaughtException:1077]: 	at oolloo.jlw.Wrapper.invokeMain(Wrapper.java:60)
[055月2023 10:08:13.517] [main/INFO] [STDERR/]: [java.lang.ThreadGroup:uncaughtException:1077]: 	at oolloo.jlw.Wrapper.main(Wrapper.java:53)
[055月2023 10:08:13.518] [main/INFO] [STDERR/]: [java.lang.ThreadGroup:uncaughtException:1086]: Caused by: java.lang.ExceptionInInitializerError
[055月2023 10:08:13.518] [main/INFO] [STDERR/]: [java.lang.ThreadGroup:uncaughtException:1086]: 	at org.openjdk.nashorn.internal.runtime.Context.compile(Context.java:1509)
[055月2023 10:08:13.518] [main/INFO] [STDERR/]: [java.lang.ThreadGroup:uncaughtException:1086]: 	at org.openjdk.nashorn.internal.runtime.Context.compileScript(Context.java:1449)
[055月2023 10:08:13.518] [main/INFO] [STDERR/]: [java.lang.ThreadGroup:uncaughtException:1086]: 	at org.openjdk.nashorn.internal.runtime.Context.compileScript(Context.java:759)
[055月2023 10:08:13.518] [main/INFO] [STDERR/]: [java.lang.ThreadGroup:uncaughtException:1086]: 	at org.openjdk.nashorn.api.scripting.NashornScriptEngine.compileImpl(NashornScriptEngine.java:528)
[055月2023 10:08:13.519] [main/INFO] [STDERR/]: [java.lang.ThreadGroup:uncaughtException:1086]: 	at org.openjdk.nashorn.api.scripting.NashornScriptEngine.compileImpl(NashornScriptEngine.java:517)
[055月2023 10:08:13.519] [main/INFO] [STDERR/]: [java.lang.ThreadGroup:uncaughtException:1086]: 	at org.openjdk.nashorn.api.scripting.NashornScriptEngine.evalImpl(NashornScriptEngine.java:395)
[055月2023 10:08:13.519] [main/INFO] [STDERR/]: [java.lang.ThreadGroup:uncaughtException:1086]: 	at org.openjdk.nashorn.api.scripting.NashornScriptEngine.eval(NashornScriptEngine.java:146)
[055月2023 10:08:13.519] [main/INFO] [STDERR/]: [java.lang.ThreadGroup:uncaughtException:1086]: 	at java.scripting/javax.script.AbstractScriptEngine.eval(AbstractScriptEngine.java:247)
[055月2023 10:08:13.519] [main/INFO] [STDERR/]: [java.lang.ThreadGroup:uncaughtException:1086]: 	at net.minecraftforge.coremod.CoreMod.initialize(CoreMod.java:40)
[055月2023 10:08:13.519] [main/INFO] [STDERR/]: [java.lang.ThreadGroup:uncaughtException:1086]: 	at net.minecraftforge.coremod.CoreModEngine.initialize(CoreModEngine.java:75)
[055月2023 10:08:13.520] [main/INFO] [STDERR/]: [java.lang.ThreadGroup:uncaughtException:1086]: 	at java.base/java.util.ArrayList.forEach(ArrayList.java:1511)
[055月2023 10:08:13.520] [main/INFO] [STDERR/]: [java.lang.ThreadGroup:uncaughtException:1086]: 	at net.minecraftforge.coremod.CoreModEngine.initializeCoreMods(CoreModEngine.java:69)
[055月2023 10:08:13.520] [main/INFO] [STDERR/]: [java.lang.ThreadGroup:uncaughtException:1086]: 	at net.minecraftforge.coremod.CoreModProvider.getCoreModTransformers(CoreModProvider.java:17)
[055月2023 10:08:13.520] [main/INFO] [STDERR/]: [java.lang.ThreadGroup:uncaughtException:1086]: 	at net.minecraftforge.fml.loading.FMLServiceProvider.transformers(FMLServiceProvider.java:156)
[055月2023 10:08:13.520] [main/INFO] [STDERR/]: [java.lang.ThreadGroup:uncaughtException:1086]: 	at cpw.mods.modlauncher.TransformationServiceDecorator.gatherTransformers(TransformationServiceDecorator.java:74)
[055月2023 10:08:13.520] [main/INFO] [STDERR/]: [java.lang.ThreadGroup:uncaughtException:1086]: 	at cpw.mods.modlauncher.TransformationServicesHandler.lambda$initialiseServiceTransformers$6(TransformationServicesHandler.java:101)
[055月2023 10:08:13.520] [main/INFO] [STDERR/]: [java.lang.ThreadGroup:uncaughtException:1086]: 	at java.base/java.util.HashMap$Values.forEach(HashMap.java:1065)
[055月2023 10:08:13.521] [main/INFO] [STDERR/]: [java.lang.ThreadGroup:uncaughtException:1086]: 	at cpw.mods.modlauncher.TransformationServicesHandler.initialiseServiceTransformers(TransformationServicesHandler.java:101)
[055月2023 10:08:13.521] [main/INFO] [STDERR/]: [java.lang.ThreadGroup:uncaughtException:1086]: 	at cpw.mods.modlauncher.TransformationServicesHandler.initializeTransformationServices(TransformationServicesHandler.java:64)
[055月2023 10:08:13.521] [main/INFO] [STDERR/]: [java.lang.ThreadGroup:uncaughtException:1086]: 	at cpw.mods.modlauncher.Launcher.run(Launcher.java:76)
[055月2023 10:08:13.521] [main/INFO] [STDERR/]: [java.lang.ThreadGroup:uncaughtException:1086]: 	at cpw.mods.modlauncher.Launcher.main(Launcher.java:66)
[055月2023 10:08:13.521] [main/INFO] [STDERR/]: [java.lang.ThreadGroup:uncaughtException:1086]: 	... 6 more
[055月2023 10:08:13.521] [main/INFO] [STDERR/]: [java.lang.Throwable:printStackTrace:659]: Caused by: java.lang.RuntimeException: java.lang.NoSuchMethodException: no such method: sun.misc.Unsafe.defineAnonymousClass(Class,byte[],Object[])Class/invokeVirtual
[055月2023 10:08:13.521] [main/INFO] [STDERR/]: [java.lang.Throwable:printStackTrace:659]: 	at org.openjdk.nashorn.internal.runtime.Context$AnonymousContextCodeInstaller.lambda$getDefineAnonymousClass$0(Context.java:335)
[055月2023 10:08:13.521] [main/INFO] [STDERR/]: [java.lang.Throwable:printStackTrace:659]: 	at java.base/java.security.AccessController.doPrivileged(AccessController.java:318)
[055月2023 10:08:13.521] [main/INFO] [STDERR/]: [java.lang.Throwable:printStackTrace:659]: 	at org.openjdk.nashorn.internal.runtime.Context$AnonymousContextCodeInstaller.getDefineAnonymousClass(Context.java:327)
[055月2023 10:08:13.521] [main/INFO] [STDERR/]: [java.lang.Throwable:printStackTrace:659]: 	at org.openjdk.nashorn.internal.runtime.Context$AnonymousContextCodeInstaller.<clinit>(Context.java:317)
[055月2023 10:08:13.522] [main/INFO] [STDERR/]: [java.lang.Throwable:printStackTrace:659]: 	... 27 more
[055月2023 10:08:13.522] [main/INFO] [STDERR/]: [java.lang.Throwable:printStackTrace:682]: Caused by: java.lang.NoSuchMethodException: no such method: sun.misc.Unsafe.defineAnonymousClass(Class,byte[],Object[])Class/invokeVirtual
[055月2023 10:08:13.522] [main/INFO] [STDERR/]: [java.lang.Throwable:printStackTrace:682]: 	at java.base/java.lang.invoke.MemberName.makeAccessException(MemberName.java:976)
[055月2023 10:08:13.522] [main/INFO] [STDERR/]: [java.lang.Throwable:printStackTrace:682]: 	at java.base/java.lang.invoke.MemberName$Factory.resolveOrFail(MemberName.java:1117)
[055月2023 10:08:13.522] [main/INFO] [STDERR/]: [java.lang.Throwable:printStackTrace:682]: 	at java.base/java.lang.invoke.MethodHandles$Lookup.resolveOrFail(MethodHandles.java:3649)
[055月2023 10:08:13.523] [main/INFO] [STDERR/]: [java.lang.Throwable:printStackTrace:682]: 	at java.base/java.lang.invoke.MethodHandles$Lookup.findVirtual(MethodHandles.java:2680)
[055月2023 10:08:13.523] [main/INFO] [STDERR/]: [java.lang.Throwable:printStackTrace:682]: 	at org.openjdk.nashorn.internal.runtime.Context$AnonymousContextCodeInstaller.lambda$getDefineAnonymousClass$0(Context.java:329)
[055月2023 10:08:13.523] [main/INFO] [STDERR/]: [java.lang.Throwable:printStackTrace:682]: 	... 30 more
[055月2023 10:08:13.523] [main/INFO] [STDERR/]: [java.lang.Throwable:printEnclosedStackTrace:724]: Caused by: java.lang.NoSuchMethodError: 'java.lang.Class sun.misc.Unsafe.defineAnonymousClass(java.lang.Class, byte[], java.lang.Object[])'
[055月2023 10:08:13.523] [main/INFO] [STDERR/]: [java.lang.Throwable:printEnclosedStackTrace:724]: 	at java.base/java.lang.invoke.MethodHandleNatives.resolve(Native Method)
[055月2023 10:08:13.523] [main/INFO] [STDERR/]: [java.lang.Throwable:printEnclosedStackTrace:724]: 	at java.base/java.lang.invoke.MemberName$Factory.resolve(MemberName.java:1085)
[055月2023 10:08:13.523] [main/INFO] [STDERR/]: [java.lang.Throwable:printEnclosedStackTrace:724]: 	at java.base/java.lang.invoke.MemberName$Factory.resolveOrFail(MemberName.java:1114)
[055月2023 10:08:13.523] [main/INFO] [STDERR/]: [java.lang.Throwable:printEnclosedStackTrace:724]: 	... 33 more
