[21:51:31] [main/INFO]: Loading tweak class name cpw.mods.fml.common.launcher.FMLTweaker
[21:51:31] [main/INFO]: Using primary tweak class name cpw.mods.fml.common.launcher.FMLTweaker
[21:51:31] [main/INFO]: Loading tweak class name optifine.OptiFineForgeTweaker
[21:51:31] [main/INFO]: Loading tweak class name com.mumfrey.liteloader.launch.LiteLoaderTweaker
[21:51:31] [main/INFO]: Calling tweak class cpw.mods.fml.common.launcher.FMLTweaker
[21:51:31] [main/INFO]: Forge Mod Loader version 7.99.40.1614 for Minecraft 1.7.10 loading
[21:51:31] [main/INFO]: Java is Java HotSpot(TM) 64-Bit Server VM, version 1.8.0_351, running on Windows 10:amd64:10.0, installed at C:\Program Files\Java\jre1.8.0_351
[21:51:31] [main/WARN]: The coremod codechicken.core.launch.DepLoader does not have a MCVersion annotation, it may cause issues with this version of Minecraft
[21:51:31] [main/WARN]: The coremod codechicken.nei.asm.NEICorePlugin does not have a MCVersion annotation, it may cause issues with this version of Minecraft
[21:51:31] [main/INFO]: [java.lang.Throwable$WrappedPrintStream:println:-1]: java.lang.NoClassDefFoundError: codechicken/lib/asm/ASMInit
[21:51:31] [main/INFO]: [java.lang.Throwable$WrappedPrintStream:println:-1]: 	at codechicken.nei.asm.NEICorePlugin.<init>(NEICorePlugin.java:18)
[21:51:31] [main/INFO]: [java.lang.Throwable$WrappedPrintStream:println:-1]: 	at sun.reflect.NativeConstructorAccessorImpl.newInstance0(Native Method)
[21:51:31] [main/INFO]: [java.lang.Throwable$WrappedPrintStream:println:-1]: 	at sun.reflect.NativeConstructorAccessorImpl.newInstance(Unknown Source)
[21:51:31] [main/INFO]: [java.lang.Throwable$WrappedPrintStream:println:-1]: 	at sun.reflect.DelegatingConstructorAccessorImpl.newInstance(Unknown Source)
[21:51:31] [main/INFO]: [java.lang.Throwable$WrappedPrintStream:println:-1]: 	at java.lang.reflect.Constructor.newInstance(Unknown Source)
[21:51:31] [main/INFO]: [java.lang.Throwable$WrappedPrintStream:println:-1]: 	at java.lang.Class.newInstance(Unknown Source)
[21:51:31] [main/INFO]: [java.lang.Throwable$WrappedPrintStream:println:-1]: 	at cpw.mods.fml.relauncher.CoreModManager.loadCoreMod(CoreModManager.java:501)
[21:51:31] [main/INFO]: [java.lang.Throwable$WrappedPrintStream:println:-1]: 	at cpw.mods.fml.relauncher.CoreModManager.discoverCoreMods(CoreModManager.java:389)
[21:51:31] [main/INFO]: [java.lang.Throwable$WrappedPrintStream:println:-1]: 	at cpw.mods.fml.relauncher.CoreModManager.handleLaunch(CoreModManager.java:221)
[21:51:31] [main/INFO]: [java.lang.Throwable$WrappedPrintStream:println:-1]: 	at cpw.mods.fml.relauncher.FMLLaunchHandler.setupHome(FMLLaunchHandler.java:90)
[21:51:31] [main/INFO]: [java.lang.Throwable$WrappedPrintStream:println:-1]: 	at cpw.mods.fml.relauncher.FMLLaunchHandler.setupClient(FMLLaunchHandler.java:67)
[21:51:31] [main/INFO]: [java.lang.Throwable$WrappedPrintStream:println:-1]: 	at cpw.mods.fml.relauncher.FMLLaunchHandler.configureForClientLaunch(FMLLaunchHandler.java:34)
[21:51:31] [main/INFO]: [java.lang.Throwable$WrappedPrintStream:println:-1]: 	at cpw.mods.fml.common.launcher.FMLTweaker.injectIntoClassLoader(FMLTweaker.java:126)
[21:51:31] [main/INFO]: [java.lang.Throwable$WrappedPrintStream:println:-1]: 	at net.minecraft.launchwrapper.Launch.launch(Launch.java:115)
[21:51:31] [main/INFO]: [java.lang.Throwable$WrappedPrintStream:println:-1]: 	at net.minecraft.launchwrapper.Launch.main(Launch.java:28)
[21:51:31] [main/INFO]: [java.lang.Throwable$WrappedPrintStream:println:-1]: 	at sun.reflect.NativeMethodAccessorImpl.invoke0(Native Method)
[21:51:31] [main/INFO]: [java.lang.Throwable$WrappedPrintStream:println:-1]: 	at sun.reflect.NativeMethodAccessorImpl.invoke(Unknown Source)
[21:51:31] [main/INFO]: [java.lang.Throwable$WrappedPrintStream:println:-1]: 	at sun.reflect.DelegatingMethodAccessorImpl.invoke(Unknown Source)
[21:51:31] [main/INFO]: [java.lang.Throwable$WrappedPrintStream:println:-1]: 	at java.lang.reflect.Method.invoke(Unknown Source)
[21:51:31] [main/INFO]: [java.lang.Throwable$WrappedPrintStream:println:-1]: 	at oolloo.jlw.Wrapper.invokeMain(Wrapper.java:60)
[21:51:31] [main/INFO]: [java.lang.Throwable$WrappedPrintStream:println:-1]: 	at oolloo.jlw.Wrapper.main(Wrapper.java:53)
[21:51:31] [main/INFO]: [java.lang.Throwable$WrappedPrintStream:println:-1]: Caused by: java.lang.ClassNotFoundException: codechicken.lib.asm.ASMInit
[21:51:31] [main/INFO]: [java.lang.Throwable$WrappedPrintStream:println:-1]: 	at net.minecraft.launchwrapper.LaunchClassLoader.findClass(LaunchClassLoader.java:191)
[21:51:31] [main/INFO]: [java.lang.Throwable$WrappedPrintStream:println:-1]: 	at java.lang.ClassLoader.loadClass(Unknown Source)
[21:51:31] [main/INFO]: [java.lang.Throwable$WrappedPrintStream:println:-1]: 	at java.lang.ClassLoader.loadClass(Unknown Source)
[21:51:31] [main/INFO]: [java.lang.Throwable$WrappedPrintStream:println:-1]: 	... 21 more
[21:51:31] [main/INFO]: [java.lang.Throwable$WrappedPrintStream:println:-1]: Caused by: java.lang.NullPointerException
[21:51:31] [main/INFO]: [java.lang.Throwable$WrappedPrintStream:println:-1]: 	at net.minecraft.launchwrapper.LaunchClassLoader.findClass(LaunchClassLoader.java:182)
[21:51:31] [main/INFO]: [java.lang.Throwable$WrappedPrintStream:println:-1]: 	... 23 more
[21:51:31] [main/ERROR]: An error occurred trying to configure the minecraft home at C:\Users\Administrator\Desktop\999 for Forge Mod Loader
java.lang.NoClassDefFoundError: codechicken/lib/asm/ASMInit
	at codechicken.nei.asm.NEICorePlugin.<init>(NEICorePlugin.java:18) ~[%5BNEI物品管理器%5D%20NotEnoughItems-1.7.10-1.0.5.120-universal.jar:?]
	at sun.reflect.NativeConstructorAccessorImpl.newInstance0(Native Method) ~[?:1.8.0_351]
	at sun.reflect.NativeConstructorAccessorImpl.newInstance(Unknown Source) ~[?:1.8.0_351]
	at sun.reflect.DelegatingConstructorAccessorImpl.newInstance(Unknown Source) ~[?:1.8.0_351]
	at java.lang.reflect.Constructor.newInstance(Unknown Source) ~[?:1.8.0_351]
	at java.lang.Class.newInstance(Unknown Source) ~[?:1.8.0_351]
	at cpw.mods.fml.relauncher.CoreModManager.loadCoreMod(CoreModManager.java:501) ~[forge-1.7.10-10.13.4.1614-1.7.10.jar:?]
	at cpw.mods.fml.relauncher.CoreModManager.discoverCoreMods(CoreModManager.java:389) ~[forge-1.7.10-10.13.4.1614-1.7.10.jar:?]
	at cpw.mods.fml.relauncher.CoreModManager.handleLaunch(CoreModManager.java:221) ~[forge-1.7.10-10.13.4.1614-1.7.10.jar:?]
	at cpw.mods.fml.relauncher.FMLLaunchHandler.setupHome(FMLLaunchHandler.java:90) [forge-1.7.10-10.13.4.1614-1.7.10.jar:?]
	at cpw.mods.fml.relauncher.FMLLaunchHandler.setupClient(FMLLaunchHandler.java:67) [forge-1.7.10-10.13.4.1614-1.7.10.jar:?]
	at cpw.mods.fml.relauncher.FMLLaunchHandler.configureForClientLaunch(FMLLaunchHandler.java:34) [forge-1.7.10-10.13.4.1614-1.7.10.jar:?]
	at cpw.mods.fml.common.launcher.FMLTweaker.injectIntoClassLoader(FMLTweaker.java:126) [forge-1.7.10-10.13.4.1614-1.7.10.jar:?]
	at net.minecraft.launchwrapper.Launch.launch(Launch.java:115) [launchwrapper-1.12.jar:?]
	at net.minecraft.launchwrapper.Launch.main(Launch.java:28) [launchwrapper-1.12.jar:?]
	at sun.reflect.NativeMethodAccessorImpl.invoke0(Native Method) ~[?:1.8.0_351]
	at sun.reflect.NativeMethodAccessorImpl.invoke(Unknown Source) ~[?:1.8.0_351]
	at sun.reflect.DelegatingMethodAccessorImpl.invoke(Unknown Source) ~[?:1.8.0_351]
	at java.lang.reflect.Method.invoke(Unknown Source) ~[?:1.8.0_351]
	at oolloo.jlw.Wrapper.invokeMain(Wrapper.java:60) [JavaWrapper.jar:?]
	at oolloo.jlw.Wrapper.main(Wrapper.java:53) [JavaWrapper.jar:?]
Caused by: java.lang.ClassNotFoundException: codechicken.lib.asm.ASMInit
	at net.minecraft.launchwrapper.LaunchClassLoader.findClass(LaunchClassLoader.java:191) ~[launchwrapper-1.12.jar:?]
	at java.lang.ClassLoader.loadClass(Unknown Source) ~[?:1.8.0_351]
	at java.lang.ClassLoader.loadClass(Unknown Source) ~[?:1.8.0_351]
	... 21 more
Caused by: java.lang.NullPointerException
	at net.minecraft.launchwrapper.LaunchClassLoader.findClass(LaunchClassLoader.java:182) ~[launchwrapper-1.12.jar:?]
	at java.lang.ClassLoader.loadClass(Unknown Source) ~[?:1.8.0_351]
	at java.lang.ClassLoader.loadClass(Unknown Source) ~[?:1.8.0_351]
	... 21 more
[21:51:31] [main/INFO]: [java.lang.Throwable$WrappedPrintStream:println:-1]: java.lang.reflect.InvocationTargetException
[21:51:31] [main/INFO]: [java.lang.Throwable$WrappedPrintStream:println:-1]: 	at sun.reflect.NativeMethodAccessorImpl.invoke0(Native Method)
[21:51:31] [main/INFO]: [java.lang.Throwable$WrappedPrintStream:println:-1]: 	at sun.reflect.NativeMethodAccessorImpl.invoke(Unknown Source)
[21:51:31] [main/INFO]: [java.lang.Throwable$WrappedPrintStream:println:-1]: 	at sun.reflect.DelegatingMethodAccessorImpl.invoke(Unknown Source)
[21:51:31] [main/INFO]: [java.lang.Throwable$WrappedPrintStream:println:-1]: 	at java.lang.reflect.Method.invoke(Unknown Source)
[21:51:31] [main/INFO]: [java.lang.Throwable$WrappedPrintStream:println:-1]: 	at oolloo.jlw.Wrapper.invokeMain(Wrapper.java:60)
[21:51:31] [main/INFO]: [java.lang.Throwable$WrappedPrintStream:println:-1]: 	at oolloo.jlw.Wrapper.main(Wrapper.java:53)
[21:51:31] [main/INFO]: [java.lang.Throwable$WrappedPrintStream:println:-1]: Caused by: java.lang.NoClassDefFoundError: codechicken/lib/asm/ASMInit
[21:51:31] [main/INFO]: [java.lang.Throwable$WrappedPrintStream:println:-1]: 	at codechicken.nei.asm.NEICorePlugin.<init>(NEICorePlugin.java:18)
[21:51:31] [main/INFO]: [java.lang.Throwable$WrappedPrintStream:println:-1]: 	at sun.reflect.NativeConstructorAccessorImpl.newInstance0(Native Method)
[21:51:31] [main/INFO]: [java.lang.Throwable$WrappedPrintStream:println:-1]: 	at sun.reflect.NativeConstructorAccessorImpl.newInstance(Unknown Source)
[21:51:31] [main/INFO]: [java.lang.Throwable$WrappedPrintStream:println:-1]: 	at sun.reflect.DelegatingConstructorAccessorImpl.newInstance(Unknown Source)
[21:51:31] [main/INFO]: [java.lang.Throwable$WrappedPrintStream:println:-1]: 	at java.lang.reflect.Constructor.newInstance(Unknown Source)
[21:51:31] [main/INFO]: [java.lang.Throwable$WrappedPrintStream:println:-1]: 	at java.lang.Class.newInstance(Unknown Source)
[21:51:31] [main/INFO]: [java.lang.Throwable$WrappedPrintStream:println:-1]: 	at cpw.mods.fml.relauncher.CoreModManager.loadCoreMod(CoreModManager.java:501)
[21:51:31] [main/INFO]: [java.lang.Throwable$WrappedPrintStream:println:-1]: 	at cpw.mods.fml.relauncher.CoreModManager.discoverCoreMods(CoreModManager.java:389)
[21:51:31] [main/INFO]: [java.lang.Throwable$WrappedPrintStream:println:-1]: 	at cpw.mods.fml.relauncher.CoreModManager.handleLaunch(CoreModManager.java:221)
[21:51:31] [main/INFO]: [java.lang.Throwable$WrappedPrintStream:println:-1]: 	at cpw.mods.fml.relauncher.FMLLaunchHandler.setupHome(FMLLaunchHandler.java:90)
[21:51:31] [main/INFO]: [java.lang.Throwable$WrappedPrintStream:println:-1]: 	at cpw.mods.fml.relauncher.FMLLaunchHandler.setupClient(FMLLaunchHandler.java:67)
[21:51:31] [main/INFO]: [java.lang.Throwable$WrappedPrintStream:println:-1]: 	at cpw.mods.fml.relauncher.FMLLaunchHandler.configureForClientLaunch(FMLLaunchHandler.java:34)
[21:51:31] [main/INFO]: [java.lang.Throwable$WrappedPrintStream:println:-1]: 	at cpw.mods.fml.common.launcher.FMLTweaker.injectIntoClassLoader(FMLTweaker.java:126)
[21:51:31] [main/INFO]: [java.lang.Throwable$WrappedPrintStream:println:-1]: 	at net.minecraft.launchwrapper.Launch.launch(Launch.java:115)
[21:51:31] [main/INFO]: [java.lang.Throwable$WrappedPrintStream:println:-1]: 	at net.minecraft.launchwrapper.Launch.main(Launch.java:28)
[21:51:31] [main/INFO]: [java.lang.Throwable$WrappedPrintStream:println:-1]: 	... 6 more
[21:51:31] [main/INFO]: [java.lang.Throwable$WrappedPrintStream:println:-1]: Caused by: java.lang.ClassNotFoundException: codechicken.lib.asm.ASMInit
[21:51:31] [main/INFO]: [java.lang.Throwable$WrappedPrintStream:println:-1]: 	at net.minecraft.launchwrapper.LaunchClassLoader.findClass(LaunchClassLoader.java:191)
[21:51:31] [main/INFO]: [java.lang.Throwable$WrappedPrintStream:println:-1]: 	at java.lang.ClassLoader.loadClass(Unknown Source)
[21:51:31] [main/INFO]: [java.lang.Throwable$WrappedPrintStream:println:-1]: 	at java.lang.ClassLoader.loadClass(Unknown Source)
[21:51:31] [main/INFO]: [java.lang.Throwable$WrappedPrintStream:println:-1]: 	... 21 more
[21:51:31] [main/INFO]: [java.lang.Throwable$WrappedPrintStream:println:-1]: Caused by: java.lang.NullPointerException
[21:51:31] [main/INFO]: [java.lang.Throwable$WrappedPrintStream:println:-1]: 	at net.minecraft.launchwrapper.LaunchClassLoader.findClass(LaunchClassLoader.java:182)
[21:51:31] [main/INFO]: [java.lang.Throwable$WrappedPrintStream:println:-1]: 	... 23 more
