[315月2023 21:54:24.228] [main/INFO] [cpw.mods.modlauncher.Launcher/MODLAUNCHER]: ModLauncher running: args [--username, Qi_Month, --version, FTB StoneBlock 3 1.5.0, --gameDir, D:\.minecraft\versions\FTB StoneBlock 3 1.5.0, --assetsDir, D:\.minecraft\assets, --assetIndex, 1.18, --uuid, 312348279b104289971d98c4a3455e9b, --accessToken, ????????, --clientId, ${clientid}, --xuid, ${auth_xuid}, --userType, msa, --versionType, PCL2, --width, 854, --height, 480, --launchTarget, forgeclient, --fml.forgeVersion, 40.1.92, --fml.mcVersion, 1.18.2, --fml.forgeGroup, net.minecraftforge, --fml.mcpVersion, 20220404.173914]
[315月2023 21:54:24.237] [main/INFO] [cpw.mods.modlauncher.Launcher/MODLAUNCHER]: ModLauncher 9.1.3+9.1.3+main.9b69c82a starting: java version 17.0.6 by Oracle Corporation
[315月2023 21:54:24.792] [main/INFO] [mixin/]: SpongePowered MIXIN Subsystem Version=0.8.5 Source=union:/D:/.minecraft/libraries/org/spongepowered/mixin/0.8.5/mixin-0.8.5.jar%2348!/ Service=ModLauncher Env=CLIENT
[315月2023 21:54:27.162] [main/WARN] [net.minecraftforge.fml.loading.moddiscovery.ModFileParser/LOADING]: Mod file D:\.minecraft\libraries\net\minecraftforge\fmlcore\1.18.2-40.1.92\fmlcore-1.18.2-40.1.92.jar is missing mods.toml file
[315月2023 21:54:27.168] [main/WARN] [net.minecraftforge.fml.loading.moddiscovery.ModFileParser/LOADING]: Mod file D:\.minecraft\libraries\net\minecraftforge\javafmllanguage\1.18.2-40.1.92\javafmllanguage-1.18.2-40.1.92.jar is missing mods.toml file
[315月2023 21:54:27.173] [main/WARN] [net.minecraftforge.fml.loading.moddiscovery.ModFileParser/LOADING]: Mod file D:\.minecraft\libraries\net\minecraftforge\lowcodelanguage\1.18.2-40.1.92\lowcodelanguage-1.18.2-40.1.92.jar is missing mods.toml file
[315月2023 21:54:27.178] [main/WARN] [net.minecraftforge.fml.loading.moddiscovery.ModFileParser/LOADING]: Mod file D:\.minecraft\libraries\net\minecraftforge\mclanguage\1.18.2-40.1.92\mclanguage-1.18.2-40.1.92.jar is missing mods.toml file
[315月2023 21:54:27.323] [main/INFO] [net.minecraftforge.fml.loading.moddiscovery.JarInJarDependencyLocator/]: Found 1 dependencies adding them to mods collection
[315月2023 21:54:27.553] [main/ERROR] [net.minecraftforge.fml.loading.ModSorter/LOADING]: Missing or unsupported mandatory dependencies:
	Mod ID: 'mantle', Requested by: 'tconstruct', Expected range: '[1.9.42,)', Actual version: '1.9.31'
[315月2023 21:54:34.664] [main/INFO] [mixin/]: Compatibility level set to JAVA_17
[315月2023 21:54:34.664] [main/ERROR] [mixin/]: Mixin config kubeutils.mixins.json does not specify "minVersion" property
[315月2023 21:54:34.752] [main/ERROR] [mixin/]: Mixin config tklib.mixin.json does not specify "minVersion" property
[315月2023 21:54:34.775] [main/ERROR] [mixin/]: Mixin config justhammers.mixins.json does not specify "minVersion" property
[315月2023 21:54:34.872] [main/ERROR] [mixin/]: Mixin config supercircuitmaker.mixin.json does not specify "minVersion" property
[315月2023 21:54:34.899] [main/ERROR] [mixin/]: Mixin config rei-jei-internals-workaround.mixins.json does not specify "minVersion" property
[315月2023 21:54:34.926] [main/ERROR] [mixin/]: Mixin config chipped-common.mixins.json does not specify "minVersion" property
[315月2023 21:54:34.931] [main/ERROR] [mixin/]: Mixin config chipped.mixins.json does not specify "minVersion" property
[315月2023 21:54:34.973] [main/ERROR] [mixin/]: Mixin config accelerateddecay.mixins.json does not specify "minVersion" property
[315月2023 21:54:35.003] [main/ERROR] [mixin/]: Mixin config polylib.mixins.json does not specify "minVersion" property
[315月2023 21:54:35.074] [main/ERROR] [mixin/]: Mixin config dsp.mixins.json does not specify "minVersion" property
[315月2023 21:54:35.095] [main/ERROR] [mixin/]: Mixin config rei.mixins.json does not specify "minVersion" property
[315月2023 21:54:35.140] [main/ERROR] [mixin/]: Mixin config minetogether-common.mixins.json does not specify "minVersion" property
[315月2023 21:54:35.144] [main/ERROR] [mixin/]: Mixin config minetogether-forge.mixins.json does not specify "minVersion" property
[315月2023 21:54:35.249] [main/INFO] [mixin/]: Successfully loaded Mixin Connector [com.leobeliik.extremesoundmuffler.MixinConnector]
[315月2023 21:54:35.254] [main/INFO] [cpw.mods.modlauncher.LaunchServiceHandler/MODLAUNCHER]: Launching target 'forgeclient' with arguments [--version, FTB StoneBlock 3 1.5.0, --gameDir, D:\.minecraft\versions\FTB StoneBlock 3 1.5.0, --assetsDir, D:\.minecraft\assets, --uuid, 312348279b104289971d98c4a3455e9b, --username, Qi_Month, --assetIndex, 1.18, --accessToken, ????????, --clientId, ${clientid}, --xuid, ${auth_xuid}, --userType, msa, --versionType, PCL2, --width, 854, --height, 480]
[315月2023 21:54:35.268] [main/WARN] [mixin/]: Reference map 'kube-utils-forge-refmap.json' for kubeutils.mixins.json could not be read. If this is a development environment you can ignore this message
[315月2023 21:54:35.306] [main/INFO] [Rubidium/]: Trying to switch memory allocators to work around memory leaks present with Jemalloc 5.0.0 through 5.2.0 on Windows
[315月2023 21:54:35.317] [main/INFO] [Rubidium/]: Loaded configuration file for Rubidium: 28 options available, 0 override(s) found
[315月2023 21:54:35.442] [main/WARN] [mixin/]: Reference map 'justhammers-forge-forge-refmap.json' for justhammers.mixins.json could not be read. If this is a development environment you can ignore this message
[315月2023 21:54:35.522] [main/WARN] [mixin/]: Reference map 'enigmaticgraves.refmap.json' for ppfluids.mixins.json could not be read. If this is a development environment you can ignore this message
[315月2023 21:54:35.529] [main/WARN] [mixin/]: Reference map 'compactmachines.refmap.json' for compactmachines.mixin.json could not be read. If this is a development environment you can ignore this message
[315月2023 21:54:35.651] [main/WARN] [mixin/]: Reference map 'supercircuitmaker.refmap.json' for supercircuitmaker.mixin.json could not be read. If this is a development environment you can ignore this message
[315月2023 21:54:35.772] [main/WARN] [mixin/]: Reference map 'chipped-forge-refmap.json' for chipped.mixins.json could not be read. If this is a development environment you can ignore this message
[315月2023 21:54:35.816] [main/WARN] [mixin/]: Reference map 'accelerated-decay-common-refmap.json' for accelerateddecay-common.mixins.json could not be read. If this is a development environment you can ignore this message
[315月2023 21:54:35.822] [main/WARN] [mixin/]: Reference map 'accelerated-decay-forge-forge-refmap.json' for accelerateddecay.mixins.json could not be read. If this is a development environment you can ignore this message
[315月2023 21:54:35.856] [main/WARN] [mixin/]: Reference map 'polylib-common-refmap.json' for polylib.mixins.json could not be read. If this is a development environment you can ignore this message
[315月2023 21:54:35.909] [main/WARN] [mixin/]: Reference map 'bloodmagic.refmap.json' for bloodmagic.mixins.json could not be read. If this is a development environment you can ignore this message
[315月2023 21:54:35.942] [main/WARN] [mixin/]: Reference map 'nethersdelight.refmap.json' for nethersdelight.mixins.json could not be read. If this is a development environment you can ignore this message
[315月2023 21:55:01.206] [pool-3-thread-1/INFO] [net.minecraftforge.registries.GameData/]: Potentially Dangerous alternative prefix `merequester` for name `requester`, expected `minecraft`. This could be a intended override, but in most cases indicates a broken mod.
[315月2023 21:55:01.232] [pool-3-thread-1/INFO] [net.minecraftforge.registries.GameData/]: Potentially Dangerous alternative prefix `ae2` for name `inscriber`, expected `minecraft`. This could be a intended override, but in most cases indicates a broken mod.
[315月2023 21:55:01.236] [pool-3-thread-1/INFO] [net.minecraftforge.registries.GameData/]: Potentially Dangerous alternative prefix `ae2` for name `wireless_access_point`, expected `minecraft`. This could be a intended override, but in most cases indicates a broken mod.
[315月2023 21:55:01.239] [pool-3-thread-1/INFO] [net.minecraftforge.registries.GameData/]: Potentially Dangerous alternative prefix `ae2` for name `charger`, expected `minecraft`. This could be a intended override, but in most cases indicates a broken mod.
[315月2023 21:55:01.242] [pool-3-thread-1/INFO] [net.minecraftforge.registries.GameData/]: Potentially Dangerous alternative prefix `ae2` for name `security_station`, expected `minecraft`. This could be a intended override, but in most cases indicates a broken mod.
[315月2023 21:55:01.247] [pool-3-thread-1/INFO] [net.minecraftforge.registries.GameData/]: Potentially Dangerous alternative prefix `ae2` for name `quantum_ring`, expected `minecraft`. This could be a intended override, but in most cases indicates a broken mod.
[315月2023 21:55:01.257] [pool-3-thread-1/INFO] [net.minecraftforge.registries.GameData/]: Potentially Dangerous alternative prefix `ae2` for name `spatial_pylon`, expected `minecraft`. This could be a intended override, but in most cases indicates a broken mod.
[315月2023 21:55:01.268] [pool-3-thread-1/INFO] [net.minecraftforge.registries.GameData/]: Potentially Dangerous alternative prefix `ae2` for name `spatial_io_port`, expected `minecraft`. This could be a intended override, but in most cases indicates a broken mod.
[315月2023 21:55:01.270] [pool-3-thread-1/INFO] [net.minecraftforge.registries.GameData/]: Potentially Dangerous alternative prefix `ae2` for name `spatial_anchor`, expected `minecraft`. This could be a intended override, but in most cases indicates a broken mod.
[315月2023 21:55:01.273] [pool-3-thread-1/INFO] [net.minecraftforge.registries.GameData/]: Potentially Dangerous alternative prefix `ae2` for name `cable_bus`, expected `minecraft`. This could be a intended override, but in most cases indicates a broken mod.
[315月2023 21:55:01.276] [pool-3-thread-1/INFO] [net.minecraftforge.registries.GameData/]: Potentially Dangerous alternative prefix `ae2` for name `controller`, expected `minecraft`. This could be a intended override, but in most cases indicates a broken mod.
[315月2023 21:55:01.279] [pool-3-thread-1/INFO] [net.minecraftforge.registries.GameData/]: Potentially Dangerous alternative prefix `ae2` for name `drive`, expected `minecraft`. This could be a intended override, but in most cases indicates a broken mod.
[315月2023 21:55:01.286] [pool-3-thread-1/INFO] [net.minecraftforge.registries.GameData/]: Potentially Dangerous alternative prefix `ae2` for name `chest`, expected `minecraft`. This could be a intended override, but in most cases indicates a broken mod.
[315月2023 21:55:01.289] [pool-3-thread-1/INFO] [net.minecraftforge.registries.GameData/]: Potentially Dangerous alternative prefix `ae2` for name `interface`, expected `minecraft`. This could be a intended override, but in most cases indicates a broken mod.
[315月2023 21:55:01.302] [pool-3-thread-1/INFO] [net.minecraftforge.registries.GameData/]: Potentially Dangerous alternative prefix `ae2` for name `cell_workbench`, expected `minecraft`. This could be a intended override, but in most cases indicates a broken mod.
[315月2023 21:55:01.309] [pool-3-thread-1/INFO] [net.minecraftforge.registries.GameData/]: Potentially Dangerous alternative prefix `ae2` for name `io_port`, expected `minecraft`. This could be a intended override, but in most cases indicates a broken mod.
[315月2023 21:55:01.311] [pool-3-thread-1/INFO] [net.minecraftforge.registries.GameData/]: Potentially Dangerous alternative prefix `ae2` for name `condenser`, expected `minecraft`. This could be a intended override, but in most cases indicates a broken mod.
[315月2023 21:55:01.312] [pool-3-thread-1/INFO] [net.minecraftforge.registries.GameData/]: Potentially Dangerous alternative prefix `ae2` for name `energy_acceptor`, expected `minecraft`. This could be a intended override, but in most cases indicates a broken mod.
[315月2023 21:55:01.339] [pool-3-thread-1/INFO] [net.minecraftforge.registries.GameData/]: Potentially Dangerous alternative prefix `ae2` for name `vibration_chamber`, expected `minecraft`. This could be a intended override, but in most cases indicates a broken mod.
[315月2023 21:55:01.344] [pool-3-thread-1/INFO] [net.minecraftforge.registries.GameData/]: Potentially Dangerous alternative prefix `ae2` for name `quartz_growth_accelerator`, expected `minecraft`. This could be a intended override, but in most cases indicates a broken mod.
[315月2023 21:55:01.346] [pool-3-thread-1/INFO] [net.minecraftforge.registries.GameData/]: Potentially Dangerous alternative prefix `ae2` for name `energy_cell`, expected `minecraft`. This could be a intended override, but in most cases indicates a broken mod.
[315月2023 21:55:01.348] [pool-3-thread-1/INFO] [net.minecraftforge.registries.GameData/]: Potentially Dangerous alternative prefix `ae2` for name `dense_energy_cell`, expected `minecraft`. This could be a intended override, but in most cases indicates a broken mod.
[315月2023 21:55:01.351] [pool-3-thread-1/INFO] [net.minecraftforge.registries.GameData/]: Potentially Dangerous alternative prefix `ae2` for name `creative_energy_cell`, expected `minecraft`. This could be a intended override, but in most cases indicates a broken mod.
[315月2023 21:55:01.354] [pool-3-thread-1/INFO] [net.minecraftforge.registries.GameData/]: Potentially Dangerous alternative prefix `ae2` for name `crafting_unit`, expected `minecraft`. This could be a intended override, but in most cases indicates a broken mod.
[315月2023 21:55:01.356] [pool-3-thread-1/INFO] [net.minecraftforge.registries.GameData/]: Potentially Dangerous alternative prefix `ae2` for name `crafting_storage`, expected `minecraft`. This could be a intended override, but in most cases indicates a broken mod.
[315月2023 21:55:01.358] [pool-3-thread-1/INFO] [net.minecraftforge.registries.GameData/]: Potentially Dangerous alternative prefix `ae2` for name `crafting_monitor`, expected `minecraft`. This could be a intended override, but in most cases indicates a broken mod.
[315月2023 21:55:01.374] [pool-3-thread-1/INFO] [net.minecraftforge.registries.GameData/]: Potentially Dangerous alternative prefix `ae2` for name `pattern_provider`, expected `minecraft`. This could be a intended override, but in most cases indicates a broken mod.
[315月2023 21:55:01.380] [pool-3-thread-1/INFO] [net.minecraftforge.registries.GameData/]: Potentially Dangerous alternative prefix `ae2` for name `molecular_assembler`, expected `minecraft`. This could be a intended override, but in most cases indicates a broken mod.
[315月2023 21:55:01.382] [pool-3-thread-1/INFO] [net.minecraftforge.registries.GameData/]: Potentially Dangerous alternative prefix `ae2` for name `light_detector`, expected `minecraft`. This could be a intended override, but in most cases indicates a broken mod.
[315月2023 21:55:01.384] [pool-3-thread-1/INFO] [net.minecraftforge.registries.GameData/]: Potentially Dangerous alternative prefix `ae2` for name `paint`, expected `minecraft`. This could be a intended override, but in most cases indicates a broken mod.
[315月2023 21:55:01.388] [pool-3-thread-1/INFO] [net.minecraftforge.registries.GameData/]: Potentially Dangerous alternative prefix `ae2` for name `sky_chest`, expected `minecraft`. This could be a intended override, but in most cases indicates a broken mod.
[315月2023 21:55:01.394] [pool-3-thread-1/INFO] [net.minecraftforge.registries.GameData/]: Potentially Dangerous alternative prefix `ae2` for name `sky_compass`, expected `minecraft`. This could be a intended override, but in most cases indicates a broken mod.
[315月2023 21:55:01.403] [pool-3-thread-1/INFO] [net.minecraftforge.registries.GameData/]: Potentially Dangerous alternative prefix `ae2` for name `sky_tank`, expected `minecraft`. This could be a intended override, but in most cases indicates a broken mod.
[315月2023 21:55:01.405] [pool-3-thread-1/INFO] [net.minecraftforge.registries.GameData/]: Potentially Dangerous alternative prefix `ae2` for name `debug_item_gen`, expected `minecraft`. This could be a intended override, but in most cases indicates a broken mod.
[315月2023 21:55:01.407] [pool-3-thread-1/INFO] [net.minecraftforge.registries.GameData/]: Potentially Dangerous alternative prefix `ae2` for name `debug_chunk_loader`, expected `minecraft`. This could be a intended override, but in most cases indicates a broken mod.
[315月2023 21:55:01.409] [pool-3-thread-1/INFO] [net.minecraftforge.registries.GameData/]: Potentially Dangerous alternative prefix `ae2` for name `debug_phantom_node`, expected `minecraft`. This could be a intended override, but in most cases indicates a broken mod.
[315月2023 21:55:01.414] [pool-3-thread-1/INFO] [net.minecraftforge.registries.GameData/]: Potentially Dangerous alternative prefix `ae2` for name `debug_cube_gen`, expected `minecraft`. This could be a intended override, but in most cases indicates a broken mod.
[315月2023 21:55:01.417] [pool-3-thread-1/INFO] [net.minecraftforge.registries.GameData/]: Potentially Dangerous alternative prefix `ae2` for name `debug_energy_gen`, expected `minecraft`. This could be a intended override, but in most cases indicates a broken mod.
[315月2023 21:55:02.230] [Render thread/WARN] [net.minecraft.server.packs.VanillaPackResources/]: Assets URL 'union:/D:/.minecraft/libraries/net/minecraft/client/1.18.2-20220404.173914/client-1.18.2-20220404.173914-srg.jar%23277!/assets/.mcassetsroot' uses unexpected schema
[315月2023 21:55:02.234] [Render thread/WARN] [net.minecraft.server.packs.VanillaPackResources/]: Assets URL 'union:/D:/.minecraft/libraries/net/minecraft/client/1.18.2-20220404.173914/client-1.18.2-20220404.173914-srg.jar%23277!/data/.mcassetsroot' uses unexpected schema
[315月2023 21:55:02.351] [Render thread/INFO] [com.mojang.authlib.yggdrasil.YggdrasilAuthenticationService/]: Environment: authHost='https://authserver.mojang.com', accountsHost='https://api.mojang.com', sessionHost='https://sessionserver.mojang.com', servicesHost='https://api.minecraftservices.com', name='PROD'
[315月2023 21:55:04.133] [Render thread/INFO] [net.minecraft.client.Minecraft/]: Setting user: Qi_Month
[315月2023 21:55:04.780] [Render thread/INFO] [net.minecraft.client.Minecraft/]: Backend library: LWJGL version 3.2.2 SNAPSHOT
[315月2023 21:55:05.350] [Render thread/INFO] [KubeJS/]: Loaded client.properties
[315月2023 21:55:08.485] [Render thread/FATAL] [net.minecraftforge.fml.ModLoader/CORE]: Error during pre-loading phase
net.minecraftforge.fml.ModLoadingException: Mod §etconstruct§r requires §6mantle§r §o1.9.42 or above§r
§7Currently, §6mantle§r§7 is §o1.9.31
	at net.minecraftforge.fml.ModLoadingException.lambda$fromEarlyException$0(ModLoadingException.java:50) ~[fmlcore-1.18.2-40.1.92.jar%23278!/:?]
	at java.util.stream.ReferencePipeline$3$1.accept(ReferencePipeline.java:197) ~[?:?]
	at java.util.AbstractList$RandomAccessSpliterator.forEachRemaining(AbstractList.java:720) ~[?:?]
	at java.util.stream.AbstractPipeline.copyInto(AbstractPipeline.java:509) ~[?:?]
	at java.util.stream.AbstractPipeline.wrapAndCopyInto(AbstractPipeline.java:499) ~[?:?]
	at java.util.stream.ForEachOps$ForEachOp.evaluateSequential(ForEachOps.java:150) ~[?:?]
	at java.util.stream.ForEachOps$ForEachOp$OfRef.evaluateSequential(ForEachOps.java:173) ~[?:?]
	at java.util.stream.AbstractPipeline.evaluate(AbstractPipeline.java:234) ~[?:?]
	at java.util.stream.ReferencePipeline.forEach(ReferencePipeline.java:596) ~[?:?]
	at java.util.stream.ReferencePipeline$7$1.accept(ReferencePipeline.java:276) ~[?:?]
	at java.util.ArrayList$ArrayListSpliterator.forEachRemaining(ArrayList.java:1625) ~[?:?]
	at java.util.stream.AbstractPipeline.copyInto(AbstractPipeline.java:509) ~[?:?]
	at java.util.stream.AbstractPipeline.wrapAndCopyInto(AbstractPipeline.java:499) ~[?:?]
	at java.util.stream.ReduceOps$ReduceOp.evaluateSequential(ReduceOps.java:921) ~[?:?]
	at java.util.stream.AbstractPipeline.evaluate(AbstractPipeline.java:234) ~[?:?]
	at java.util.stream.ReferencePipeline.collect(ReferencePipeline.java:682) ~[?:?]
	at net.minecraftforge.fml.ModLoader.<init>(ModLoader.java:95) ~[fmlcore-1.18.2-40.1.92.jar%23278!/:?]
	at net.minecraftforge.fml.ModLoader.get(ModLoader.java:127) ~[fmlcore-1.18.2-40.1.92.jar%23278!/:?]
	at net.minecraftforge.client.loading.ClientModLoader.lambda$begin$1(ClientModLoader.java:92) ~[forge-1.18.2-40.1.92-universal.jar%23282!/:?]
	at net.minecraftforge.client.loading.ClientModLoader.lambda$createRunnableWithCatch$4(ClientModLoader.java:112) ~[forge-1.18.2-40.1.92-universal.jar%23282!/:?]
	at net.minecraftforge.client.loading.ClientModLoader.begin(ClientModLoader.java:92) ~[forge-1.18.2-40.1.92-universal.jar%23282!/:?]
	at net.minecraft.client.Minecraft.<init>(Minecraft.java:459) ~[client-1.18.2-20220404.173914-srg.jar%23277!/:?]
	at net.minecraft.client.main.Main.main(Main.java:169) ~[client-1.18.2-20220404.173914-srg.jar%23277!/:?]
	at jdk.internal.reflect.NativeMethodAccessorImpl.invoke0(Native Method) ~[?:?]
	at jdk.internal.reflect.NativeMethodAccessorImpl.invoke(NativeMethodAccessorImpl.java:77) ~[?:?]
	at jdk.internal.reflect.DelegatingMethodAccessorImpl.invoke(DelegatingMethodAccessorImpl.java:43) ~[?:?]
	at java.lang.reflect.Method.invoke(Method.java:568) ~[?:?]
	at net.minecraftforge.fml.loading.targets.CommonClientLaunchHandler.lambda$launchService$0(CommonClientLaunchHandler.java:31) ~[fmlloader-1.18.2-40.1.92.jar%2351!/:?]
	at cpw.mods.modlauncher.LaunchServiceHandlerDecorator.launch(LaunchServiceHandlerDecorator.java:37) [modlauncher-9.1.3.jar%2339!/:?]
	at cpw.mods.modlauncher.LaunchServiceHandler.launch(LaunchServiceHandler.java:53) [modlauncher-9.1.3.jar%2339!/:?]
	at cpw.mods.modlauncher.LaunchServiceHandler.launch(LaunchServiceHandler.java:71) [modlauncher-9.1.3.jar%2339!/:?]
	at cpw.mods.modlauncher.Launcher.run(Launcher.java:106) [modlauncher-9.1.3.jar%2339!/:?]
	at cpw.mods.modlauncher.Launcher.main(Launcher.java:77) [modlauncher-9.1.3.jar%2339!/:?]
	at cpw.mods.modlauncher.BootstrapLaunchConsumer.accept(BootstrapLaunchConsumer.java:26) [modlauncher-9.1.3.jar%2339!/:?]
	at cpw.mods.modlauncher.BootstrapLaunchConsumer.accept(BootstrapLaunchConsumer.java:23) [modlauncher-9.1.3.jar%2339!/:?]
	at cpw.mods.bootstraplauncher.BootstrapLauncher.main(BootstrapLauncher.java:149) [bootstraplauncher-1.0.0.jar:?]
	at jdk.internal.reflect.NativeMethodAccessorImpl.invoke0(Native Method) ~[?:?]
	at jdk.internal.reflect.NativeMethodAccessorImpl.invoke(NativeMethodAccessorImpl.java:77) ~[?:?]
	at jdk.internal.reflect.DelegatingMethodAccessorImpl.invoke(DelegatingMethodAccessorImpl.java:43) ~[?:?]
	at java.lang.reflect.Method.invoke(Method.java:568) ~[?:?]
	at oolloo.jlw.Wrapper.invokeMain(Wrapper.java:60) [JavaWrapper.jar:?]
	at oolloo.jlw.Wrapper.main(Wrapper.java:53) [JavaWrapper.jar:?]
[315月2023 21:55:08.820] [Render thread/WARN] [net.minecraft.client.Options/]: Removed resource pack mod_resources from options because it doesn't seem to exist anymore
[315月2023 21:55:08.821] [Render thread/WARN] [net.minecraft.client.Options/]: Removed resource pack buddingcrystals_json_crystals from options because it doesn't seem to exist anymore
[315月2023 21:55:08.821] [Render thread/WARN] [net.minecraft.client.Options/]: Removed resource pack Supplementaries Generated Pack from options because it doesn't seem to exist anymore
[315月2023 21:55:08.821] [Render thread/WARN] [net.minecraft.client.Options/]: Removed resource pack dynamic_asset_generator:client from options because it doesn't seem to exist anymore
[315月2023 21:55:09.304] [Render thread/ERROR] [net.minecraftforge.fml.ModLoader/]: Cowardly refusing to send event net.minecraftforge.client.event.sound.SoundLoadEvent to a broken mod state
[315月2023 21:55:10.756] [Render thread/ERROR] [net.minecraftforge.fml.ModLoader/]: Cowardly refusing to send event net.minecraftforge.client.event.ColorHandlerEvent$Block to a broken mod state
[315月2023 21:55:10.775] [Render thread/ERROR] [net.minecraftforge.fml.ModLoader/]: Cowardly refusing to send event net.minecraftforge.client.event.ColorHandlerEvent$Item to a broken mod state
[315月2023 21:55:13.187] [Render thread/ERROR] [net.minecraftforge.fml.ModLoader/]: Cowardly refusing to send event net.minecraftforge.client.event.RenderLevelStageEvent$RegisterStageEvent to a broken mod state
[315月2023 21:55:15.019] [Render thread/ERROR] [net.minecraftforge.fml.ModLoader/]: Cowardly refusing to send event net.minecraftforge.client.event.ParticleFactoryRegisterEvent to a broken mod state
[315月2023 21:55:15.857] [Render thread/INFO] [com.mojang.text2speech.NarratorWindows/]: Narrator library for x64 successfully loaded
