[184月2023 20:10:00.827] [main/INFO] [cpw.mods.modlauncher.Launcher/MODLAUNCHER]: ModLauncher running: args [--username, 000, --version, 1.18.2-Forge_40.2.1, --gameDir, C:\Users\Administrator\Desktop\6, --assetsDir, C:\Users\Administrator\Desktop\6\assets, --assetIndex, 1.18, --uuid, 0000000000003003998F501BCC55E4BD, --accessToken, ????????, --clientId, ${clientid}, --xuid, ${auth_xuid}, --userType, Legacy, --versionType, PCL2, --width, 854, --height, 480, --launchTarget, forgeclient, --fml.forgeVersion, 40.2.1, --fml.mcVersion, 1.18.2, --fml.forgeGroup, net.minecraftforge, --fml.mcpVersion, 20220404.173914]
[184月2023 20:10:00.833] [main/INFO] [cpw.mods.modlauncher.Launcher/MODLAUNCHER]: ModLauncher 9.1.3+9.1.3+main.9b69c82a starting: java version 17.0.1 by Microsoft
[184月2023 20:10:00.852] [main/DEBUG] [cpw.mods.modlauncher.LaunchServiceHandler/MODLAUNCHER]: Found launch services [fmlclientdev,forgeclient,minecraft,forgegametestserverdev,fmlserveruserdev,fmlclient,fmldatauserdev,forgeserverdev,forgeserveruserdev,forgeclientdev,forgeclientuserdev,forgeserver,forgedatadev,fmlserver,fmlclientuserdev,fmlserverdev,forgedatauserdev,testharness,forgegametestserveruserdev]
[184月2023 20:10:00.881] [main/DEBUG] [cpw.mods.modlauncher.NameMappingServiceHandler/MODLAUNCHER]: Found naming services : [srgtomcp]
[184月2023 20:10:00.899] [main/DEBUG] [cpw.mods.modlauncher.LaunchPluginHandler/MODLAUNCHER]: Found launch plugins: [mixin,eventbus,slf4jfixer,object_holder_definalize,runtime_enum_extender,capability_token_subclass,accesstransformer,runtimedistcleaner]
[184月2023 20:10:00.915] [main/DEBUG] [cpw.mods.modlauncher.TransformationServicesHandler/MODLAUNCHER]: Discovering transformation services
[184月2023 20:10:00.938] [main/DEBUG] [cpw.mods.modlauncher.TransformationServicesHandler/MODLAUNCHER]: Found additional transformation services from discovery services: java.util.stream.ReferencePipeline$3@1a1da881
[184月2023 20:10:00.967] [main/DEBUG] [cpw.mods.modlauncher.TransformationServicesHandler/MODLAUNCHER]: Found transformer services : [mixin,fml]
[184月2023 20:10:00.967] [main/DEBUG] [cpw.mods.modlauncher.TransformationServicesHandler/MODLAUNCHER]: Transformation services loading
[184月2023 20:10:00.969] [main/DEBUG] [cpw.mods.modlauncher.TransformationServiceDecorator/MODLAUNCHER]: Loading service mixin
[184月2023 20:10:00.969] [main/DEBUG] [cpw.mods.modlauncher.TransformationServiceDecorator/MODLAUNCHER]: Loaded service mixin
[184月2023 20:10:00.978] [main/DEBUG] [cpw.mods.modlauncher.TransformationServiceDecorator/MODLAUNCHER]: Loading service fml
[184月2023 20:10:00.983] [main/DEBUG] [net.minecraftforge.fml.loading.LauncherVersion/CORE]: Found FMLLauncher version 1.0
[184月2023 20:10:00.983] [main/DEBUG] [net.minecraftforge.fml.loading.FMLLoader/CORE]: FML 1.0 loading
[184月2023 20:10:00.984] [main/DEBUG] [net.minecraftforge.fml.loading.FMLLoader/CORE]: FML found ModLauncher version : 9.1.3+9.1.3+main.9b69c82a
[184月2023 20:10:00.988] [main/DEBUG] [net.minecraftforge.fml.loading.FMLLoader/CORE]: FML found AccessTransformer version : 8.0.4+66+master.c09db6d7
[184月2023 20:10:00.988] [main/DEBUG] [net.minecraftforge.fml.loading.FMLLoader/CORE]: FML found EventBus version : 5.0.3+70+master.d7d405b
[184月2023 20:10:00.989] [main/DEBUG] [net.minecraftforge.fml.loading.FMLLoader/CORE]: Found Runtime Dist Cleaner
[184月2023 20:10:00.994] [main/DEBUG] [net.minecraftforge.fml.loading.FMLLoader/CORE]: FML found CoreMod version : 5.0.1+15+master.dc5a2922
[184月2023 20:10:00.995] [main/DEBUG] [net.minecraftforge.fml.loading.FMLLoader/CORE]: Found ForgeSPI package implementation version 4.0.15-4.x+4.0.15-4.x+4.x.038e91c0
[184月2023 20:10:00.995] [main/DEBUG] [net.minecraftforge.fml.loading.FMLLoader/CORE]: Found ForgeSPI package specification 4
[184月2023 20:10:01.000] [main/DEBUG] [cpw.mods.modlauncher.TransformationServiceDecorator/MODLAUNCHER]: Loaded service fml
[184月2023 20:10:01.002] [main/DEBUG] [cpw.mods.modlauncher.TransformationServicesHandler/MODLAUNCHER]: Configuring option handling for services
[184月2023 20:10:01.039] [main/DEBUG] [cpw.mods.modlauncher.TransformationServicesHandler/MODLAUNCHER]: Transformation services initializing
[184月2023 20:10:01.041] [main/DEBUG] [cpw.mods.modlauncher.TransformationServiceDecorator/MODLAUNCHER]: Initializing transformation service mixin
[184月2023 20:10:01.085] [main/DEBUG] [mixin/]: MixinService [ModLauncher] was successfully booted in cpw.mods.cl.ModuleClassLoader@130161f7
[184月2023 20:10:01.119] [main/INFO] [mixin/]: SpongePowered MIXIN Subsystem Version=0.8.5 Source=union:/C:/Users/Administrator/Desktop/6/libraries/org/spongepowered/mixin/0.8.5/mixin-0.8.5.jar%2348!/ Service=ModLauncher Env=CLIENT
[184月2023 20:10:01.125] [main/DEBUG] [mixin/]: Initialising Mixin Platform Manager
[184月2023 20:10:01.126] [main/DEBUG] [mixin/]: Adding mixin platform agents for container ModLauncher Root Container(ModLauncher:4f56a0a2)
[184月2023 20:10:01.128] [main/DEBUG] [mixin/]: Instancing new MixinPlatformAgentMinecraftForge for ModLauncher Root Container(ModLauncher:4f56a0a2)
[184月2023 20:10:01.129] [main/DEBUG] [mixin/]: MixinPlatformAgentMinecraftForge rejected container ModLauncher Root Container(ModLauncher:4f56a0a2)
[184月2023 20:10:01.130] [main/DEBUG] [mixin/]: Instancing new MixinPlatformAgentDefault for ModLauncher Root Container(ModLauncher:4f56a0a2)
[184月2023 20:10:01.131] [main/DEBUG] [mixin/]: MixinPlatformAgentDefault accepted container ModLauncher Root Container(ModLauncher:4f56a0a2)
[184月2023 20:10:01.135] [main/DEBUG] [cpw.mods.modlauncher.TransformationServiceDecorator/MODLAUNCHER]: Initialized transformation service mixin
[184月2023 20:10:01.136] [main/DEBUG] [cpw.mods.modlauncher.TransformationServiceDecorator/MODLAUNCHER]: Initializing transformation service fml
[184月2023 20:10:01.137] [main/DEBUG] [net.minecraftforge.fml.loading.FMLServiceProvider/CORE]: Setting up basic FML game directories
[184月2023 20:10:01.140] [main/DEBUG] [net.minecraftforge.fml.loading.FileUtils/CORE]: Found existing GAMEDIR directory : C:\Users\Administrator\Desktop\6
[184月2023 20:10:01.141] [main/DEBUG] [net.minecraftforge.fml.loading.FMLPaths/CORE]: Path GAMEDIR is C:\Users\Administrator\Desktop\6
[184月2023 20:10:01.141] [main/DEBUG] [net.minecraftforge.fml.loading.FileUtils/CORE]: Found existing MODSDIR directory : C:\Users\Administrator\Desktop\6\mods
[184月2023 20:10:01.142] [main/DEBUG] [net.minecraftforge.fml.loading.FMLPaths/CORE]: Path MODSDIR is C:\Users\Administrator\Desktop\6\mods
[184月2023 20:10:01.143] [main/DEBUG] [net.minecraftforge.fml.loading.FileUtils/CORE]: Found existing CONFIGDIR directory : C:\Users\Administrator\Desktop\6\config
[184月2023 20:10:01.143] [main/DEBUG] [net.minecraftforge.fml.loading.FMLPaths/CORE]: Path CONFIGDIR is C:\Users\Administrator\Desktop\6\config
[184月2023 20:10:01.170] [main/DEBUG] [net.minecraftforge.fml.loading.FMLPaths/CORE]: Path FMLCONFIG is C:\Users\Administrator\Desktop\6\config\fml.toml
[184月2023 20:10:01.171] [main/DEBUG] [net.minecraftforge.fml.loading.FMLServiceProvider/CORE]: Loading configuration
[184月2023 20:10:01.261] [main/DEBUG] [net.minecraftforge.fml.loading.FileUtils/CORE]: Found existing default config directory directory : C:\Users\Administrator\Desktop\6\defaultconfigs
[184月2023 20:10:01.261] [main/DEBUG] [net.minecraftforge.fml.loading.FMLServiceProvider/CORE]: Preparing ModFile
[184月2023 20:10:01.271] [main/DEBUG] [net.minecraftforge.fml.loading.FMLServiceProvider/CORE]: Preparing launch handler
[184月2023 20:10:01.272] [main/DEBUG] [net.minecraftforge.fml.loading.FMLLoader/CORE]: Using forgeclient as launch service
[184月2023 20:10:01.312] [main/DEBUG] [net.minecraftforge.fml.loading.FMLLoader/CORE]: Received command line version data  : VersionInfo[forgeVersion=40.2.1, mcVersion=1.18.2, mcpVersion=20220404.173914, forgeGroup=net.minecraftforge]
[184月2023 20:10:01.315] [main/DEBUG] [cpw.mods.modlauncher.TransformationServiceDecorator/MODLAUNCHER]: Initialized transformation service fml
[184月2023 20:10:01.316] [main/DEBUG] [cpw.mods.modlauncher.NameMappingServiceHandler/MODLAUNCHER]: Current naming domain is 'srg'
[184月2023 20:10:01.318] [main/DEBUG] [cpw.mods.modlauncher.NameMappingServiceHandler/MODLAUNCHER]: Identified name mapping providers {}
[184月2023 20:10:01.318] [main/DEBUG] [cpw.mods.modlauncher.TransformationServicesHandler/MODLAUNCHER]: Transformation services begin scanning
[184月2023 20:10:01.319] [main/DEBUG] [cpw.mods.modlauncher.TransformationServiceDecorator/MODLAUNCHER]: Beginning scan trigger - transformation service mixin
[184月2023 20:10:01.319] [main/DEBUG] [cpw.mods.modlauncher.TransformationServiceDecorator/MODLAUNCHER]: End scan trigger - transformation service mixin
[184月2023 20:10:01.320] [main/DEBUG] [cpw.mods.modlauncher.TransformationServiceDecorator/MODLAUNCHER]: Beginning scan trigger - transformation service fml
[184月2023 20:10:01.320] [main/DEBUG] [net.minecraftforge.fml.loading.FMLServiceProvider/CORE]: Initiating mod scan
[184月2023 20:10:01.339] [main/DEBUG] [net.minecraftforge.fml.loading.moddiscovery.ModListHandler/CORE]: Found mod coordinates from lists: []
[184月2023 20:10:01.341] [main/DEBUG] [net.minecraftforge.fml.loading.moddiscovery.ModDiscoverer/CORE]: Found Mod Locators : (mods folder:null),(maven libs:null),(exploded directory:null),(minecraft:null),(userdev classpath:null),(JarInJar:null)
[184月2023 20:10:01.363] [main/DEBUG] [net.minecraftforge.fml.loading.moddiscovery.ModFileParser/LOADING]: Considering mod file candidate C:\Users\Administrator\Desktop\6\mods\litematica-forge-1.18.2-0.11.6-sources.jar
[184月2023 20:10:01.475] [main/DEBUG] [net.minecraftforge.fml.loading.moddiscovery.ModFileInfo/LOADING]: Found valid mod file litematica-forge-1.18.2-0.11.6-sources.jar with {litematica} mods - versions {version}
[184月2023 20:10:01.485] [main/DEBUG] [net.minecraftforge.fml.loading.moddiscovery.ModFileParser/LOADING]: Considering mod file candidate C:\Users\Administrator\Desktop\6\mods\malilib-forge-1.18.2-0.12.1-sources.jar
[184月2023 20:10:01.486] [main/DEBUG] [net.minecraftforge.fml.loading.moddiscovery.ModFileInfo/LOADING]: Found valid mod file malilib-forge-1.18.2-0.12.1-sources.jar with {malilib} mods - versions {version}
[184月2023 20:10:01.845] [main/DEBUG] [net.minecraftforge.fml.loading.moddiscovery.ModFileInfo/LOADING]: Found valid mod file client-1.18.2-20220404.173914-srg.jar with {minecraft} mods - versions {1.18.2}
[184月2023 20:10:01.857] [main/DEBUG] [net.minecraftforge.fml.loading.moddiscovery.ModFileParser/LOADING]: Considering mod file candidate C:\Users\Administrator\Desktop\6\libraries\net\minecraftforge\fmlcore\1.18.2-40.2.1\fmlcore-1.18.2-40.2.1.jar
[184月2023 20:10:01.858] [main/WARN] [net.minecraftforge.fml.loading.moddiscovery.ModFileParser/LOADING]: Mod file C:\Users\Administrator\Desktop\6\libraries\net\minecraftforge\fmlcore\1.18.2-40.2.1\fmlcore-1.18.2-40.2.1.jar is missing mods.toml file
[184月2023 20:10:01.868] [main/DEBUG] [net.minecraftforge.fml.loading.moddiscovery.ModFileParser/LOADING]: Considering mod file candidate C:\Users\Administrator\Desktop\6\libraries\net\minecraftforge\javafmllanguage\1.18.2-40.2.1\javafmllanguage-1.18.2-40.2.1.jar
[184月2023 20:10:01.868] [main/WARN] [net.minecraftforge.fml.loading.moddiscovery.ModFileParser/LOADING]: Mod file C:\Users\Administrator\Desktop\6\libraries\net\minecraftforge\javafmllanguage\1.18.2-40.2.1\javafmllanguage-1.18.2-40.2.1.jar is missing mods.toml file
[184月2023 20:10:01.876] [main/DEBUG] [net.minecraftforge.fml.loading.moddiscovery.ModFileParser/LOADING]: Considering mod file candidate C:\Users\Administrator\Desktop\6\libraries\net\minecraftforge\lowcodelanguage\1.18.2-40.2.1\lowcodelanguage-1.18.2-40.2.1.jar
[184月2023 20:10:01.876] [main/WARN] [net.minecraftforge.fml.loading.moddiscovery.ModFileParser/LOADING]: Mod file C:\Users\Administrator\Desktop\6\libraries\net\minecraftforge\lowcodelanguage\1.18.2-40.2.1\lowcodelanguage-1.18.2-40.2.1.jar is missing mods.toml file
[184月2023 20:10:01.886] [main/DEBUG] [net.minecraftforge.fml.loading.moddiscovery.ModFileParser/LOADING]: Considering mod file candidate C:\Users\Administrator\Desktop\6\libraries\net\minecraftforge\mclanguage\1.18.2-40.2.1\mclanguage-1.18.2-40.2.1.jar
[184月2023 20:10:01.886] [main/WARN] [net.minecraftforge.fml.loading.moddiscovery.ModFileParser/LOADING]: Mod file C:\Users\Administrator\Desktop\6\libraries\net\minecraftforge\mclanguage\1.18.2-40.2.1\mclanguage-1.18.2-40.2.1.jar is missing mods.toml file
[184月2023 20:10:01.937] [main/DEBUG] [net.minecraftforge.fml.loading.moddiscovery.ModFileParser/LOADING]: Considering mod file candidate C:\Users\Administrator\Desktop\6\libraries\net\minecraftforge\forge\1.18.2-40.2.1\forge-1.18.2-40.2.1-universal.jar
[184月2023 20:10:01.943] [main/DEBUG] [net.minecraftforge.fml.loading.moddiscovery.ModFileInfo/LOADING]: Found valid mod file forge-1.18.2-40.2.1-universal.jar with {forge} mods - versions {40.2.1}
[184月2023 20:10:01.972] [main/DEBUG] [net.minecraftforge.fml.loading.moddiscovery.AbstractJarFileDependencyLocator/]: Failed to load resource META-INF\jarjar\metadata.json from client-1.18.2-20220404.173914-srg.jar, it does not contain dependency information.
[184月2023 20:10:01.972] [main/DEBUG] [net.minecraftforge.fml.loading.moddiscovery.AbstractJarFileDependencyLocator/]: Failed to load resource META-INF\jarjar\metadata.json from malilib-forge-1.18.2-0.12.1-sources.jar, it does not contain dependency information.
[184月2023 20:10:01.973] [main/DEBUG] [net.minecraftforge.fml.loading.moddiscovery.AbstractJarFileDependencyLocator/]: Failed to load resource META-INF\jarjar\metadata.json from forge-1.18.2-40.2.1-universal.jar, it does not contain dependency information.
[184月2023 20:10:01.973] [main/DEBUG] [net.minecraftforge.fml.loading.moddiscovery.AbstractJarFileDependencyLocator/]: Failed to load resource META-INF\jarjar\metadata.json from litematica-forge-1.18.2-0.11.6-sources.jar, it does not contain dependency information.
[184月2023 20:10:01.973] [main/DEBUG] [net.minecraftforge.fml.loading.moddiscovery.AbstractJarFileDependencyLocator/]: Failed to load resource META-INF\jarjar\metadata.json from mclanguage-1.18.2-40.2.1.jar, it does not contain dependency information.
[184月2023 20:10:01.973] [main/DEBUG] [net.minecraftforge.fml.loading.moddiscovery.AbstractJarFileDependencyLocator/]: Failed to load resource META-INF\jarjar\metadata.json from javafmllanguage-1.18.2-40.2.1.jar, it does not contain dependency information.
[184月2023 20:10:01.973] [main/DEBUG] [net.minecraftforge.fml.loading.moddiscovery.AbstractJarFileDependencyLocator/]: Failed to load resource META-INF\jarjar\metadata.json from fmlcore-1.18.2-40.2.1.jar, it does not contain dependency information.
[184月2023 20:10:01.974] [main/DEBUG] [net.minecraftforge.fml.loading.moddiscovery.AbstractJarFileDependencyLocator/]: Failed to load resource META-INF\jarjar\metadata.json from lowcodelanguage-1.18.2-40.2.1.jar, it does not contain dependency information.
[184月2023 20:10:02.021] [main/INFO] [net.minecraftforge.fml.loading.moddiscovery.JarInJarDependencyLocator/]: No dependencies to load found. Skipping!
[184月2023 20:10:02.024] [main/DEBUG] [net.minecraftforge.fml.loading.moddiscovery.ModFileInfo/LOADING]: Found valid mod file client-1.18.2-20220404.173914-srg.jar with {minecraft} mods - versions {1.18.2}
[184月2023 20:10:02.029] [main/DEBUG] [net.minecraftforge.fml.loading.moddiscovery.ModFile/LOADING]: Loading mod file C:\Users\Administrator\Desktop\6\libraries\net\minecraft\client\1.18.2-20220404.173914\client-1.18.2-20220404.173914-srg.jar with languages [LanguageSpec[languageName=minecraft, acceptedVersions=1]]
[184月2023 20:10:02.031] [main/DEBUG] [net.minecraftforge.fml.loading.moddiscovery.ModFileParser/LOADING]: Considering mod file candidate C:\Users\Administrator\Desktop\6\mods\malilib-forge-1.18.2-0.12.1-sources.jar
[184月2023 20:10:02.032] [main/DEBUG] [net.minecraftforge.fml.loading.moddiscovery.ModFileInfo/LOADING]: Found valid mod file malilib-forge-1.18.2-0.12.1-sources.jar with {malilib} mods - versions {version}
[184月2023 20:10:02.032] [main/DEBUG] [net.minecraftforge.fml.loading.moddiscovery.ModFile/LOADING]: Loading mod file C:\Users\Administrator\Desktop\6\mods\malilib-forge-1.18.2-0.12.1-sources.jar with languages [LanguageSpec[languageName=javafml, acceptedVersions=[40,)]]
[184月2023 20:10:02.033] [main/DEBUG] [net.minecraftforge.fml.loading.moddiscovery.ModFileParser/LOADING]: Considering mod file candidate C:\Users\Administrator\Desktop\6\libraries\net\minecraftforge\forge\1.18.2-40.2.1\forge-1.18.2-40.2.1-universal.jar
[184月2023 20:10:02.034] [main/DEBUG] [net.minecraftforge.fml.loading.moddiscovery.ModFileInfo/LOADING]: Found valid mod file forge-1.18.2-40.2.1-universal.jar with {forge} mods - versions {40.2.1}
[184月2023 20:10:02.034] [main/DEBUG] [net.minecraftforge.fml.loading.moddiscovery.ModFile/LOADING]: Loading mod file C:\Users\Administrator\Desktop\6\libraries\net\minecraftforge\forge\1.18.2-40.2.1\forge-1.18.2-40.2.1-universal.jar with languages [LanguageSpec[languageName=javafml, acceptedVersions=[24,]]]
[184月2023 20:10:02.080] [main/DEBUG] [net.minecraftforge.fml.loading.moddiscovery.ModFileParser/LOADING]: Found coremod field_to_method with Javascript path coremods/field_to_method.js
[184月2023 20:10:02.080] [main/DEBUG] [net.minecraftforge.fml.loading.moddiscovery.ModFileParser/LOADING]: Found coremod field_to_instanceof with Javascript path coremods/field_to_instanceof.js
[184月2023 20:10:02.080] [main/DEBUG] [net.minecraftforge.fml.loading.moddiscovery.ModFileParser/LOADING]: Found coremod add_bouncer_method with Javascript path coremods/add_bouncer_method.js
[184月2023 20:10:02.080] [main/DEBUG] [net.minecraftforge.fml.loading.moddiscovery.ModFileParser/LOADING]: Found coremod registry_object_binary_compat with Javascript path coremods/registry_object_binary_compat.js
[184月2023 20:10:02.081] [main/DEBUG] [net.minecraftforge.fml.loading.moddiscovery.ModFile/LOADING]: Found coremod coremods/field_to_method.js
[184月2023 20:10:02.081] [main/DEBUG] [net.minecraftforge.fml.loading.moddiscovery.ModFile/LOADING]: Found coremod coremods/field_to_instanceof.js
[184月2023 20:10:02.081] [main/DEBUG] [net.minecraftforge.fml.loading.moddiscovery.ModFile/LOADING]: Found coremod coremods/add_bouncer_method.js
[184月2023 20:10:02.081] [main/DEBUG] [net.minecraftforge.fml.loading.moddiscovery.ModFile/LOADING]: Found coremod coremods/registry_object_binary_compat.js
[184月2023 20:10:02.081] [main/DEBUG] [net.minecraftforge.fml.loading.moddiscovery.ModFileParser/LOADING]: Considering mod file candidate C:\Users\Administrator\Desktop\6\mods\litematica-forge-1.18.2-0.11.6-sources.jar
[184月2023 20:10:02.083] [main/DEBUG] [net.minecraftforge.fml.loading.moddiscovery.ModFileInfo/LOADING]: Found valid mod file litematica-forge-1.18.2-0.11.6-sources.jar with {litematica} mods - versions {version}
[184月2023 20:10:02.083] [main/DEBUG] [net.minecraftforge.fml.loading.moddiscovery.ModFile/LOADING]: Loading mod file C:\Users\Administrator\Desktop\6\mods\litematica-forge-1.18.2-0.11.6-sources.jar with languages [LanguageSpec[languageName=javafml, acceptedVersions=[40,)]]
[184月2023 20:10:02.088] [main/DEBUG] [cpw.mods.modlauncher.TransformationServiceDecorator/MODLAUNCHER]: End scan trigger - transformation service fml
[184月2023 20:10:02.105] [main/DEBUG] [net.minecraftforge.fml.loading.LanguageLoadingProvider/CORE]: Found 3 language providers
[184月2023 20:10:02.106] [main/DEBUG] [net.minecraftforge.fml.loading.LanguageLoadingProvider/CORE]: Found language provider minecraft, version 1.0
[184月2023 20:10:02.107] [main/DEBUG] [net.minecraftforge.fml.loading.LanguageLoadingProvider/CORE]: Found language provider lowcodefml, version 40
[184月2023 20:10:02.108] [main/DEBUG] [net.minecraftforge.fml.loading.LanguageLoadingProvider/CORE]: Found language provider javafml, version 40
[184月2023 20:10:02.113] [main/DEBUG] [net.minecraftforge.fml.loading.ModSorter/]: Configured system mods: [minecraft, forge]
[184月2023 20:10:02.113] [main/DEBUG] [net.minecraftforge.fml.loading.ModSorter/]: Found system mod: minecraft
[184月2023 20:10:02.113] [main/DEBUG] [net.minecraftforge.fml.loading.ModSorter/]: Found system mod: forge
[184月2023 20:10:02.116] [main/DEBUG] [net.minecraftforge.fml.loading.ModSorter/LOADING]: Found 5 mod requirements (5 mandatory, 0 optional)
[184月2023 20:10:02.117] [main/DEBUG] [net.minecraftforge.fml.loading.ModSorter/LOADING]: Found 3 mod requirements missing (3 mandatory, 0 optional)
[184月2023 20:10:02.118] [main/ERROR] [net.minecraftforge.fml.loading.ModSorter/LOADING]: Missing or unsupported mandatory dependencies:
	Mod ID: 'malilib', Requested by: 'litematica', Expected range: '[0.12.0,)', Actual version: 'version'
	Mod ID: 'minecraft', Requested by: 'litematica', Expected range: '[${minecraft_version},${minecraft_version}]', Actual version: '1.18.2'
	Mod ID: 'minecraft', Requested by: 'malilib', Expected range: '[${minecraft_version},${minecraft_version}]', Actual version: '1.18.2'
[184月2023 20:10:02.795] [main/DEBUG] [cpw.mods.modlauncher.TransformationServicesHandler/MODLAUNCHER]: Transformation services loading transformers
[184月2023 20:10:02.795] [main/DEBUG] [cpw.mods.modlauncher.TransformationServiceDecorator/MODLAUNCHER]: Initializing transformers for transformation service mixin
[184月2023 20:10:02.796] [main/DEBUG] [cpw.mods.modlauncher.TransformationServiceDecorator/MODLAUNCHER]: Initialized transformers for transformation service mixin
[184月2023 20:10:02.804] [main/DEBUG] [cpw.mods.modlauncher.TransformationServiceDecorator/MODLAUNCHER]: Initializing transformers for transformation service fml
[184月2023 20:10:02.805] [main/DEBUG] [net.minecraftforge.fml.loading.FMLServiceProvider/CORE]: Loading coremod transformers
[184月2023 20:10:02.806] [main/DEBUG] [net.minecraftforge.coremod.CoreModEngine/COREMOD]: Loading CoreMod from coremods/field_to_method.js
[184月2023 20:10:03.174] [main/DEBUG] [net.minecraftforge.coremod.CoreModEngine/COREMOD]: CoreMod loaded successfully
[184月2023 20:10:03.174] [main/DEBUG] [net.minecraftforge.coremod.CoreModEngine/COREMOD]: Loading CoreMod from coremods/field_to_instanceof.js
[184月2023 20:10:03.269] [main/DEBUG] [net.minecraftforge.coremod.CoreModEngine/COREMOD]: CoreMod loaded successfully
[184月2023 20:10:03.269] [main/DEBUG] [net.minecraftforge.coremod.CoreModEngine/COREMOD]: Loading CoreMod from coremods/add_bouncer_method.js
[184月2023 20:10:03.634] [main/DEBUG] [net.minecraftforge.coremod.CoreModEngine/COREMOD]: CoreMod loaded successfully
[184月2023 20:10:03.634] [main/DEBUG] [net.minecraftforge.coremod.CoreModEngine/COREMOD]: Loading CoreMod from coremods/registry_object_binary_compat.js
[184月2023 20:10:03.660] [main/DEBUG] [net.minecraftforge.coremod.CoreModEngine/COREMOD]: CoreMod loaded successfully
[184月2023 20:10:03.699] [main/DEBUG] [cpw.mods.modlauncher.TransformStore/MODLAUNCHER]: Adding transformer net.minecraftforge.coremod.transformer.CoreModClassTransformer@71926a36 to Target : CLASS {Lnet/minecraft/world/effect/MobEffectInstance;} {} {V}
[184月2023 20:10:03.701] [main/DEBUG] [cpw.mods.modlauncher.TransformStore/MODLAUNCHER]: Adding transformer net.minecraftforge.coremod.transformer.CoreModClassTransformer@1a6dc589 to Target : CLASS {Lnet/minecraft/world/level/block/LiquidBlock;} {} {V}
[184月2023 20:10:03.702] [main/DEBUG] [cpw.mods.modlauncher.TransformStore/MODLAUNCHER]: Adding transformer net.minecraftforge.coremod.transformer.CoreModClassTransformer@697a34af to Target : CLASS {Lnet/minecraft/world/item/BucketItem;} {} {V}
[184月2023 20:10:03.702] [main/DEBUG] [cpw.mods.modlauncher.TransformStore/MODLAUNCHER]: Adding transformer net.minecraftforge.coremod.transformer.CoreModClassTransformer@70211df5 to Target : CLASS {Lnet/minecraft/world/level/block/StairBlock;} {} {V}
[184月2023 20:10:03.702] [main/DEBUG] [cpw.mods.modlauncher.TransformStore/MODLAUNCHER]: Adding transformer net.minecraftforge.coremod.transformer.CoreModClassTransformer@4c5228e7 to Target : CLASS {Lnet/minecraft/world/level/block/FlowerPotBlock;} {} {V}
[184月2023 20:10:03.702] [main/DEBUG] [cpw.mods.modlauncher.TransformStore/MODLAUNCHER]: Adding transformer net.minecraftforge.coremod.transformer.CoreModClassTransformer@38e7ed69 to Target : CLASS {Lnet/minecraft/world/item/ItemStack;} {} {V}
[184月2023 20:10:03.702] [main/DEBUG] [cpw.mods.modlauncher.TransformStore/MODLAUNCHER]: Adding transformer net.minecraftforge.coremod.transformer.CoreModClassTransformer@806996 to Target : CLASS {Lnet/minecraft/network/play/client/CClientSettingsPacket;} {} {V}
[184月2023 20:10:03.703] [main/DEBUG] [cpw.mods.modlauncher.TransformStore/MODLAUNCHER]: Adding transformer net.minecraftforge.coremod.transformer.CoreModClassTransformer@78b612c6 to Target : CLASS {Lnet/minecraftforge/registries/RegistryObject;} {} {V}
[184月2023 20:10:03.703] [main/DEBUG] [cpw.mods.modlauncher.TransformationServiceDecorator/MODLAUNCHER]: Initialized transformers for transformation service fml
